2015.09.07 16:58 B D:\HTML-Programme\Bad Duerkheim\Homepage Bad Dürkheim\BD_03.06.2008\Mussbach\images\Orginale\Andreas.JPG --> www.Tangohaus.net /Mussbach/images/Orginale Andreas.JPG
2015.09.07 16:58 B D:\HTML-Programme\Bad Duerkheim\Homepage Bad Dürkheim\BD_03.06.2008\Mussbach\images\Orginale\FullSizeRender.jpg --> www.Tangohaus.net /Mussbach/images/Orginale FullSizeRender.jpg
2015.09.07 16:58 B D:\HTML-Programme\Bad Duerkheim\Homepage Bad Dürkheim\BD_03.06.2008\Mussbach\images\Orginale\homeBerbeitet.psd --> www.Tangohaus.net /Mussbach/images/Orginale homeBerbeitet.psd
2015.09.07 16:58 B D:\HTML-Programme\Bad Duerkheim\Homepage Bad Dürkheim\BD_03.06.2008\Mussbach\images\Orginale\IMG_3081.JPG --> www.Tangohaus.net /Mussbach/images/Orginale IMG_3081.JPG
2015.09.07 16:58 B D:\HTML-Programme\Bad Duerkheim\Homepage Bad Dürkheim\BD_03.06.2008\Mussbach\images\Orginale\impressum.jpg --> www.Tangohaus.net /Mussbach/images/Orginale impressum.jpg
2015.09.07 16:58 B D:\HTML-Programme\Bad Duerkheim\Homepage Bad Dürkheim\BD_03.06.2008\Mussbach\images\Orginale\Impressum4.gif --> www.Tangohaus.net /Mussbach/images/Orginale Impressum4.gif
2015.09.07 16:58 B D:\HTML-Programme\Bad Duerkheim\Homepage Bad Dürkheim\BD_03.06.2008\Mussbach\images\Orginale\LOgo_2.psd --> www.Tangohaus.net /Mussbach/images/Orginale LOgo_2.psd
2015.09.07 16:58 B D:\HTML-Programme\Bad Duerkheim\Homepage Bad Dürkheim\BD_03.06.2008\Mussbach\images\Orginale\O-Tango-Argentino-in-der-KHG-in-Muenchen.gif --> www.Tangohaus.net /Mussbach/images/Orginale O-Tango-Argentino-in-der-KHG-in-Muenchen.gif
2015.09.07 16:58 B D:\HTML-Programme\Bad Duerkheim\Homepage Bad Dürkheim\BD_03.06.2008\Mussbach\images\Orginale\Poster_COD.pdf --> www.Tangohaus.net /Mussbach/images/Orginale Poster_COD.pdf
2015.09.07 16:58 B D:\HTML-Programme\Bad Duerkheim\Homepage Bad Dürkheim\BD_03.06.2008\Mussbach\images\Orginale\svenYsaska 070.jpg --> www.Tangohaus.net /Mussbach/images/Orginale svenYsaska 070.jpg
2015.09.07 16:58 B D:\HTML-Programme\Bad Duerkheim\Homepage Bad Dürkheim\BD_03.06.2008\Mussbach\images\Orginale\tangopaar.jpg --> www.Tangohaus.net /Mussbach/images/Orginale tangopaar.jpg
2015.09.07 16:58 B D:\HTML-Programme\Bad Duerkheim\Homepage Bad Dürkheim\BD_03.06.2008\Mussbach\images\Orginale\Vera.jpg --> www.Tangohaus.net /Mussbach/images/Orginale Vera.jpg
2015.09.07 16:58 B D:\HTML-Programme\Bad Duerkheim\Homepage Bad Dürkheim\BD_03.06.2008\Mussbach\images\Orginale\Tangopaar_gif.gif --> www.Tangohaus.net /Mussbach/images/Orginale Tangopaar_gif.gif
2015.09.07 16:58 B D:\HTML-Programme\Bad Duerkheim\Homepage Bad Dürkheim\BD_03.06.2008\Mussbach\images\Orginale\tango.gif --> www.Tangohaus.net /Mussbach/images/Orginale tango.gif
2015.09.07 16:58 B D:\HTML-Programme\Bad Duerkheim\Homepage Bad Dürkheim\BD_03.06.2008\Mussbach\images\Orginale\Saska_mit_Homer.jpg --> www.Tangohaus.net /Mussbach/images/Orginale Saska_mit_Homer.jpg
2015.09.07 16:58 B D:\HTML-Programme\Bad Duerkheim\Homepage Bad Dürkheim\BD_03.06.2008\Mussbach\images\Orginale\Orginal.jpg --> www.Tangohaus.net /Mussbach/images/Orginale Orginal.jpg
2015.09.07 16:58 B D:\HTML-Programme\Bad Duerkheim\Homepage Bad Dürkheim\BD_03.06.2008\Mussbach\images\Orginale\LV_Pose_160_203_transparent.gif --> www.Tangohaus.net /Mussbach/images/Orginale LV_Pose_160_203_transparent.gif
2015.09.07 16:58 B D:\HTML-Programme\Bad Duerkheim\Homepage Bad Dürkheim\BD_03.06.2008\Mussbach\images\Orginale\Kopf_ganz.jpg --> www.Tangohaus.net /Mussbach/images/Orginale Kopf_ganz.jpg
2015.09.07 16:58 B D:\HTML-Programme\Bad Duerkheim\Homepage Bad Dürkheim\BD_03.06.2008\Mussbach\images\Orginale\Impressum1.gif --> www.Tangohaus.net /Mussbach/images/Orginale Impressum1.gif
2015.09.07 16:58 B D:\HTML-Programme\Bad Duerkheim\Homepage Bad Dürkheim\BD_03.06.2008\Mussbach\images\Orginale\IMG_3082.JPG --> www.Tangohaus.net /Mussbach/images/Orginale IMG_3082.JPG
2015.09.07 16:58 B D:\HTML-Programme\Bad Duerkheim\Homepage Bad Dürkheim\BD_03.06.2008\Mussbach\images\Orginale\HomeFoto_Orginal.jpg --> www.Tangohaus.net /Mussbach/images/Orginale HomeFoto_Orginal.jpg
2015.09.07 16:58 B D:\HTML-Programme\Bad Duerkheim\Homepage Bad Dürkheim\BD_03.06.2008\Mussbach\images\Orginale\home.psd --> www.Tangohaus.net /Mussbach/images/Orginale home.psd
2015.09.07 16:58 B D:\HTML-Programme\Bad Duerkheim\Homepage Bad Dürkheim\BD_03.06.2008\Mussbach\images\Orginale\Andreas_alt.jpg --> www.Tangohaus.net /Mussbach/images/Orginale Andreas_alt.jpg
2015.09.17 22:50 B D:\HTML\Homepages\BD_03.06.2008\Mussbach\images\Orginale\WS_FTP.LOG --> www.Tangohaus.net /Mussbach/images/Orginale WS_FTP.LOG
