2015.09.07 17:02 B D:\HTML-Programme\Bad Duerkheim\Homepage Bad Dürkheim\BD_03.06.2008\Mussbach\Java\jsImgSlider\themes\1\js-image-slider.css --> www.Tangohaus.net /Mussbach/Java/jsImgSlider/themes/1 js-image-slider.css
2015.09.07 17:02 B D:\HTML-Programme\Bad Duerkheim\Homepage Bad Dürkheim\BD_03.06.2008\Mussbach\Java\jsImgSlider\themes\1\js-image-slider.js --> www.Tangohaus.net /Mussbach/Java/jsImgSlider/themes/1 js-image-slider.js
2015.09.07 17:02 B D:\HTML-Programme\Bad Duerkheim\Homepage Bad Dürkheim\BD_03.06.2008\Mussbach\Java\jsImgSlider\themes\1\loading.gif --> www.Tangohaus.net /Mussbach/Java/jsImgSlider/themes/1 loading.gif
2015.09.07 17:02 B D:\HTML-Programme\Bad Duerkheim\Homepage Bad Dürkheim\BD_03.06.2008\Mussbach\Java\jsImgSlider\themes\1\bullet.png --> www.Tangohaus.net /Mussbach/Java/jsImgSlider/themes/1 bullet.png
2015.09.17 22:50 B D:\HTML\Homepages\BD_03.06.2008\Mussbach\Java\jsImgSlider\themes\1\WS_FTP.LOG --> www.Tangohaus.net /Mussbach/Java/jsImgSlider/themes/1 WS_FTP.LOG
2015.09.22 23:50 B D:\HTML\Homepages\BD_03.06.2008\Mussbach_2\home_Slider\bullet.png --> www.Tangohaus.net /Neustadt/home_Slider bullet.png
2015.09.22 23:50 B D:\HTML\Homepages\BD_03.06.2008\Mussbach_2\home_Slider\js-image-slider.css --> www.Tangohaus.net /Neustadt/home_Slider js-image-slider.css
2015.09.22 23:50 B D:\HTML\Homepages\BD_03.06.2008\Mussbach_2\home_Slider\js-image-slider.js --> www.Tangohaus.net /Neustadt/home_Slider js-image-slider.js
2015.09.22 23:50 B D:\HTML\Homepages\BD_03.06.2008\Mussbach_2\home_Slider\loading.gif --> www.Tangohaus.net /Neustadt/home_Slider loading.gif
2015.09.24 00:06 B C:\Users\Eva\Desktop\HTML\BD_03.06.2008\Mussbach_2\home_Slider\js-image-slider.css --> www.Tangohaus.net /Neustadt/home_Slider js-image-slider.css
2015.09.24 16:21 B D:\HTML\Homepages\BD_03.06.2008\Mussbach_2\home_Slider\js-image-slider.css --> www.Tangohaus.net /Neustadt/home_Slider js-image-slider.css
2015.09.24 16:37 B D:\HTML\Homepages\BD_03.06.2008\Mussbach_2\home_Slider\js-image-slider.css --> www.Tangohaus.net /Neustadt/home_Slider js-image-slider.css
2015.09.25 14:24 B D:\HTML\Homepages\BD_03.06.2008\Mussbach_2\home_Slider\js-image-slider.js --> www.Tangohaus.net /Neustadt/home_Slider js-image-slider.js
2015.09.25 14:24 B D:\HTML\Homepages\BD_03.06.2008\Mussbach_2\home_Slider\js-image-slider.css --> www.Tangohaus.net /Neustadt/home_Slider js-image-slider.css
2015.09.25 14:24 B D:\HTML\Homepages\BD_03.06.2008\Mussbach_2\home_Slider\js-image-slider_home.css --> www.Tangohaus.net /Neustadt/home_Slider js-image-slider_home.css
2015.09.25 14:28 B D:\HTML\Homepages\BD_03.06.2008\Mussbach_2\home_Slider\js-image-slider.css --> www.Tangohaus.net /Neustadt/home_Slider js-image-slider.css
2015.09.26 16:32 B C:\Users\Eva\Desktop\HTML\BD_03.06.2008\Mussbach_2\home_Slider\js-image-slider.css --> www.Tangohaus.net /Neustadt/home_Slider js-image-slider.css
2015.09.26 16:32 B C:\Users\Eva\Desktop\HTML\BD_03.06.2008\Mussbach_2\home_Slider\js-image-slider_home.css --> www.Tangohaus.net /Neustadt/home_Slider js-image-slider_home.css
2015.09.27 16:11 B D:\HTML-Programme\Bad Duerkheim\Homepage Bad Dürkheim\BD_03.06.2008\Mussbach_2\home_Slider\js-image-slider_home.css --> tango-neustadt.de /Neustadt/home_Slider js-image-slider_home.css
2015.09.27 23:47 B D:\HTML-Programme\Bad Duerkheim\Homepage Bad Dürkheim\BD_03.06.2008\Mussbach_2\home_Slider\js-image-slider.css --> tango-neustadt.de /Neustadt/home_Slider js-image-slider.css
2015.09.27 23:47 B D:\HTML-Programme\Bad Duerkheim\Homepage Bad Dürkheim\BD_03.06.2008\Mussbach_2\home_Slider\js-image-slider_home.css --> tango-neustadt.de /Neustadt/home_Slider js-image-slider_home.css
