2009.11.02 12:01 B I:\Daten\2009\13.10.2009\HTML-Programme\TangoRevolution.de\Java\Email_verstecken.js --> www.showtango.de /www/TangoRevolution/Java Email_verstecken.js
2009.11.02 12:01 B I:\Daten\2009\13.10.2009\HTML-Programme\TangoRevolution.de\Java\fenster.js --> www.showtango.de /www/TangoRevolution/Java fenster.js
2009.11.02 12:01 B I:\Daten\2009\13.10.2009\HTML-Programme\TangoRevolution.de\Java\Layer_Link.js --> www.showtango.de /www/TangoRevolution/Java Layer_Link.js
2009.11.02 23:56 B I:\Daten\2009\13.10.2009\HTML-Programme\TangoRevolution.de\Java\Layer_Link.js --> www.TangoRevolution.de /www/Java Layer_Link.js
2009.11.02 23:56 B I:\Daten\2009\13.10.2009\HTML-Programme\TangoRevolution.de\Java\fenster.js --> www.TangoRevolution.de /www/Java fenster.js
2009.11.02 23:56 B I:\Daten\2009\13.10.2009\HTML-Programme\TangoRevolution.de\Java\Email_verstecken.js --> www.TangoRevolution.de /www/Java Email_verstecken.js
2009.11.03 01:07 B I:\Daten\2009\13.10.2009\HTML-Programme\TangoRevolution.de\Java\fenster2.js --> www.TangoRevolution.de /www/Java fenster2.js
2015.09.07 17:02 B D:\HTML-Programme\Bad Duerkheim\Homepage Bad Dürkheim\BD_03.06.2008\Mussbach\Java\fenster.js --> www.Tangohaus.net /Mussbach/Java fenster.js
2015.09.07 17:02 B D:\HTML-Programme\Bad Duerkheim\Homepage Bad Dürkheim\BD_03.06.2008\Mussbach\Java\red.gif --> www.Tangohaus.net /Mussbach/Java red.gif
2015.09.07 17:02 B D:\HTML-Programme\Bad Duerkheim\Homepage Bad Dürkheim\BD_03.06.2008\Mussbach\Java\Layer_Link.js --> www.Tangohaus.net /Mussbach/Java Layer_Link.js
2015.09.07 17:02 B D:\HTML-Programme\Bad Duerkheim\Homepage Bad Dürkheim\BD_03.06.2008\Mussbach\Java\fenster2.js --> www.Tangohaus.net /Mussbach/Java fenster2.js
2015.09.07 17:02 B D:\HTML-Programme\Bad Duerkheim\Homepage Bad Dürkheim\BD_03.06.2008\Mussbach\Java\Email_verstecken.js --> www.Tangohaus.net /Mussbach/Java Email_verstecken.js
2015.09.17 22:50 B D:\HTML\Homepages\BD_03.06.2008\Mussbach\Java\jsImgSlider.zip --> www.Tangohaus.net /Mussbach/Java jsImgSlider.zip
2015.09.17 22:50 B D:\HTML\Homepages\BD_03.06.2008\Mussbach\Java\WS_FTP.LOG --> www.Tangohaus.net /Mussbach/Java WS_FTP.LOG
2015.09.17 22:50 B D:\HTML\Homepages\BD_03.06.2008\Mussbach\Java\schliessen.js --> www.Tangohaus.net /Mussbach/Java schliessen.js
2015.09.17 22:50 B D:\HTML\Homepages\BD_03.06.2008\Mussbach\Java\rechteMausTaste.js --> www.Tangohaus.net /Mussbach/Java rechteMausTaste.js
2015.09.18 02:16 B D:\HTML\Homepages\BD_03.06.2008\Mussbach\Java\Email_verstecken.js --> www.Tangohaus.net /Mussbach/Java Email_verstecken.js
2015.09.21 18:47 B D:\HTML-Programme\Bad Duerkheim\Homepage Bad Dürkheim\BD_03.06.2008\Mussbach_2\Java\Email_verstecken.js --> tango-neustadt.de /Neustadt/images/Java Email_verstecken.js
2015.09.21 18:50 B D:\HTML-Programme\Bad Duerkheim\Homepage Bad Dürkheim\BD_03.06.2008\Mussbach_2\Java\fenster.js --> tango-neustadt.de /Neustadt/images/Java fenster.js
2015.09.21 18:50 B D:\HTML-Programme\Bad Duerkheim\Homepage Bad Dürkheim\BD_03.06.2008\Mussbach_2\Java\Layer_Link.js --> tango-neustadt.de /Neustadt/images/Java Layer_Link.js
2015.09.21 18:51 B D:\HTML-Programme\Bad Duerkheim\Homepage Bad Dürkheim\BD_03.06.2008\Mussbach_2\Java\red.gif --> tango-neustadt.de /Neustadt/images/Java red.gif
2015.09.21 18:51 B D:\HTML-Programme\Bad Duerkheim\Homepage Bad Dürkheim\BD_03.06.2008\Mussbach_2\Java\schliessen.js --> tango-neustadt.de /Neustadt/images/Java schliessen.js
2015.09.21 18:51 B D:\HTML-Programme\Bad Duerkheim\Homepage Bad Dürkheim\BD_03.06.2008\Mussbach_2\Java\vollbild.js --> tango-neustadt.de /Neustadt/images/Java vollbild.js
2015.09.21 18:58 B D:\HTML-Programme\Bad Duerkheim\Homepage Bad Dürkheim\BD_03.06.2008\Mussbach_2\Java\fenster.js --> tango-neustadt.de /Neustadt/Java fenster.js
2015.09.21 18:58 B D:\HTML-Programme\Bad Duerkheim\Homepage Bad Dürkheim\BD_03.06.2008\Mussbach_2\Java\Layer_Link.js --> tango-neustadt.de /Neustadt/Java Layer_Link.js
2015.09.21 18:58 B D:\HTML-Programme\Bad Duerkheim\Homepage Bad Dürkheim\BD_03.06.2008\Mussbach_2\Java\schliessen.js --> tango-neustadt.de /Neustadt/Java schliessen.js
2015.09.21 18:58 B D:\HTML-Programme\Bad Duerkheim\Homepage Bad Dürkheim\BD_03.06.2008\Mussbach_2\Java\vollbild.js --> tango-neustadt.de /Neustadt/Java vollbild.js
2015.09.21 18:58 B D:\HTML-Programme\Bad Duerkheim\Homepage Bad Dürkheim\BD_03.06.2008\Mussbach_2\Java\red.gif --> tango-neustadt.de /Neustadt/Java red.gif
2015.09.21 18:58 B D:\HTML-Programme\Bad Duerkheim\Homepage Bad Dürkheim\BD_03.06.2008\Mussbach_2\Java\Email_verstecken.js --> tango-neustadt.de /Neustadt/Java Email_verstecken.js
