2008.05.21 19:50 B E:\HTML-Programme\Bad Duerkheim\BD_19.05.2008\images\bgin.jpg --> www.Tango-Speyer.de /www.tango-speyer.de/test/images bgin.jpg
2008.05.21 19:50 B E:\HTML-Programme\Bad Duerkheim\BD_19.05.2008\images\bgmain.jpg --> www.Tango-Speyer.de /www.tango-speyer.de/test/images bgmain.jpg
2008.05.21 19:50 B E:\HTML-Programme\Bad Duerkheim\BD_19.05.2008\images\black.gif --> www.Tango-Speyer.de /www.tango-speyer.de/test/images black.gif
2008.05.21 19:50 B E:\HTML-Programme\Bad Duerkheim\BD_19.05.2008\images\black30.png --> www.Tango-Speyer.de /www.tango-speyer.de/test/images black30.png
2008.05.21 19:50 B E:\HTML-Programme\Bad Duerkheim\BD_19.05.2008\images\black60.png --> www.Tango-Speyer.de /www.tango-speyer.de/test/images black60.png
2008.05.21 19:50 B E:\HTML-Programme\Bad Duerkheim\BD_19.05.2008\images\button_bsp2.jpg --> www.Tango-Speyer.de /www.tango-speyer.de/test/images button_bsp2.jpg
2008.05.21 19:50 B E:\HTML-Programme\Bad Duerkheim\BD_19.05.2008\images\format.css --> www.Tango-Speyer.de /www.tango-speyer.de/test/images format.css
2008.05.21 19:50 B E:\HTML-Programme\Bad Duerkheim\BD_19.05.2008\images\fuss.jpg --> www.Tango-Speyer.de /www.tango-speyer.de/test/images fuss.jpg
2008.05.21 19:50 B E:\HTML-Programme\Bad Duerkheim\BD_19.05.2008\images\fuss2.gif --> www.Tango-Speyer.de /www.tango-speyer.de/test/images fuss2.gif
2008.05.21 19:50 B E:\HTML-Programme\Bad Duerkheim\BD_19.05.2008\images\Gala2.jpg --> www.Tango-Speyer.de /www.tango-speyer.de/test/images Gala2.jpg
2008.05.21 19:50 B E:\HTML-Programme\Bad Duerkheim\BD_19.05.2008\images\Hintergrund2.jpg --> www.Tango-Speyer.de /www.tango-speyer.de/test/images Hintergrund2.jpg
2008.05.21 19:50 B E:\HTML-Programme\Bad Duerkheim\BD_19.05.2008\images\Hintergrund3.jpg --> www.Tango-Speyer.de /www.tango-speyer.de/test/images Hintergrund3.jpg
2008.05.21 19:50 B E:\HTML-Programme\Bad Duerkheim\BD_19.05.2008\images\lay_x.jpg --> www.Tango-Speyer.de /www.tango-speyer.de/test/images lay_x.jpg
2008.05.21 19:50 B E:\HTML-Programme\Bad Duerkheim\BD_19.05.2008\images\pixelspace.gif --> www.Tango-Speyer.de /www.tango-speyer.de/test/images pixelspace.gif
2008.05.21 19:50 B E:\HTML-Programme\Bad Duerkheim\BD_19.05.2008\images\Tanzlehrer.gif --> www.Tango-Speyer.de /www.tango-speyer.de/test/images Tanzlehrer.gif
2008.05.22 11:27 B E:\HTML-Programme\Bad Duerkheim\BD_19.05.2008\images\Hintergrund5.jpg --> www.Tango-Speyer.de /www.tango-speyer.de/test/images Hintergrund5.jpg
2008.05.23 22:08 B E:\HTML-Programme\Bad Duerkheim\BD_19.05.2008\images\Anmeldung3.gif --> www.Tango-Speyer.de /www.tango-speyer.de/test/images Anmeldung3.gif
2008.05.23 22:08 B E:\HTML-Programme\Bad Duerkheim\BD_19.05.2008\images\Anmeldung3_1.gif --> www.Tango-Speyer.de /www.tango-speyer.de/test/images Anmeldung3_1.gif
2008.05.23 22:09 B E:\HTML-Programme\Bad Duerkheim\BD_19.05.2008\images\Anmeldung3_2.gif --> www.Tango-Speyer.de /www.tango-speyer.de/test/images Anmeldung3_2.gif
2008.05.23 22:09 B E:\HTML-Programme\Bad Duerkheim\BD_19.05.2008\images\ausdrucken-1.gif --> www.Tango-Speyer.de /www.tango-speyer.de/test/images ausdrucken-1.gif
2008.05.23 22:09 B E:\HTML-Programme\Bad Duerkheim\BD_19.05.2008\images\ausdrucken-2.gif --> www.Tango-Speyer.de /www.tango-speyer.de/test/images ausdrucken-2.gif
2008.05.23 22:09 B E:\HTML-Programme\Bad Duerkheim\BD_19.05.2008\images\bgmain.jpg --> www.Tango-Speyer.de /www.tango-speyer.de/test/images bgmain.jpg
2008.05.23 22:09 B E:\HTML-Programme\Bad Duerkheim\BD_19.05.2008\images\black.gif --> www.Tango-Speyer.de /www.tango-speyer.de/test/images black.gif
2008.05.23 22:09 B E:\HTML-Programme\Bad Duerkheim\BD_19.05.2008\images\black30.png --> www.Tango-Speyer.de /www.tango-speyer.de/test/images black30.png
2008.05.23 22:09 B E:\HTML-Programme\Bad Duerkheim\BD_19.05.2008\images\black60.png --> www.Tango-Speyer.de /www.tango-speyer.de/test/images black60.png
2008.05.23 22:09 B E:\HTML-Programme\Bad Duerkheim\BD_19.05.2008\images\button_bsp2.jpg --> www.Tango-Speyer.de /www.tango-speyer.de/test/images button_bsp2.jpg
2008.05.23 22:09 B E:\HTML-Programme\Bad Duerkheim\BD_19.05.2008\images\Eva.jpg --> www.Tango-Speyer.de /www.tango-speyer.de/test/images Eva.jpg
2008.05.23 22:09 B E:\HTML-Programme\Bad Duerkheim\BD_19.05.2008\images\fuss.jpg --> www.Tango-Speyer.de /www.tango-speyer.de/test/images fuss.jpg
2008.05.23 22:09 B E:\HTML-Programme\Bad Duerkheim\BD_19.05.2008\images\fuss2.gif --> www.Tango-Speyer.de /www.tango-speyer.de/test/images fuss2.gif
2008.05.23 22:09 B E:\HTML-Programme\Bad Duerkheim\BD_19.05.2008\images\Gala2.jpg --> www.Tango-Speyer.de /www.tango-speyer.de/test/images Gala2.jpg
2008.05.23 22:09 B E:\HTML-Programme\Bad Duerkheim\BD_19.05.2008\images\Hintergrund3.jpg --> www.Tango-Speyer.de /www.tango-speyer.de/test/images Hintergrund3.jpg
2008.05.23 22:09 B E:\HTML-Programme\Bad Duerkheim\BD_19.05.2008\images\Hintergrund4.jpg --> www.Tango-Speyer.de /www.tango-speyer.de/test/images Hintergrund4.jpg
2008.05.23 22:09 B E:\HTML-Programme\Bad Duerkheim\BD_19.05.2008\images\Hintergrund5.jpg --> www.Tango-Speyer.de /www.tango-speyer.de/test/images Hintergrund5.jpg
2008.05.23 22:09 B E:\HTML-Programme\Bad Duerkheim\BD_19.05.2008\images\JuanTango.jpg --> www.Tango-Speyer.de /www.tango-speyer.de/test/images JuanTango.jpg
2008.05.23 22:09 B E:\HTML-Programme\Bad Duerkheim\BD_19.05.2008\images\Kontakt.jpg --> www.Tango-Speyer.de /www.tango-speyer.de/test/images Kontakt.jpg
2008.05.23 22:09 B E:\HTML-Programme\Bad Duerkheim\BD_19.05.2008\images\lay_y.jpg --> www.Tango-Speyer.de /www.tango-speyer.de/test/images lay_y.jpg
2008.05.23 22:09 B E:\HTML-Programme\Bad Duerkheim\BD_19.05.2008\images\logo.jpg --> www.Tango-Speyer.de /www.tango-speyer.de/test/images logo.jpg
2008.05.23 22:09 B E:\HTML-Programme\Bad Duerkheim\BD_19.05.2008\images\Metz.jpg --> www.Tango-Speyer.de /www.tango-speyer.de/test/images Metz.jpg
2008.05.23 22:09 B E:\HTML-Programme\Bad Duerkheim\BD_19.05.2008\images\pixelspace.gif --> www.Tango-Speyer.de /www.tango-speyer.de/test/images pixelspace.gif
2008.05.23 22:09 B E:\HTML-Programme\Bad Duerkheim\BD_19.05.2008\images\speyer.gif --> www.Tango-Speyer.de /www.tango-speyer.de/test/images speyer.gif
2008.05.23 22:09 B E:\HTML-Programme\Bad Duerkheim\BD_19.05.2008\images\Speyer_Map_1.gif --> www.Tango-Speyer.de /www.tango-speyer.de/test/images Speyer_Map_1.gif
2008.05.23 22:09 B E:\HTML-Programme\Bad Duerkheim\BD_19.05.2008\images\Speyer_Map_2.gif --> www.Tango-Speyer.de /www.tango-speyer.de/test/images Speyer_Map_2.gif
2008.05.23 22:09 B E:\HTML-Programme\Bad Duerkheim\BD_19.05.2008\images\Speyer_Map_3.gif --> www.Tango-Speyer.de /www.tango-speyer.de/test/images Speyer_Map_3.gif
2008.05.23 22:09 B E:\HTML-Programme\Bad Duerkheim\BD_19.05.2008\images\Speyer_Map_4.jpg --> www.Tango-Speyer.de /www.tango-speyer.de/test/images Speyer_Map_4.jpg
2008.05.23 22:09 B E:\HTML-Programme\Bad Duerkheim\BD_19.05.2008\images\Tangoshow.jpg --> www.Tango-Speyer.de /www.tango-speyer.de/test/images Tangoshow.jpg
2008.05.23 22:09 B E:\HTML-Programme\Bad Duerkheim\BD_19.05.2008\images\Tanzlehrer2.gif --> www.Tango-Speyer.de /www.tango-speyer.de/test/images Tanzlehrer2.gif
2008.05.23 22:09 B E:\HTML-Programme\Bad Duerkheim\BD_19.05.2008\images\Tanztribuene.jpg --> www.Tango-Speyer.de /www.tango-speyer.de/test/images Tanztribuene.jpg
2008.05.26 00:02 B E:\HTML-Programme\Bad Duerkheim\BD_19.05.2008\images\Anmeldung3_2.gif --> www.tangohaus.net /www.tangohaus.net/images Anmeldung3_2.gif
2008.05.26 00:02 B E:\HTML-Programme\Bad Duerkheim\BD_19.05.2008\images\ausdrucken-1.gif --> www.tangohaus.net /www.tangohaus.net/images ausdrucken-1.gif
2008.05.26 00:02 B E:\HTML-Programme\Bad Duerkheim\BD_19.05.2008\images\ausdrucken-2.gif --> www.tangohaus.net /www.tangohaus.net/images ausdrucken-2.gif
2008.05.26 00:02 B E:\HTML-Programme\Bad Duerkheim\BD_19.05.2008\images\bgmain.jpg --> www.tangohaus.net /www.tangohaus.net/images bgmain.jpg
2008.05.26 00:02 B E:\HTML-Programme\Bad Duerkheim\BD_19.05.2008\images\black.gif --> www.tangohaus.net /www.tangohaus.net/images black.gif
2008.05.26 00:02 B E:\HTML-Programme\Bad Duerkheim\BD_19.05.2008\images\black30.png --> www.tangohaus.net /www.tangohaus.net/images black30.png
2008.05.26 00:02 B E:\HTML-Programme\Bad Duerkheim\BD_19.05.2008\images\black60.png --> www.tangohaus.net /www.tangohaus.net/images black60.png
2008.05.26 00:02 B E:\HTML-Programme\Bad Duerkheim\BD_19.05.2008\images\Eva.jpg --> www.tangohaus.net /www.tangohaus.net/images Eva.jpg
2008.05.26 00:02 B E:\HTML-Programme\Bad Duerkheim\BD_19.05.2008\images\fuss.jpg --> www.tangohaus.net /www.tangohaus.net/images fuss.jpg
2008.05.26 00:02 B E:\HTML-Programme\Bad Duerkheim\BD_19.05.2008\images\fuss2.gif --> www.tangohaus.net /www.tangohaus.net/images fuss2.gif
2008.05.26 00:02 B E:\HTML-Programme\Bad Duerkheim\BD_19.05.2008\images\Gala2.jpg --> www.tangohaus.net /www.tangohaus.net/images Gala2.jpg
2008.05.26 00:02 B E:\HTML-Programme\Bad Duerkheim\BD_19.05.2008\images\IconQuickTimePlayer.gif --> www.tangohaus.net /www.tangohaus.net/images IconQuickTimePlayer.gif
2008.05.26 00:02 B E:\HTML-Programme\Bad Duerkheim\BD_19.05.2008\images\IconRealPlayer.gif --> www.tangohaus.net /www.tangohaus.net/images IconRealPlayer.gif
2008.05.26 00:02 B E:\HTML-Programme\Bad Duerkheim\BD_19.05.2008\images\IconWmvPlayer.gif --> www.tangohaus.net /www.tangohaus.net/images IconWmvPlayer.gif
2008.05.26 00:02 B E:\HTML-Programme\Bad Duerkheim\BD_19.05.2008\images\JuanTango2.jpg --> www.tangohaus.net /www.tangohaus.net/images JuanTango2.jpg
2008.05.26 00:02 B E:\HTML-Programme\Bad Duerkheim\BD_19.05.2008\images\Kontakt.jpg --> www.tangohaus.net /www.tangohaus.net/images Kontakt.jpg
2008.05.26 00:02 B E:\HTML-Programme\Bad Duerkheim\BD_19.05.2008\images\lay_y.jpg --> www.tangohaus.net /www.tangohaus.net/images lay_y.jpg
2008.05.26 00:02 B E:\HTML-Programme\Bad Duerkheim\BD_19.05.2008\images\Metz.jpg --> www.tangohaus.net /www.tangohaus.net/images Metz.jpg
2008.05.26 00:02 B E:\HTML-Programme\Bad Duerkheim\BD_19.05.2008\images\pixelspace.gif --> www.tangohaus.net /www.tangohaus.net/images pixelspace.gif
2008.05.26 00:02 B E:\HTML-Programme\Bad Duerkheim\BD_19.05.2008\images\speyer.gif --> www.tangohaus.net /www.tangohaus.net/images speyer.gif
2008.05.26 00:02 B E:\HTML-Programme\Bad Duerkheim\BD_19.05.2008\images\Tangoshow.jpg --> www.tangohaus.net /www.tangohaus.net/images Tangoshow.jpg
2008.05.26 00:02 B E:\HTML-Programme\Bad Duerkheim\BD_19.05.2008\images\Tanzlehrer2.gif --> www.tangohaus.net /www.tangohaus.net/images Tanzlehrer2.gif
2008.05.26 00:02 B E:\HTML-Programme\Bad Duerkheim\BD_19.05.2008\images\Tanztribuene.jpg --> www.tangohaus.net /www.tangohaus.net/images Tanztribuene.jpg
2008.05.26 00:02 B E:\HTML-Programme\Bad Duerkheim\BD_19.05.2008\images\logo.jpg --> www.tangohaus.net /www.tangohaus.net/images logo.jpg
2008.06.04 16:17 B E:\HTML-Programme\Bad Duerkheim\Homepage Bad Dürkheim\BD_03.06.2008\images\Tanzhaus.jpg --> www.Tangohaus.net /www.Tangohaus.net/images Tanzhaus.jpg
2008.06.06 11:38 B E:\HTML-Programme\Bad Duerkheim\Homepage Bad Dürkheim\BD_03.06.2008\images\index.jpg --> www.Tangohaus.net /www.Tangohaus.net/images index.jpg
2008.06.06 11:38 B E:\HTML-Programme\Bad Duerkheim\Homepage Bad Dürkheim\BD_03.06.2008\images\Workshop.jpg --> www.Tangohaus.net /www.Tangohaus.net/images Workshop.jpg
2008.06.06 11:38 B E:\HTML-Programme\Bad Duerkheim\Homepage Bad Dürkheim\BD_03.06.2008\images\Uebungsabend.jpg --> www.Tangohaus.net /www.Tangohaus.net/images Uebungsabend.jpg
2008.06.06 11:38 B E:\HTML-Programme\Bad Duerkheim\Homepage Bad Dürkheim\BD_03.06.2008\images\Milonga.jpg --> www.Tangohaus.net /www.Tangohaus.net/images Milonga.jpg
2008.06.06 15:12 B E:\HTML-Programme\Bad Duerkheim\Homepage Bad Dürkheim\BD_03.06.2008\images\kurse.gif --> www.Tangohaus.net /www.Tangohaus.net/images kurse.gif
2008.06.07 02:54 B E:\HTML-Programme\Bad Duerkheim\Homepage Bad Dürkheim\BD_03.06.2008\images\Anmeldung_gross.jpg --> www.Tangohaus.net /www.Tangohaus.net/images Anmeldung_gross.jpg
2008.06.07 02:54 B E:\HTML-Programme\Bad Duerkheim\Homepage Bad Dürkheim\BD_03.06.2008\images\index_gross.jpg --> www.Tangohaus.net /www.Tangohaus.net/images index_gross.jpg
2008.06.07 02:54 B E:\HTML-Programme\Bad Duerkheim\Homepage Bad Dürkheim\BD_03.06.2008\images\Links_gross.jpg --> www.Tangohaus.net /www.Tangohaus.net/images Links_gross.jpg
2008.06.07 02:54 B E:\HTML-Programme\Bad Duerkheim\Homepage Bad Dürkheim\BD_03.06.2008\images\Milonga_gross.gif --> www.Tangohaus.net /www.Tangohaus.net/images Milonga_gross.gif
2008.06.07 02:55 B E:\HTML-Programme\Bad Duerkheim\Homepage Bad Dürkheim\BD_03.06.2008\images\Uebungsabend_gross.jpg --> www.Tangohaus.net /www.Tangohaus.net/images Uebungsabend_gross.jpg
2008.06.07 02:55 B E:\HTML-Programme\Bad Duerkheim\Homepage Bad Dürkheim\BD_03.06.2008\images\Links.jpg --> www.Tangohaus.net /www.Tangohaus.net/images Links.jpg
2008.06.07 02:57 B E:\HTML-Programme\Bad Duerkheim\Homepage Bad Dürkheim\BD_03.06.2008\images\Links.jpg --> www.Tangohaus.net /www.Tangohaus.net/images Links.jpg
2008.06.07 10:23 B E:\HTML-Programme\Bad Duerkheim\Homepage Bad Dürkheim\BD_03.06.2008\images\Kontakt_gross.jpg --> www.Tangohaus.net /www.Tangohaus.net/images Kontakt_gross.jpg
2008.06.07 11:30 B E:\HTML-Programme\Bad Duerkheim\Homepage Bad Dürkheim\BD_03.06.2008\images\michaela.jpg --> www.Tangohaus.net /www.Tangohaus.net/images michaela.jpg
2008.06.07 11:30 B E:\HTML-Programme\Bad Duerkheim\Homepage Bad Dürkheim\BD_03.06.2008\images\michaela2.jpg --> www.Tangohaus.net /www.Tangohaus.net/images michaela2.jpg
2008.07.02 00:36 B E:\HTML-Programme\Bad Duerkheim\Homepage Bad Dürkheim\BD_03.06.2008\images\Index2.jpg --> www.Tangohaus.net /www.Tangohaus.net Index2.jpg
2008.07.02 00:36 B E:\HTML-Programme\Bad Duerkheim\Homepage Bad Dürkheim\BD_03.06.2008\images\Index2_gross.jpg --> www.Tangohaus.net /www.Tangohaus.net Index2_gross.jpg
2008.07.02 00:42 B E:\HTML-Programme\Bad Duerkheim\Homepage Bad Dürkheim\BD_03.06.2008\images\Index2.jpg --> www.Tangohaus.net /www.Tangohaus.net/images Index2.jpg
2008.07.02 00:42 B E:\HTML-Programme\Bad Duerkheim\Homepage Bad Dürkheim\BD_03.06.2008\images\Index2_gross.jpg --> www.Tangohaus.net /www.Tangohaus.net/images Index2_gross.jpg
2008.07.07 06:41 B E:\HTML-Programme\Bad Duerkheim\Homepage Bad Dürkheim\BD_03.06.2008\images\Index2.jpg --> www.Tangohaus.net /www.Tangohaus.net/images Index2.jpg
2008.07.07 06:41 B E:\HTML-Programme\Bad Duerkheim\Homepage Bad Dürkheim\BD_03.06.2008\images\Index2_gross.jpg --> www.Tangohaus.net /www.Tangohaus.net/images Index2_gross.jpg
2008.07.07 06:41 B E:\HTML-Programme\Bad Duerkheim\Homepage Bad Dürkheim\BD_03.06.2008\images\Tanzlehrer2.jpg --> www.Tangohaus.net /www.Tangohaus.net/images Tanzlehrer2.jpg
2008.07.07 06:41 B E:\HTML-Programme\Bad Duerkheim\Homepage Bad Dürkheim\BD_03.06.2008\images\Tanzlehrer2_gross.jpg --> www.Tangohaus.net /www.Tangohaus.net/images Tanzlehrer2_gross.jpg
2008.08.11 18:37 B E:\HTML-Programme\Bad Duerkheim\Homepage Bad Dürkheim\BD_03.06.2008\images\YogaUrkunde.bmp --> www.Tangohaus.net /www.Tangohaus.net/images YogaUrkunde.bmp
2008.08.15 12:25 B E:\HTML-Programme\Bad Duerkheim\Homepage Bad Dürkheim\BD_03.06.2008\images\lay_s.jpg --> www.Tangohaus.net /www.Tangohaus.net/images lay_s.jpg
2008.08.15 12:30 B E:\HTML-Programme\Bad Duerkheim\Homepage Bad Dürkheim\BD_03.06.2008\images\Symbol_klein.jpg --> www.Tangohaus.net /www.Tangohaus.net/images Symbol_klein.jpg
2008.08.15 12:33 B E:\HTML-Programme\Bad Duerkheim\Homepage Bad Dürkheim\BD_03.06.2008\images\Symbol.jpg --> www.Tangohaus.net /www.Tangohaus.net/images Symbol.jpg
2008.08.15 12:35 B E:\HTML-Programme\Bad Duerkheim\Homepage Bad Dürkheim\BD_03.06.2008\images\symbol_klein.tif --> www.Tangohaus.net /www.Tangohaus.net/images symbol_klein.tif
2008.08.15 12:37 B E:\HTML-Programme\Bad Duerkheim\Homepage Bad Dürkheim\BD_03.06.2008\images\Symbol_klein.jpg --> www.Tangohaus.net /www.Tangohaus.net/images Symbol_klein.jpg
2008.09.02 15:02 B E:\HTML-Programme\Bad Duerkheim\Homepage Bad Dürkheim\BD_03.06.2008\images\ElkeKlaus.jpg --> www.Tangohaus.net /www.Tangohaus.net/images ElkeKlaus.jpg
2008.09.03 13:38 B E:\HTML-Programme\Bad Duerkheim\Homepage Bad Dürkheim\BD_03.06.2008\images\Tanzhaus2.jpg --> www.Tangohaus.net /www.Tangohaus.net/images Tanzhaus2.jpg
2008.09.03 13:52 B E:\HTML-Programme\Bad Duerkheim\Homepage Bad Dürkheim\BD_03.06.2008\images\Tanzhaus5.jpg --> www.Tangohaus.net /www.Tangohaus.net/images Tanzhaus5.jpg
2008.09.03 13:52 B E:\HTML-Programme\Bad Duerkheim\Homepage Bad Dürkheim\BD_03.06.2008\images\Tanzhaus6.jpg --> www.Tangohaus.net /www.Tangohaus.net/images Tanzhaus6.jpg
2008.09.03 13:52 B E:\HTML-Programme\Bad Duerkheim\Homepage Bad Dürkheim\BD_03.06.2008\images\Tanzlehrer4.jpg --> www.Tangohaus.net /www.Tangohaus.net/images Tanzlehrer4.jpg
2008.09.03 13:52 B E:\HTML-Programme\Bad Duerkheim\Homepage Bad Dürkheim\BD_03.06.2008\images\Tanzlehrer3.jpg --> www.Tangohaus.net /www.Tangohaus.net/images Tanzlehrer3.jpg
2008.09.03 14:15 B E:\HTML-Programme\Bad Duerkheim\Homepage Bad Dürkheim\BD_03.06.2008\images\index3.jpg --> www.Tangohaus.net /www.Tangohaus.net/images index3.jpg
2008.09.03 19:26 B E:\HTML-Programme\Bad Duerkheim\Homepage Bad Dürkheim\BD_03.06.2008\images\index4.jpg --> www.Tangohaus.net /www.Tangohaus.net/images index4.jpg
2008.09.03 19:29 B E:\HTML-Programme\Bad Duerkheim\Homepage Bad Dürkheim\BD_03.06.2008\images\18_gross.jpg --> www.Tangohaus.net /www.Tangohaus.net/images 18_gross.jpg
2008.09.08 01:02 B E:\HTML-Programme\Bad Duerkheim\Homepage Bad Dürkheim\BD_03.06.2008\images\tango.jpg --> www.Tangohaus.net /www.Tangohaus.net/images tango.jpg
2008.09.09 02:07 B E:\HTML-Programme\Bad Duerkheim\Homepage Bad Dürkheim\BD_03.06.2008\images\Bar.jpg --> www.Tangohaus.net /www.Tangohaus.net/images Bar.jpg
2008.09.09 02:08 B E:\HTML-Programme\Bad Duerkheim\Homepage Bad Dürkheim\BD_03.06.2008\images\Tanzhaus3.jpg --> www.Tangohaus.net /www.Tangohaus.net/images Tanzhaus3.jpg
2008.09.22 09:24 B E:\HTML-Programme\Bad Duerkheim\Homepage Bad Dürkheim\BD_03.06.2008\images\Workshop.jpg --> www.Tangohaus.net /www.Tangohaus.net Workshop.jpg
2008.12.10 02:27 B E:\HTML-Programme\Bad Duerkheim\Homepage Bad Dürkheim\BD_03.06.2008\images\Saarlouis.gif --> www.Tangohaus.net /www.Tangohaus.net/images Saarlouis.gif
2009.08.22 09:18 B E:\HTML-Programme\Bad Duerkheim\Homepage Bad Dürkheim\BD_03.06.2008\images\IFK.jpg --> www.Tangohaus.net /www.Tangohaus.net/images IFK.jpg
2014.09.21 00:40 B D:\HTML-Programme\Bad Duerkheim\Homepage Bad Dürkheim\BD_03.06.2008\images\1.tif --> www.Tangohaus.net /images 1.tif
2014.09.21 00:40 B D:\HTML-Programme\Bad Duerkheim\Homepage Bad Dürkheim\BD_03.06.2008\images\18_gross.jpg --> www.Tangohaus.net /images 18_gross.jpg
2014.09.21 00:40 B D:\HTML-Programme\Bad Duerkheim\Homepage Bad Dürkheim\BD_03.06.2008\images\Anmeldung3_2.gif --> www.Tangohaus.net /images Anmeldung3_2.gif
2014.09.21 00:40 B D:\HTML-Programme\Bad Duerkheim\Homepage Bad Dürkheim\BD_03.06.2008\images\Anmeldung_gross.jpg --> www.Tangohaus.net /images Anmeldung_gross.jpg
2014.09.21 00:40 B D:\HTML-Programme\Bad Duerkheim\Homepage Bad Dürkheim\BD_03.06.2008\images\ausdrucken-1.gif --> www.Tangohaus.net /images ausdrucken-1.gif
2014.09.21 00:40 B D:\HTML-Programme\Bad Duerkheim\Homepage Bad Dürkheim\BD_03.06.2008\images\ausdrucken-2.gif --> www.Tangohaus.net /images ausdrucken-2.gif
2014.09.21 00:40 B D:\HTML-Programme\Bad Duerkheim\Homepage Bad Dürkheim\BD_03.06.2008\images\Bar.jpg --> www.Tangohaus.net /images Bar.jpg
2014.09.21 00:40 B D:\HTML-Programme\Bad Duerkheim\Homepage Bad Dürkheim\BD_03.06.2008\images\bgmain.jpg --> www.Tangohaus.net /images bgmain.jpg
2014.09.21 00:40 B D:\HTML-Programme\Bad Duerkheim\Homepage Bad Dürkheim\BD_03.06.2008\images\black.gif --> www.Tangohaus.net /images black.gif
2014.09.21 00:40 B D:\HTML-Programme\Bad Duerkheim\Homepage Bad Dürkheim\BD_03.06.2008\images\black30.png --> www.Tangohaus.net /images black30.png
2014.09.21 00:40 B D:\HTML-Programme\Bad Duerkheim\Homepage Bad Dürkheim\BD_03.06.2008\images\black60.png --> www.Tangohaus.net /images black60.png
2014.09.21 00:40 B D:\HTML-Programme\Bad Duerkheim\Homepage Bad Dürkheim\BD_03.06.2008\images\ElkeKlaus.jpg --> www.Tangohaus.net /images ElkeKlaus.jpg
2014.09.21 00:40 B D:\HTML-Programme\Bad Duerkheim\Homepage Bad Dürkheim\BD_03.06.2008\images\Eva.jpg --> www.Tangohaus.net /images Eva.jpg
2014.09.21 00:40 B D:\HTML-Programme\Bad Duerkheim\Homepage Bad Dürkheim\BD_03.06.2008\images\fuss.jpg --> www.Tangohaus.net /images fuss.jpg
2014.09.21 00:40 B D:\HTML-Programme\Bad Duerkheim\Homepage Bad Dürkheim\BD_03.06.2008\images\fuss2.gif --> www.Tangohaus.net /images fuss2.gif
2014.09.21 00:40 B D:\HTML-Programme\Bad Duerkheim\Homepage Bad Dürkheim\BD_03.06.2008\images\Gala2.jpg --> www.Tangohaus.net /images Gala2.jpg
2014.09.21 00:40 B D:\HTML-Programme\Bad Duerkheim\Homepage Bad Dürkheim\BD_03.06.2008\images\IconQuickTimePlayer.gif --> www.Tangohaus.net /images IconQuickTimePlayer.gif
2014.09.21 00:40 B D:\HTML-Programme\Bad Duerkheim\Homepage Bad Dürkheim\BD_03.06.2008\images\IconRealPlayer.gif --> www.Tangohaus.net /images IconRealPlayer.gif
2014.09.21 00:40 B D:\HTML-Programme\Bad Duerkheim\Homepage Bad Dürkheim\BD_03.06.2008\images\IconWmvPlayer.gif --> www.Tangohaus.net /images IconWmvPlayer.gif
2014.09.21 00:40 B D:\HTML-Programme\Bad Duerkheim\Homepage Bad Dürkheim\BD_03.06.2008\images\IFK.jpg --> www.Tangohaus.net /images IFK.jpg
2014.09.21 00:40 B D:\HTML-Programme\Bad Duerkheim\Homepage Bad Dürkheim\BD_03.06.2008\images\index.jpg --> www.Tangohaus.net /images index.jpg
2014.09.21 00:40 B D:\HTML-Programme\Bad Duerkheim\Homepage Bad Dürkheim\BD_03.06.2008\images\Index2.jpg --> www.Tangohaus.net /images Index2.jpg
2014.09.21 00:40 B D:\HTML-Programme\Bad Duerkheim\Homepage Bad Dürkheim\BD_03.06.2008\images\Index2_gross.jpg --> www.Tangohaus.net /images Index2_gross.jpg
2014.09.21 00:40 B D:\HTML-Programme\Bad Duerkheim\Homepage Bad Dürkheim\BD_03.06.2008\images\index4.jpg --> www.Tangohaus.net /images index4.jpg
2014.09.21 00:40 B D:\HTML-Programme\Bad Duerkheim\Homepage Bad Dürkheim\BD_03.06.2008\images\index_gross.jpg --> www.Tangohaus.net /images index_gross.jpg
2014.09.21 00:40 B D:\HTML-Programme\Bad Duerkheim\Homepage Bad Dürkheim\BD_03.06.2008\images\JuanTango2.jpg --> www.Tangohaus.net /images JuanTango2.jpg
2014.09.21 00:40 B D:\HTML-Programme\Bad Duerkheim\Homepage Bad Dürkheim\BD_03.06.2008\images\Kontakt.jpg --> www.Tangohaus.net /images Kontakt.jpg
2014.09.21 00:40 B D:\HTML-Programme\Bad Duerkheim\Homepage Bad Dürkheim\BD_03.06.2008\images\Kontakt_gross.jpg --> www.Tangohaus.net /images Kontakt_gross.jpg
2014.09.21 00:40 B D:\HTML-Programme\Bad Duerkheim\Homepage Bad Dürkheim\BD_03.06.2008\images\kurse.gif --> www.Tangohaus.net /images kurse.gif
2014.09.21 00:40 B D:\HTML-Programme\Bad Duerkheim\Homepage Bad Dürkheim\BD_03.06.2008\images\lay_s.jpg --> www.Tangohaus.net /images lay_s.jpg
2014.09.21 00:40 B D:\HTML-Programme\Bad Duerkheim\Homepage Bad Dürkheim\BD_03.06.2008\images\lay_y.jpg --> www.Tangohaus.net /images lay_y.jpg
2014.09.21 00:40 B D:\HTML-Programme\Bad Duerkheim\Homepage Bad Dürkheim\BD_03.06.2008\images\Links.jpg --> www.Tangohaus.net /images Links.jpg
2014.09.21 00:40 B D:\HTML-Programme\Bad Duerkheim\Homepage Bad Dürkheim\BD_03.06.2008\images\Links_gross.jpg --> www.Tangohaus.net /images Links_gross.jpg
2014.09.21 00:40 B D:\HTML-Programme\Bad Duerkheim\Homepage Bad Dürkheim\BD_03.06.2008\images\logo.jpg --> www.Tangohaus.net /images logo.jpg
2014.09.21 00:40 B D:\HTML-Programme\Bad Duerkheim\Homepage Bad Dürkheim\BD_03.06.2008\images\Metz.jpg --> www.Tangohaus.net /images Metz.jpg
2014.09.21 00:40 B D:\HTML-Programme\Bad Duerkheim\Homepage Bad Dürkheim\BD_03.06.2008\images\michaela.jpg --> www.Tangohaus.net /images michaela.jpg
2014.09.21 00:40 B D:\HTML-Programme\Bad Duerkheim\Homepage Bad Dürkheim\BD_03.06.2008\images\michaela2.jpg --> www.Tangohaus.net /images michaela2.jpg
2014.09.21 00:40 B D:\HTML-Programme\Bad Duerkheim\Homepage Bad Dürkheim\BD_03.06.2008\images\Milonga.jpg --> www.Tangohaus.net /images Milonga.jpg
2014.09.21 00:40 B D:\HTML-Programme\Bad Duerkheim\Homepage Bad Dürkheim\BD_03.06.2008\images\Milonga_gross.gif --> www.Tangohaus.net /images Milonga_gross.gif
2014.09.21 00:40 B D:\HTML-Programme\Bad Duerkheim\Homepage Bad Dürkheim\BD_03.06.2008\images\pixelspace.gif --> www.Tangohaus.net /images pixelspace.gif
2014.09.21 00:40 B D:\HTML-Programme\Bad Duerkheim\Homepage Bad Dürkheim\BD_03.06.2008\images\Saarlouis.gif --> www.Tangohaus.net /images Saarlouis.gif
2014.09.21 00:40 B D:\HTML-Programme\Bad Duerkheim\Homepage Bad Dürkheim\BD_03.06.2008\images\speyer.gif --> www.Tangohaus.net /images speyer.gif
2014.09.21 00:40 B D:\HTML-Programme\Bad Duerkheim\Homepage Bad Dürkheim\BD_03.06.2008\images\Symbol.doc --> www.Tangohaus.net /images Symbol.doc
2014.09.21 00:40 B D:\HTML-Programme\Bad Duerkheim\Homepage Bad Dürkheim\BD_03.06.2008\images\Symbol.jpg --> www.Tangohaus.net /images Symbol.jpg
2014.09.21 00:40 B D:\HTML-Programme\Bad Duerkheim\Homepage Bad Dürkheim\BD_03.06.2008\images\Symbol_klein.jpg --> www.Tangohaus.net /images Symbol_klein.jpg
2014.09.21 00:40 B D:\HTML-Programme\Bad Duerkheim\Homepage Bad Dürkheim\BD_03.06.2008\images\tango.jpg --> www.Tangohaus.net /images tango.jpg
2014.09.21 00:40 B D:\HTML-Programme\Bad Duerkheim\Homepage Bad Dürkheim\BD_03.06.2008\images\Tangoshow.jpg --> www.Tangohaus.net /images Tangoshow.jpg
2014.09.21 00:40 B D:\HTML-Programme\Bad Duerkheim\Homepage Bad Dürkheim\BD_03.06.2008\images\Tanzhaus.jpg --> www.Tangohaus.net /images Tanzhaus.jpg
2014.09.21 00:40 B D:\HTML-Programme\Bad Duerkheim\Homepage Bad Dürkheim\BD_03.06.2008\images\Tanzhaus2.jpg --> www.Tangohaus.net /images Tanzhaus2.jpg
2014.09.21 00:40 B D:\HTML-Programme\Bad Duerkheim\Homepage Bad Dürkheim\BD_03.06.2008\images\Tanzhaus3.jpg --> www.Tangohaus.net /images Tanzhaus3.jpg
2014.09.21 00:40 B D:\HTML-Programme\Bad Duerkheim\Homepage Bad Dürkheim\BD_03.06.2008\images\Tanzhaus5.jpg --> www.Tangohaus.net /images Tanzhaus5.jpg
2014.09.21 00:40 B D:\HTML-Programme\Bad Duerkheim\Homepage Bad Dürkheim\BD_03.06.2008\images\Tanzlehrer2.jpg --> www.Tangohaus.net /images Tanzlehrer2.jpg
2014.09.21 00:40 B D:\HTML-Programme\Bad Duerkheim\Homepage Bad Dürkheim\BD_03.06.2008\images\Tanzlehrer2_gross.jpg --> www.Tangohaus.net /images Tanzlehrer2_gross.jpg
2014.09.21 00:40 B D:\HTML-Programme\Bad Duerkheim\Homepage Bad Dürkheim\BD_03.06.2008\images\Tanzlehrer3.jpg --> www.Tangohaus.net /images Tanzlehrer3.jpg
2014.09.21 00:40 B D:\HTML-Programme\Bad Duerkheim\Homepage Bad Dürkheim\BD_03.06.2008\images\Tanzlehrer4.jpg --> www.Tangohaus.net /images Tanzlehrer4.jpg
2014.09.21 00:40 B D:\HTML-Programme\Bad Duerkheim\Homepage Bad Dürkheim\BD_03.06.2008\images\TanzlehrerHut.gif --> www.Tangohaus.net /images TanzlehrerHut.gif
2014.09.21 00:40 B D:\HTML-Programme\Bad Duerkheim\Homepage Bad Dürkheim\BD_03.06.2008\images\Tanztribuene.jpg --> www.Tangohaus.net /images Tanztribuene.jpg
2014.09.21 00:41 B D:\HTML-Programme\Bad Duerkheim\Homepage Bad Dürkheim\BD_03.06.2008\images\Thumbs.db --> www.Tangohaus.net /images Thumbs.db
2014.09.21 00:41 B D:\HTML-Programme\Bad Duerkheim\Homepage Bad Dürkheim\BD_03.06.2008\images\TransBalken.psd --> www.Tangohaus.net /images TransBalken.psd
2014.09.21 00:41 B D:\HTML-Programme\Bad Duerkheim\Homepage Bad Dürkheim\BD_03.06.2008\images\Uebungsabend.jpg --> www.Tangohaus.net /images Uebungsabend.jpg
2014.09.21 00:41 B D:\HTML-Programme\Bad Duerkheim\Homepage Bad Dürkheim\BD_03.06.2008\images\Uebungsabend_gross.jpg --> www.Tangohaus.net /images Uebungsabend_gross.jpg
2014.09.21 00:41 B D:\HTML-Programme\Bad Duerkheim\Homepage Bad Dürkheim\BD_03.06.2008\images\Workshop.jpg --> www.Tangohaus.net /images Workshop.jpg
2014.09.21 00:41 B D:\HTML-Programme\Bad Duerkheim\Homepage Bad Dürkheim\BD_03.06.2008\images\YogaUrkunde.bmp --> www.Tangohaus.net /images YogaUrkunde.bmp
2014.09.21 08:57 B D:\HTML-Programme\Bad Duerkheim\Homepage Bad Dürkheim\BD_03.06.2008\images\Tanzhaus6.jpg --> www.Tangohaus.net /images Tanzhaus6.jpg
