2009.11.10 14:26 B I:\Daten\2009\13.10.2009\HTML-Programme\TangoRevolution.de\Version_2\index.html --> www.TangoRevolution.de /www index.html
2009.11.10 15:16 B I:\Daten\2009\13.10.2009\HTML-Programme\TangoRevolution.de\Version_2\Anfahrt.html --> www.TangoRevolution.de /www Anfahrt.html
2009.11.10 15:16 B I:\Daten\2009\13.10.2009\HTML-Programme\TangoRevolution.de\Version_2\format.css --> www.TangoRevolution.de /www format.css
2009.11.10 15:16 B I:\Daten\2009\13.10.2009\HTML-Programme\TangoRevolution.de\Version_2\home.html --> www.TangoRevolution.de /www home.html
2009.11.10 15:16 B I:\Daten\2009\13.10.2009\HTML-Programme\TangoRevolution.de\Version_2\Impressum.html --> www.TangoRevolution.de /www Impressum.html
2009.11.10 15:16 B I:\Daten\2009\13.10.2009\HTML-Programme\TangoRevolution.de\Version_2\index.html --> www.TangoRevolution.de /www index.html
2009.11.10 15:16 B I:\Daten\2009\13.10.2009\HTML-Programme\TangoRevolution.de\Version_2\Kontakt.html --> www.TangoRevolution.de /www Kontakt.html
2009.11.10 15:16 B I:\Daten\2009\13.10.2009\HTML-Programme\TangoRevolution.de\Version_2\Links.html --> www.TangoRevolution.de /www Links.html
2009.11.10 15:16 B I:\Daten\2009\13.10.2009\HTML-Programme\TangoRevolution.de\Version_2\Milonga.html --> www.TangoRevolution.de /www Milonga.html
2009.11.10 15:16 B I:\Daten\2009\13.10.2009\HTML-Programme\TangoRevolution.de\Version_2\Praktika.html --> www.TangoRevolution.de /www Praktika.html
2009.11.10 15:16 B I:\Daten\2009\13.10.2009\HTML-Programme\TangoRevolution.de\Version_2\TangoFoto.html --> www.TangoRevolution.de /www TangoFoto.html
2009.11.10 15:16 B I:\Daten\2009\13.10.2009\HTML-Programme\TangoRevolution.de\Version_2\Tangokurse.html --> www.TangoRevolution.de /www Tangokurse.html
2009.11.10 15:16 B I:\Daten\2009\13.10.2009\HTML-Programme\TangoRevolution.de\Version_2\Ueberuns.html --> www.TangoRevolution.de /www Ueberuns.html
2009.11.10 15:16 B I:\Daten\2009\13.10.2009\HTML-Programme\TangoRevolution.de\Version_2\Workshop.html --> www.TangoRevolution.de /www Workshop.html
2009.11.10 15:16 B I:\Daten\2009\13.10.2009\HTML-Programme\TangoRevolution.de\Version_2\Baustelle.html --> www.TangoRevolution.de /www Baustelle.html
2009.11.10 15:24 B I:\Daten\2009\13.10.2009\HTML-Programme\TangoRevolution.de\Version_2\index.html --> www.TangoRevolution.de /www index.html
2009.11.10 15:35 B I:\Daten\2009\13.10.2009\HTML-Programme\TangoRevolution.de\Version_2\format.css --> www.TangoRevolution.de /www format.css
2009.11.10 15:37 B I:\Daten\2009\13.10.2009\HTML-Programme\TangoRevolution.de\Version_2\format.css --> www.TangoRevolution.de /www format.css
2009.11.10 15:51 B I:\Daten\2009\13.10.2009\HTML-Programme\TangoRevolution.de\Version_2\format.css --> www.TangoRevolution.de /www format.css
2009.11.10 15:53 B I:\Daten\2009\13.10.2009\HTML-Programme\TangoRevolution.de\Version_2\format.css --> www.TangoRevolution.de /www format.css
2009.11.10 16:08 B I:\Daten\2009\13.10.2009\HTML-Programme\TangoRevolution.de\Version_2\format.css --> www.TangoRevolution.de /www format.css
2009.11.10 17:05 B I:\Daten\2009\13.10.2009\HTML-Programme\TangoRevolution.de\Version_2\index.html --> www.TangoRevolution.de /www index.html
2009.11.10 17:05 B I:\Daten\2009\13.10.2009\HTML-Programme\TangoRevolution.de\Version_2\format.css --> www.TangoRevolution.de /www format.css
2009.11.10 17:06 B I:\Daten\2009\13.10.2009\HTML-Programme\TangoRevolution.de\Version_2\index.html --> www.TangoRevolution.de /www index.html
2009.11.11 01:57 B I:\Daten\2009\13.10.2009\HTML-Programme\TangoRevolution.de\Version_2\index.html --> www.TangoRevolution.de /www index.html
2009.11.11 01:57 B I:\Daten\2009\13.10.2009\HTML-Programme\TangoRevolution.de\Version_2\home.html --> www.TangoRevolution.de /www home.html
2009.11.11 01:57 B I:\Daten\2009\13.10.2009\HTML-Programme\TangoRevolution.de\Version_2\format.css --> www.TangoRevolution.de /www format.css
2009.11.11 01:59 B I:\Daten\2009\13.10.2009\HTML-Programme\TangoRevolution.de\Version_2\index.html --> www.TangoRevolution.de /www index.html
2009.11.11 02:04 B I:\Daten\2009\13.10.2009\HTML-Programme\TangoRevolution.de\Version_2\format.css --> www.TangoRevolution.de /www format.css
2009.11.11 02:21 B I:\Daten\2009\13.10.2009\HTML-Programme\TangoRevolution.de\Version_2\format.css --> www.TangoRevolution.de /www format.css
2009.11.11 02:21 B I:\Daten\2009\13.10.2009\HTML-Programme\TangoRevolution.de\Version_2\index.html --> www.TangoRevolution.de /www index.html
2009.11.11 12:13 B I:\Daten\2009\11.11.2009\HTML-Programme\TangoRevolution.de\Version_2\index.html --> www.TangoRevolution.de /www index.html
2009.11.11 12:13 B I:\Daten\2009\11.11.2009\HTML-Programme\TangoRevolution.de\Version_2\format.css --> www.TangoRevolution.de /www format.css
2009.11.11 12:14 B I:\Daten\2009\11.11.2009\HTML-Programme\TangoRevolution.de\Version_2\index.html --> www.TangoRevolution.de /www index.html
2009.11.11 13:34 B I:\Daten\2009\11.11.2009\HTML-Programme\TangoRevolution.de\Version_2\index.html --> www.TangoRevolution.de /www index.html
2009.11.11 13:34 B I:\Daten\2009\11.11.2009\HTML-Programme\TangoRevolution.de\Version_2\format.css --> www.TangoRevolution.de /www format.css
2009.11.11 13:37 B I:\Daten\2009\11.11.2009\HTML-Programme\TangoRevolution.de\Version_2\index.html --> www.TangoRevolution.de /www index.html
2009.11.11 13:37 B I:\Daten\2009\11.11.2009\HTML-Programme\TangoRevolution.de\Version_2\Kontakt.html --> www.TangoRevolution.de /www Kontakt.html
2009.11.11 14:19 B I:\Daten\2009\11.11.2009\HTML-Programme\TangoRevolution.de\Version_2\Baustelle.html --> www.TangoRevolution.de /www Baustelle.html
2009.11.11 14:19 B I:\Daten\2009\11.11.2009\HTML-Programme\TangoRevolution.de\Version_2\format.css --> www.TangoRevolution.de /www format.css
2009.11.11 14:19 B I:\Daten\2009\11.11.2009\HTML-Programme\TangoRevolution.de\Version_2\Impressum.html --> www.TangoRevolution.de /www Impressum.html
2009.11.11 14:19 B I:\Daten\2009\11.11.2009\HTML-Programme\TangoRevolution.de\Version_2\Kontakt.html --> www.TangoRevolution.de /www Kontakt.html
2009.11.11 14:19 B I:\Daten\2009\11.11.2009\HTML-Programme\TangoRevolution.de\Version_2\Milonga.html --> www.TangoRevolution.de /www Milonga.html
2009.11.11 14:19 B I:\Daten\2009\11.11.2009\HTML-Programme\TangoRevolution.de\Version_2\TangoFoto.html --> www.TangoRevolution.de /www TangoFoto.html
2009.11.11 14:19 B I:\Daten\2009\11.11.2009\HTML-Programme\TangoRevolution.de\Version_2\Ueberuns.html --> www.TangoRevolution.de /www Ueberuns.html
2009.11.11 14:19 B I:\Daten\2009\11.11.2009\HTML-Programme\TangoRevolution.de\Version_2\Workshop.html --> www.TangoRevolution.de /www Workshop.html
2009.11.11 14:19 B I:\Daten\2009\11.11.2009\HTML-Programme\TangoRevolution.de\Version_2\Tangokurse.html --> www.TangoRevolution.de /www Tangokurse.html
2009.11.11 14:19 B I:\Daten\2009\11.11.2009\HTML-Programme\TangoRevolution.de\Version_2\Praktika.html --> www.TangoRevolution.de /www Praktika.html
2009.11.11 14:19 B I:\Daten\2009\11.11.2009\HTML-Programme\TangoRevolution.de\Version_2\Links.html --> www.TangoRevolution.de /www Links.html
2009.11.11 14:19 B I:\Daten\2009\11.11.2009\HTML-Programme\TangoRevolution.de\Version_2\index.html --> www.TangoRevolution.de /www index.html
2009.11.11 14:19 B I:\Daten\2009\11.11.2009\HTML-Programme\TangoRevolution.de\Version_2\home.html --> www.TangoRevolution.de /www home.html
2009.11.11 14:19 B I:\Daten\2009\11.11.2009\HTML-Programme\TangoRevolution.de\Version_2\Anfahrt.html --> www.TangoRevolution.de /www Anfahrt.html
2009.11.11 14:20 B I:\Daten\2009\11.11.2009\HTML-Programme\TangoRevolution.de\Version_2\index.html --> www.TangoRevolution.de /www index.html
2009.11.11 14:21 B I:\Daten\2009\11.11.2009\HTML-Programme\TangoRevolution.de\Version_2\TangoFoto.html --> www.TangoRevolution.de /www TangoFoto.html
2009.11.11 14:22 B I:\Daten\2009\11.11.2009\HTML-Programme\TangoRevolution.de\Version_2\Links.html --> www.TangoRevolution.de /www Links.html
2009.11.11 14:24 B I:\Daten\2009\11.11.2009\HTML-Programme\TangoRevolution.de\Version_2\index.html --> www.TangoRevolution.de /www index.html
2009.11.11 14:25 B I:\Daten\2009\11.11.2009\HTML-Programme\TangoRevolution.de\Version_2\Anfahrt.html --> www.TangoRevolution.de /www Anfahrt.html
2009.11.16 01:08 B I:\Daten\2009\11.11.2009\HTML-Programme\TangoRevolution.de\Version_2\Ueberuns.html --> www.TangoRevolution.de /www Ueberuns.html
2009.11.16 01:08 B I:\Daten\2009\11.11.2009\HTML-Programme\TangoRevolution.de\Version_2\UeberTango.html --> www.TangoRevolution.de /www UeberTango.html
2009.11.16 01:08 B I:\Daten\2009\11.11.2009\HTML-Programme\TangoRevolution.de\Version_2\Praktika.html --> www.TangoRevolution.de /www Praktika.html
2009.11.16 01:08 B I:\Daten\2009\11.11.2009\HTML-Programme\TangoRevolution.de\Version_2\Baustelle.html --> www.TangoRevolution.de /www Baustelle.html
2009.11.16 01:08 B I:\Daten\2009\11.11.2009\HTML-Programme\TangoRevolution.de\Version_2\format.css --> www.TangoRevolution.de /www format.css
2009.11.16 01:09 B I:\Daten\2009\11.11.2009\HTML-Programme\TangoRevolution.de\Version_2\index.html --> www.TangoRevolution.de /www index.html
2009.11.16 01:09 B I:\Daten\2009\11.11.2009\HTML-Programme\TangoRevolution.de\Version_2\home.html --> www.TangoRevolution.de /www home.html
2009.11.16 01:09 B I:\Daten\2009\11.11.2009\HTML-Programme\TangoRevolution.de\Version_2\Unterricht.html --> www.TangoRevolution.de /www Unterricht.html
2009.11.16 09:14 B I:\Daten\2009\11.11.2009\HTML-Programme\TangoRevolution.de\Version_2\home.html --> www.TangoRevolution.de /www home.html
2009.11.16 09:17 B I:\Daten\2009\11.11.2009\HTML-Programme\TangoRevolution.de\Version_2\Unterricht.html --> www.TangoRevolution.de /www Unterricht.html
2009.11.16 10:13 B I:\Daten\2009\11.11.2009\HTML-Programme\TangoRevolution.de\Version_2\Kontakt.html --> www.TangoRevolution.de /www Kontakt.html
2009.11.16 10:13 B I:\Daten\2009\11.11.2009\HTML-Programme\TangoRevolution.de\Version_2\Unterricht.html --> www.TangoRevolution.de /www Unterricht.html
2009.11.16 10:13 B I:\Daten\2009\11.11.2009\HTML-Programme\TangoRevolution.de\Version_2\Links.html --> www.TangoRevolution.de /www Links.html
2009.11.16 10:15 B I:\Daten\2009\11.11.2009\HTML-Programme\TangoRevolution.de\Version_2\Ueberuns.html --> www.TangoRevolution.de /www Ueberuns.html
2009.11.16 10:16 B I:\Daten\2009\11.11.2009\HTML-Programme\TangoRevolution.de\Version_2\Ueberuns.html --> www.TangoRevolution.de /www Ueberuns.html
2009.11.16 10:31 B I:\Daten\2009\11.11.2009\HTML-Programme\TangoRevolution.de\Version_2\Ueberuns.html --> www.TangoRevolution.de /www Ueberuns.html
2009.11.16 10:35 B I:\Daten\2009\11.11.2009\HTML-Programme\TangoRevolution.de\Version_2\home.html --> www.TangoRevolution.de /www home.html
2009.11.16 10:35 B I:\Daten\2009\11.11.2009\HTML-Programme\TangoRevolution.de\Version_2\Links.html --> www.TangoRevolution.de /www Links.html
2009.11.16 10:36 B I:\Daten\2009\11.11.2009\HTML-Programme\TangoRevolution.de\Version_2\index.html --> www.TangoRevolution.de /www index.html
2009.11.16 10:38 B I:\Daten\2009\11.11.2009\HTML-Programme\TangoRevolution.de\Version_2\Anfahrt.html --> www.TangoRevolution.de /www Anfahrt.html
2009.11.16 11:30 B I:\Daten\2009\11.11.2009\HTML-Programme\TangoRevolution.de\Version_2\Ueberuns.html --> www.TangoRevolution.de /www Ueberuns.html
2009.11.16 11:30 B I:\Daten\2009\11.11.2009\HTML-Programme\TangoRevolution.de\Version_2\Ueberuns.html --> www.TangoRevolution.de /www Ueberuns.html
2009.11.16 11:32 B I:\Daten\2009\11.11.2009\HTML-Programme\TangoRevolution.de\Version_2\Ueberuns.html --> www.TangoRevolution.de /www Ueberuns.html
2009.11.16 11:32 B I:\Daten\2009\11.11.2009\HTML-Programme\TangoRevolution.de\Version_2\format.css --> www.TangoRevolution.de /www format.css
2009.11.16 11:33 B I:\Daten\2009\11.11.2009\HTML-Programme\TangoRevolution.de\Version_2\Ueberuns.html --> www.TangoRevolution.de /www Ueberuns.html
2009.11.16 11:34 B I:\Daten\2009\11.11.2009\HTML-Programme\TangoRevolution.de\Version_2\Ueberuns.html --> www.TangoRevolution.de /www Ueberuns.html
2009.11.16 11:34 B I:\Daten\2009\11.11.2009\HTML-Programme\TangoRevolution.de\Version_2\Ueberuns.html --> www.TangoRevolution.de /www Ueberuns.html
2009.11.16 11:35 B I:\Daten\2009\11.11.2009\HTML-Programme\TangoRevolution.de\Version_2\Ueberuns.html --> www.TangoRevolution.de /www Ueberuns.html
2009.11.16 11:35 B I:\Daten\2009\11.11.2009\HTML-Programme\TangoRevolution.de\Version_2\format.css --> www.TangoRevolution.de /www format.css
2009.11.16 11:37 B I:\Daten\2009\11.11.2009\HTML-Programme\TangoRevolution.de\Version_2\Ueberuns.html --> www.TangoRevolution.de /www Ueberuns.html
2009.11.16 11:42 B I:\Daten\2009\11.11.2009\HTML-Programme\TangoRevolution.de\Version_2\Unterricht.html --> www.TangoRevolution.de /www Unterricht.html
2009.11.16 11:44 B I:\Daten\2009\11.11.2009\HTML-Programme\TangoRevolution.de\Version_2\Unterricht.html --> www.TangoRevolution.de /www Unterricht.html
2009.11.16 11:46 B I:\Daten\2009\11.11.2009\HTML-Programme\TangoRevolution.de\Version_2\Praktika.html --> www.TangoRevolution.de /www Praktika.html
2009.11.16 12:08 B I:\Daten\2009\11.11.2009\HTML-Programme\TangoRevolution.de\Version_2\home.html --> www.TangoRevolution.de /www home.html
2009.11.16 14:44 B I:\Daten\2009\11.11.2009\HTML-Programme\TangoRevolution.de\Version_2\index.html --> www.TangoRevolution.de /www index.html
2009.11.16 14:44 B I:\Daten\2009\11.11.2009\HTML-Programme\TangoRevolution.de\Version_2\Tangokurse.html --> www.TangoRevolution.de /www Tangokurse.html
2009.11.16 14:44 B I:\Daten\2009\11.11.2009\HTML-Programme\TangoRevolution.de\Version_2\Praktika.html --> www.TangoRevolution.de /www Praktika.html
2009.11.16 14:44 B I:\Daten\2009\11.11.2009\HTML-Programme\TangoRevolution.de\Version_2\Unterricht.html --> www.TangoRevolution.de /www Unterricht.html
2009.11.16 14:47 B I:\Daten\2009\11.11.2009\HTML-Programme\TangoRevolution.de\Version_2\Tangokurse.html --> www.TangoRevolution.de /www Tangokurse.html
2009.11.16 14:48 B I:\Daten\2009\11.11.2009\HTML-Programme\TangoRevolution.de\Version_2\Links.html --> www.TangoRevolution.de /www Links.html
2009.11.16 14:50 B I:\Daten\2009\11.11.2009\HTML-Programme\TangoRevolution.de\Version_2\Links.html --> www.TangoRevolution.de /www Links.html
2009.11.17 03:42 B I:\Daten\2009\11.11.2009\HTML-Programme\TangoRevolution.de\Version_2\index.html --> www.TangoRevolution.de /www index.html
2009.11.17 03:43 B I:\Daten\2009\11.11.2009\HTML-Programme\TangoRevolution.de\Version_2\home.html --> www.TangoRevolution.de /www home.html
2009.11.17 03:56 B I:\Daten\2009\11.11.2009\HTML-Programme\TangoRevolution.de\Version_2\Ueberuns.html --> www.TangoRevolution.de /www Ueberuns.html
2009.11.17 03:56 B I:\Daten\2009\11.11.2009\HTML-Programme\TangoRevolution.de\Version_2\format.css --> www.TangoRevolution.de /www format.css
2009.11.17 03:57 B I:\Daten\2009\11.11.2009\HTML-Programme\TangoRevolution.de\Version_2\Ueberuns.html --> www.TangoRevolution.de /www Ueberuns.html
2009.11.17 03:59 B I:\Daten\2009\11.11.2009\HTML-Programme\TangoRevolution.de\Version_2\index.html --> www.TangoRevolution.de /www index.html
2009.11.17 12:59 B I:\Daten\2009\11.11.2009\HTML-Programme\TangoRevolution.de\Version_2\Links.html --> www.TangoRevolution.de /www Links.html
2009.11.17 12:59 B I:\Daten\2009\11.11.2009\HTML-Programme\TangoRevolution.de\Version_2\format.css --> www.TangoRevolution.de /www format.css
2009.11.17 14:27 B I:\Daten\2009\11.11.2009\HTML-Programme\TangoRevolution.de\Version_2\Links.html --> www.TangoRevolution.de /www Links.html
2009.11.17 14:27 B I:\Daten\2009\11.11.2009\HTML-Programme\TangoRevolution.de\Version_2\Links.html --> www.TangoRevolution.de /www Links.html
2009.11.17 14:29 B I:\Daten\2009\11.11.2009\HTML-Programme\TangoRevolution.de\Version_2\Links.html --> www.TangoRevolution.de /www Links.html
2009.11.17 14:35 B I:\Daten\2009\11.11.2009\HTML-Programme\TangoRevolution.de\Version_2\UeberTango.html --> www.TangoRevolution.de /www UeberTango.html
2009.11.17 14:40 B I:\Daten\2009\11.11.2009\HTML-Programme\TangoRevolution.de\Version_2\UeberTango.html --> www.TangoRevolution.de /www UeberTango.html
2009.11.17 16:13 B I:\Daten\2009\11.11.2009\HTML-Programme\TangoRevolution.de\Version_2\Links.html --> www.TangoRevolution.de /www Links.html
2009.12.08 00:49 B I:\Daten\2009\11.11.2009\HTML-Programme\TangoRevolution.de\Version_2\Tangokurse.html --> www.TangoRevolution.de /www Tangokurse.html
2009.12.08 00:51 B I:\Daten\2009\11.11.2009\HTML-Programme\TangoRevolution.de\Version_2\Tangokurse.html --> www.TangoRevolution.de /www Tangokurse.html
2009.12.08 00:51 B I:\Daten\2009\11.11.2009\HTML-Programme\TangoRevolution.de\Version_2\Tangokurse.html --> www.TangoRevolution.de /www Tangokurse.html
2009.12.08 00:52 B I:\Daten\2009\11.11.2009\HTML-Programme\TangoRevolution.de\Version_2\Tangokurse.html --> www.TangoRevolution.de /www Tangokurse.html
2009.12.08 00:52 B I:\Daten\2009\11.11.2009\HTML-Programme\TangoRevolution.de\Version_2\Tangokurse.html --> www.TangoRevolution.de /www Tangokurse.html
2009.12.08 00:52 B I:\Daten\2009\11.11.2009\HTML-Programme\TangoRevolution.de\Version_2\Tangokurse.html --> www.TangoRevolution.de /www Tangokurse.html
2009.12.08 00:55 B I:\Daten\2009\11.11.2009\HTML-Programme\TangoRevolution.de\Version_2\Links.html --> www.TangoRevolution.de /www Links.html
2009.12.15 13:08 B I:\Daten\2009\11.11.2009\HTML-Programme\TangoRevolution.de\Version_2\TangoReisen.html --> www.TangoRevolution.de /www TangoReisen.html
2009.12.15 13:08 B I:\Daten\2009\11.11.2009\HTML-Programme\TangoRevolution.de\Version_2\index.html --> www.TangoRevolution.de /www index.html
2009.12.15 13:10 B I:\Daten\2009\11.11.2009\HTML-Programme\TangoRevolution.de\Version_2\TangoReisen.html --> www.TangoRevolution.de /www TangoReisen.html
2009.12.15 13:13 B I:\Daten\2009\11.11.2009\HTML-Programme\TangoRevolution.de\Version_2\TangoReisen.html --> www.TangoRevolution.de /www TangoReisen.html
2009.12.15 13:13 B I:\Daten\2009\11.11.2009\HTML-Programme\TangoRevolution.de\Version_2\TangoReisen.html --> www.TangoRevolution.de /www TangoReisen.html
2009.12.15 13:21 B I:\Daten\2009\11.11.2009\HTML-Programme\TangoRevolution.de\Version_2\TangoReisen.html --> www.TangoRevolution.de /www TangoReisen.html
2009.12.15 13:32 B I:\Daten\2009\11.11.2009\HTML-Programme\TangoRevolution.de\Version_2\TangoReisen.html --> www.TangoRevolution.de /www TangoReisen.html
2009.12.15 13:34 B I:\Daten\2009\11.11.2009\HTML-Programme\TangoRevolution.de\Version_2\TangoReisen.html --> www.TangoRevolution.de /www TangoReisen.html
2009.12.15 13:36 B I:\Daten\2009\11.11.2009\HTML-Programme\TangoRevolution.de\Version_2\TangoReisen.html --> www.TangoRevolution.de /www TangoReisen.html
2009.12.15 13:37 B I:\Daten\2009\11.11.2009\HTML-Programme\TangoRevolution.de\Version_2\TangoReisen.html --> www.TangoRevolution.de /www TangoReisen.html
2009.12.15 13:39 B I:\Daten\2009\11.11.2009\HTML-Programme\TangoRevolution.de\Version_2\TangoReisen.html --> www.TangoRevolution.de /www TangoReisen.html
2009.12.15 13:42 B I:\Daten\2009\11.11.2009\HTML-Programme\TangoRevolution.de\Version_2\TangoReisen.html --> www.TangoRevolution.de /www TangoReisen.html
2009.12.15 13:43 B I:\Daten\2009\11.11.2009\HTML-Programme\TangoRevolution.de\Version_2\TangoReisen.html --> www.TangoRevolution.de /www TangoReisen.html
2009.12.15 13:52 B I:\Daten\2009\11.11.2009\HTML-Programme\TangoRevolution.de\Version_2\TangoReisen.html --> www.TangoRevolution.de /www TangoReisen.html
2009.12.15 13:54 B I:\Daten\2009\11.11.2009\HTML-Programme\TangoRevolution.de\Version_2\TangoReisen.html --> www.TangoRevolution.de /www TangoReisen.html
2009.12.15 13:56 B I:\Daten\2009\11.11.2009\HTML-Programme\TangoRevolution.de\Version_2\TangoReisen.html --> www.TangoRevolution.de /www TangoReisen.html
2009.12.15 16:04 B I:\Daten\2009\11.11.2009\HTML-Programme\TangoRevolution.de\Version_2\Links.html --> www.TangoRevolution.de /www Links.html
2009.12.16 03:26 B I:\Daten\2009\11.11.2009\HTML-Programme\TangoRevolution.de\Version_2\TangoReisen.html --> www.TangoRevolution.de /www TangoReisen.html
1998.01.01 22:12 B I:\Daten\2009\11.11.2009\HTML-Programme\TangoRevolution.de\Version_2\TangoReisen.html --> www.TangoRevolution.de /www TangoReisen.html
1998.01.01 22:12 B I:\Daten\2009\11.11.2009\HTML-Programme\TangoRevolution.de\Version_2\TangoReisen.html --> www.TangoRevolution.de /www TangoReisen.html
2009.12.21 22:50 B I:\Daten\2009\11.11.2009\HTML-Programme\TangoRevolution.de\Version_2\TangoReisen.html --> www.TangoRevolution.de /www TangoReisen.html
2009.12.21 22:50 B I:\Daten\2009\11.11.2009\HTML-Programme\TangoRevolution.de\Version_2\index.html --> www.TangoRevolution.de /www index.html
2009.12.22 03:01 B I:\Daten\2009\11.11.2009\HTML-Programme\TangoRevolution.de\Version_2\index.html --> www.TangoRevolution.de /www index.html
2009.12.22 11:24 B I:\Daten\2009\11.11.2009\HTML-Programme\TangoRevolution.de\Version_2\index.html --> www.TangoRevolution.de /www index.html
2010.01.16 19:50 B I:\Daten\2009\11.11.2009\HTML-Programme\TangoRevolution.de\Version_2\index.html --> www.TangoRevolution.de /www index.html
2010.01.16 19:51 B I:\Daten\2009\11.11.2009\HTML-Programme\TangoRevolution.de\Version_2\Links.html --> www.TangoRevolution.de /www Links.html
2010.01.16 19:55 B I:\Daten\2009\11.11.2009\HTML-Programme\TangoRevolution.de\Version_2\Kontakt.html --> www.TangoRevolution.de /www Kontakt.html
2010.01.16 19:55 B I:\Daten\2009\11.11.2009\HTML-Programme\TangoRevolution.de\Version_2\Anfahrt.html --> www.TangoRevolution.de /www Anfahrt.html
2010.01.16 19:56 B I:\Daten\2009\11.11.2009\HTML-Programme\TangoRevolution.de\Version_2\home.html --> www.TangoRevolution.de /www home.html
2010.01.16 19:56 B I:\Daten\2009\11.11.2009\HTML-Programme\TangoRevolution.de\Version_2\Impressum.html --> www.TangoRevolution.de /www Impressum.html
2010.01.16 19:57 B I:\Daten\2009\11.11.2009\HTML-Programme\TangoRevolution.de\Version_2\Milonga.html --> www.TangoRevolution.de /www Milonga.html
2010.01.16 19:57 B I:\Daten\2009\11.11.2009\HTML-Programme\TangoRevolution.de\Version_2\Praktika.html --> www.TangoRevolution.de /www Praktika.html
2010.01.16 19:57 B I:\Daten\2009\11.11.2009\HTML-Programme\TangoRevolution.de\Version_2\TangoFoto.html --> www.TangoRevolution.de /www TangoFoto.html
2010.01.16 19:58 B I:\Daten\2009\11.11.2009\HTML-Programme\TangoRevolution.de\Version_2\Tangokurse.html --> www.TangoRevolution.de /www Tangokurse.html
2010.01.16 19:58 B I:\Daten\2009\11.11.2009\HTML-Programme\TangoRevolution.de\Version_2\UeberTango.html --> www.TangoRevolution.de /www UeberTango.html
2010.01.16 19:58 B I:\Daten\2009\11.11.2009\HTML-Programme\TangoRevolution.de\Version_2\Ueberuns.html --> www.TangoRevolution.de /www Ueberuns.html
2010.01.16 19:58 B I:\Daten\2009\11.11.2009\HTML-Programme\TangoRevolution.de\Version_2\Unterricht.html --> www.TangoRevolution.de /www Unterricht.html
2010.01.16 19:59 B I:\Daten\2009\11.11.2009\HTML-Programme\TangoRevolution.de\Version_2\Workshop.html --> www.TangoRevolution.de /www Workshop.html
2010.01.24 13:55 B I:\Daten\2009\11.11.2009\HTML-Programme\TangoRevolution.de\Version_2\index.html --> www.TangoRevolution.de /www index.html
2010.01.24 13:55 B I:\Daten\2009\11.11.2009\HTML-Programme\TangoRevolution.de\Version_2\Ueberuns.html --> www.TangoRevolution.de /www Ueberuns.html
2010.02.07 10:03 B G:\Daten\2009\11.11.2009\HTML-Programme\TangoRevolution.de\Version_2\Impressum.html --> www.TangoRevolution.de /www Impressum.html
2010.02.07 10:03 B G:\Daten\2009\11.11.2009\HTML-Programme\TangoRevolution.de\Version_2\index.html --> www.TangoRevolution.de /www index.html
2010.02.07 10:03 B G:\Daten\2009\11.11.2009\HTML-Programme\TangoRevolution.de\Version_2\Anfahrt.html --> www.TangoRevolution.de /www Anfahrt.html
2010.02.07 10:03 B G:\Daten\2009\11.11.2009\HTML-Programme\TangoRevolution.de\Version_2\Kontakt.html --> www.TangoRevolution.de /www Kontakt.html
2010.02.27 16:51 B D:\HTML-Programme\TangoRevolution.de\Version_2\Tangokurse.html --> www.TangoRevolution.de /www Tangokurse.html
2010.05.04 00:09 B D:\HTML-Programme\TangoRevolution.de\Version_2\Tangokurse.html --> www.TangoRevolution.de /www Tangokurse.html
2010.07.06 14:26 B D:\HTML-Programme\TangoRevolution.de\Version_2\Tangokurse.html --> www.TangoRevolution.de /www Tangokurse.html
2010.12.10 19:11 B D:\HTML-Programme\TangoRevolution.de\Version_2\Impressum.html <-- www.TangoRevolution.de /www Impressum.html
2010.12.10 19:11 B D:\HTML-Programme\TangoRevolution.de\Version_2\Impressum.html --> www.TangoRevolution.de /www Impressum.html
2010.12.10 19:13 B D:\HTML-Programme\TangoRevolution.de\Version_2\Impressum.html --> www.TangoRevolution.de /www Impressum.html
2010.12.10 19:17 B D:\HTML-Programme\TangoRevolution.de\Version_2\Unterricht.html <-- www.TangoRevolution.de /www Unterricht.html
2010.12.10 19:18 B D:\HTML-Programme\TangoRevolution.de\Version_2\Unterricht.html --> www.TangoRevolution.de /www Unterricht.html
2010.12.10 19:21 B D:\HTML-Programme\TangoRevolution.de\Version_2\Tangokurse.html <-- www.TangoRevolution.de /www Tangokurse.html
2010.12.10 19:21 B D:\HTML-Programme\TangoRevolution.de\Version_2\Tangokurse.html --> www.TangoRevolution.de /www Tangokurse.html
2010.12.10 19:23 B D:\HTML-Programme\TangoRevolution.de\Version_2\Impressum.html --> www.TangoRevolution.de /www Impressum.html
2010.12.10 19:24 B D:\HTML-Programme\TangoRevolution.de\Version_2\Tangokurse.html --> www.TangoRevolution.de /www Tangokurse.html
2010.12.10 19:25 B D:\HTML-Programme\TangoRevolution.de\Version_2\Tangokurse.html --> www.TangoRevolution.de /www Tangokurse.html
2010.12.10 19:25 B D:\HTML-Programme\TangoRevolution.de\Version_2\Tangokurse.html --> www.TangoRevolution.de /www Tangokurse.html
2010.12.10 19:25 B D:\HTML-Programme\TangoRevolution.de\Version_2\Tangokurse.html --> www.TangoRevolution.de /www Tangokurse.html
2010.12.10 19:26 B D:\HTML-Programme\TangoRevolution.de\Version_2\Tangokurse.html --> www.TangoRevolution.de /www Tangokurse.html
2015.09.07 17:00 B D:\HTML-Programme\Bad Duerkheim\Homepage Bad Dürkheim\BD_03.06.2008\Mussbach\format.css --> www.Tangohaus.net /Mussbach format.css
2015.09.07 17:00 B D:\HTML-Programme\Bad Duerkheim\Homepage Bad Dürkheim\BD_03.06.2008\Mussbach\Impressum.html --> www.Tangohaus.net /Mussbach Impressum.html
2015.09.07 17:00 B D:\HTML-Programme\Bad Duerkheim\Homepage Bad Dürkheim\BD_03.06.2008\Mussbach\Kontakt.html --> www.Tangohaus.net /Mussbach Kontakt.html
2015.09.07 17:00 B D:\HTML-Programme\Bad Duerkheim\Homepage Bad Dürkheim\BD_03.06.2008\Mussbach\Milonga.html --> www.Tangohaus.net /Mussbach Milonga.html
2015.09.07 17:00 B D:\HTML-Programme\Bad Duerkheim\Homepage Bad Dürkheim\BD_03.06.2008\Mussbach\Tangokurse.html --> www.Tangohaus.net /Mussbach Tangokurse.html
2015.09.07 17:00 B D:\HTML-Programme\Bad Duerkheim\Homepage Bad Dürkheim\BD_03.06.2008\Mussbach\UeberTango.html --> www.Tangohaus.net /Mussbach UeberTango.html
2015.09.07 17:00 B D:\HTML-Programme\Bad Duerkheim\Homepage Bad Dürkheim\BD_03.06.2008\Mussbach\Unterricht.html --> www.Tangohaus.net /Mussbach Unterricht.html
2015.09.07 17:00 B D:\HTML-Programme\Bad Duerkheim\Homepage Bad Dürkheim\BD_03.06.2008\Mussbach\WS_FTP.LOG --> www.Tangohaus.net /Mussbach WS_FTP.LOG
2015.09.07 17:00 B D:\HTML-Programme\Bad Duerkheim\Homepage Bad Dürkheim\BD_03.06.2008\Mussbach\Workshop.html --> www.Tangohaus.net /Mussbach Workshop.html
2015.09.07 17:00 B D:\HTML-Programme\Bad Duerkheim\Homepage Bad Dürkheim\BD_03.06.2008\Mussbach\Ueberuns.html --> www.Tangohaus.net /Mussbach Ueberuns.html
2015.09.07 17:00 B D:\HTML-Programme\Bad Duerkheim\Homepage Bad Dürkheim\BD_03.06.2008\Mussbach\TangoReisen.html --> www.Tangohaus.net /Mussbach TangoReisen.html
2015.09.07 17:00 B D:\HTML-Programme\Bad Duerkheim\Homepage Bad Dürkheim\BD_03.06.2008\Mussbach\TangoFoto.html --> www.Tangohaus.net /Mussbach TangoFoto.html
2015.09.07 17:00 B D:\HTML-Programme\Bad Duerkheim\Homepage Bad Dürkheim\BD_03.06.2008\Mussbach\Praktika.html --> www.Tangohaus.net /Mussbach Praktika.html
2015.09.07 17:00 B D:\HTML-Programme\Bad Duerkheim\Homepage Bad Dürkheim\BD_03.06.2008\Mussbach\Links.html --> www.Tangohaus.net /Mussbach Links.html
2015.09.07 17:00 B D:\HTML-Programme\Bad Duerkheim\Homepage Bad Dürkheim\BD_03.06.2008\Mussbach\index.html --> www.Tangohaus.net /Mussbach index.html
2015.09.07 17:00 B D:\HTML-Programme\Bad Duerkheim\Homepage Bad Dürkheim\BD_03.06.2008\Mussbach\home.html --> www.Tangohaus.net /Mussbach home.html
2015.09.07 17:00 B D:\HTML-Programme\Bad Duerkheim\Homepage Bad Dürkheim\BD_03.06.2008\Mussbach\Baustelle.html --> www.Tangohaus.net /Mussbach Baustelle.html
2015.09.07 17:00 B D:\HTML-Programme\Bad Duerkheim\Homepage Bad Dürkheim\BD_03.06.2008\Mussbach\arrow2.gif --> www.Tangohaus.net /Mussbach arrow2.gif
2015.09.07 17:00 B D:\HTML-Programme\Bad Duerkheim\Homepage Bad Dürkheim\BD_03.06.2008\Mussbach\Anfahrt.html --> www.Tangohaus.net /Mussbach Anfahrt.html
2015.09.18 02:17 B D:\HTML\Homepages\BD_03.06.2008\Mussbach\format.css --> www.Tangohaus.net /Mussbach format.css
2015.09.18 02:17 B D:\HTML\Homepages\BD_03.06.2008\Mussbach\format2.css --> www.Tangohaus.net /Mussbach format2.css
2015.09.18 02:17 B D:\HTML\Homepages\BD_03.06.2008\Mussbach\home.html --> www.Tangohaus.net /Mussbach home.html
2015.09.18 02:17 B D:\HTML\Homepages\BD_03.06.2008\Mussbach\index.html --> www.Tangohaus.net /Mussbach index.html
2015.09.18 02:30 B D:\HTML\Homepages\BD_03.06.2008\Mussbach\home.html --> www.Tangohaus.net /Mussbach home.html
2015.09.18 02:33 B D:\HTML\Homepages\BD_03.06.2008\Mussbach\home.html --> www.Tangohaus.net /Mussbach home.html
2015.09.18 02:34 B D:\HTML\Homepages\BD_03.06.2008\Mussbach\home.html --> www.Tangohaus.net /Mussbach home.html
2015.09.18 02:36 B D:\HTML\Homepages\BD_03.06.2008\Mussbach\home.html --> www.Tangohaus.net /Mussbach home.html
2015.09.18 02:37 B D:\HTML\Homepages\BD_03.06.2008\Mussbach\home.html --> www.Tangohaus.net /Mussbach home.html
2015.09.18 02:41 B D:\HTML\Homepages\BD_03.06.2008\Mussbach\home.html --> www.Tangohaus.net /Mussbach home.html
2015.09.18 02:41 B D:\HTML\Homepages\BD_03.06.2008\Mussbach\index.html --> www.Tangohaus.net /Mussbach index.html
2015.09.18 02:42 B D:\HTML\Homepages\BD_03.06.2008\Mussbach\home.html --> www.Tangohaus.net /Mussbach home.html
2015.09.18 02:42 B D:\HTML\Homepages\BD_03.06.2008\Mussbach\home.html --> www.Tangohaus.net /Mussbach home.html
2015.09.18 02:43 B D:\HTML\Homepages\BD_03.06.2008\Mussbach\home.html --> www.Tangohaus.net /Mussbach home.html
2015.09.18 02:44 B D:\HTML\Homepages\BD_03.06.2008\Mussbach\home.html --> www.Tangohaus.net /Mussbach home.html
2015.09.18 02:51 B D:\HTML\Homepages\BD_03.06.2008\Mussbach\format2.css --> www.Tangohaus.net /Mussbach format2.css
2015.09.18 02:51 B D:\HTML\Homepages\BD_03.06.2008\Mussbach\format.css --> www.Tangohaus.net /Mussbach format.css
2015.09.18 02:52 B D:\HTML\Homepages\BD_03.06.2008\Mussbach\index.html --> www.Tangohaus.net /Mussbach index.html
2015.09.18 02:54 B D:\HTML\Homepages\BD_03.06.2008\Mussbach\format.css --> www.Tangohaus.net /Mussbach format.css
2015.09.18 02:59 B D:\HTML\Homepages\BD_03.06.2008\Mussbach\index.html --> www.Tangohaus.net /Mussbach index.html
2015.09.18 03:02 B D:\HTML\Homepages\BD_03.06.2008\Mussbach\format.css --> www.Tangohaus.net /Mussbach format.css
2015.09.18 03:11 B D:\HTML\Homepages\BD_03.06.2008\Mussbach\home.html --> www.Tangohaus.net /Mussbach home.html
2015.09.18 03:12 B D:\HTML\Homepages\BD_03.06.2008\Mussbach\index.html --> www.Tangohaus.net /Mussbach index.html
2015.09.18 03:46 B D:\HTML\Homepages\BD_03.06.2008\Mussbach\format.css --> www.Tangohaus.net /Mussbach format.css
2015.09.18 03:46 B D:\HTML\Homepages\BD_03.06.2008\Mussbach\format2.css --> www.Tangohaus.net /Mussbach format2.css
2015.09.18 03:46 B D:\HTML\Homepages\BD_03.06.2008\Mussbach\index.html --> www.Tangohaus.net /Mussbach index.html
2015.09.18 03:50 B D:\HTML\Homepages\BD_03.06.2008\Mussbach\index.html --> www.Tangohaus.net /Mussbach index.html
2015.09.18 03:51 B D:\HTML\Homepages\BD_03.06.2008\Mussbach\index.html --> www.Tangohaus.net /Mussbach index.html
2015.09.18 05:01 B D:\HTML\Homepages\BD_03.06.2008\Mussbach\index.html --> www.Tangohaus.net /Mussbach index.html
2015.09.18 05:03 B D:\HTML\Homepages\BD_03.06.2008\Mussbach\index.html --> www.Tangohaus.net /Mussbach index.html
2015.09.18 05:19 B D:\HTML\Homepages\BD_03.06.2008\Mussbach\index.html --> www.Tangohaus.net /Mussbach index.html
2015.09.18 05:25 B D:\HTML\Homepages\BD_03.06.2008\Mussbach\index.html --> www.Tangohaus.net /Mussbach index.html
2015.09.18 05:30 B D:\HTML\Homepages\BD_03.06.2008\Mussbach\home.html --> www.Tangohaus.net /Mussbach home.html
2015.09.18 05:48 B D:\HTML\Homepages\BD_03.06.2008\Mussbach\Tangokurse.html --> www.Tangohaus.net /Mussbach Tangokurse.html
2015.09.18 05:50 B D:\HTML\Homepages\BD_03.06.2008\Mussbach\Tangokurse.html --> www.Tangohaus.net /Mussbach Tangokurse.html
2015.09.18 05:50 B D:\HTML\Homepages\BD_03.06.2008\Mussbach\format.css --> www.Tangohaus.net /Mussbach format.css
2015.09.18 05:52 B D:\HTML\Homepages\BD_03.06.2008\Mussbach\Tangokurse.html --> www.Tangohaus.net /Mussbach Tangokurse.html
2015.09.18 05:52 B D:\HTML\Homepages\BD_03.06.2008\Mussbach\Tangokurse.html --> www.Tangohaus.net /Mussbach Tangokurse.html
2015.09.18 05:53 B D:\HTML\Homepages\BD_03.06.2008\Mussbach\format.css --> www.Tangohaus.net /Mussbach format.css
2015.09.18 06:02 B D:\HTML\Homepages\BD_03.06.2008\Mussbach\format.css --> www.Tangohaus.net /Mussbach format.css
2015.09.18 06:02 B D:\HTML\Homepages\BD_03.06.2008\Mussbach\Tangokurse.html --> www.Tangohaus.net /Mussbach Tangokurse.html
2015.09.18 06:03 B D:\HTML\Homepages\BD_03.06.2008\Mussbach\Tangokurse.html --> www.Tangohaus.net /Mussbach Tangokurse.html
2015.09.18 06:06 B D:\HTML\Homepages\BD_03.06.2008\Mussbach\Tangokurse.html --> www.Tangohaus.net /Mussbach Tangokurse.html
2015.09.18 06:08 B D:\HTML\Homepages\BD_03.06.2008\Mussbach\Tangokurse.html --> www.Tangohaus.net /Mussbach Tangokurse.html
2015.09.18 06:09 B D:\HTML\Homepages\BD_03.06.2008\Mussbach\Tangokurse.html --> www.Tangohaus.net /Mussbach Tangokurse.html
2015.09.18 06:09 B D:\HTML\Homepages\BD_03.06.2008\Mussbach\Tangokurse.html --> www.Tangohaus.net /Mussbach Tangokurse.html
2015.09.18 06:10 B D:\HTML\Homepages\BD_03.06.2008\Mussbach\Tangokurse.html --> www.Tangohaus.net /Mussbach Tangokurse.html
2015.09.18 06:11 B D:\HTML\Homepages\BD_03.06.2008\Mussbach\Tangokurse.html --> www.Tangohaus.net /Mussbach Tangokurse.html
2015.09.18 06:13 B D:\HTML\Homepages\BD_03.06.2008\Mussbach\Tangokurse.html --> www.Tangohaus.net /Mussbach Tangokurse.html
2015.09.18 06:13 B D:\HTML\Homepages\BD_03.06.2008\Mussbach\Tangokurse.html --> www.Tangohaus.net /Mussbach Tangokurse.html
2015.09.18 06:15 B D:\HTML\Homepages\BD_03.06.2008\Mussbach\Tangokurse.html --> www.Tangohaus.net /Mussbach Tangokurse.html
2015.09.18 11:31 B D:\HTML\Homepages\BD_03.06.2008\Mussbach\format.css --> www.Tangohaus.net /Mussbach format.css
2015.09.18 11:44 B D:\HTML\Homepages\BD_03.06.2008\Mussbach\format.css --> www.Tangohaus.net /Mussbach format.css
2015.09.18 11:44 B D:\HTML\Homepages\BD_03.06.2008\Mussbach\Unterricht.html --> www.Tangohaus.net /Mussbach Unterricht.html
2015.09.18 12:12 B D:\HTML\Homepages\BD_03.06.2008\Mussbach\format_back.css --> www.Tangohaus.net /Mussbach format_back.css
2015.09.18 12:12 B D:\HTML\Homepages\BD_03.06.2008\Mussbach\format.css --> www.Tangohaus.net /Mussbach format.css
2015.09.18 12:13 B D:\HTML\Homepages\BD_03.06.2008\Mussbach\Unterricht.html --> www.Tangohaus.net /Mussbach Unterricht.html
2015.09.18 12:13 B D:\HTML\Homepages\BD_03.06.2008\Mussbach\Tangokurse.html --> www.Tangohaus.net /Mussbach Tangokurse.html
2015.09.18 12:18 B D:\HTML\Homepages\BD_03.06.2008\Mussbach\Tangokurse.html --> www.Tangohaus.net /Mussbach Tangokurse.html
2015.09.18 12:18 B D:\HTML\Homepages\BD_03.06.2008\Mussbach\Unterricht.html --> www.Tangohaus.net /Mussbach Unterricht.html
2015.09.18 13:28 B D:\HTML\Homepages\BD_03.06.2008\Mussbach\Ueberuns.html --> www.Tangohaus.net /Mussbach Ueberuns.html
2015.09.18 13:29 B D:\HTML\Homepages\BD_03.06.2008\Mussbach\format_back.css --> www.Tangohaus.net /Mussbach format_back.css
2015.09.18 13:33 B D:\HTML\Homepages\BD_03.06.2008\Mussbach\Ueberuns.html --> www.Tangohaus.net /Mussbach Ueberuns.html
2015.09.19 03:30 B C:\Users\Eva\Desktop\HTML\BD_03.06.2008\Mussbach\home.html --> www.Tangohaus.net / home.html
2015.09.19 03:30 B C:\Users\Eva\Desktop\HTML\BD_03.06.2008\Mussbach\index.html --> www.Tangohaus.net / index.html
2015.09.19 03:30 B C:\Users\Eva\Desktop\HTML\BD_03.06.2008\Mussbach\Kontakt.html --> www.Tangohaus.net / Kontakt.html
2015.09.19 03:30 B C:\Users\Eva\Desktop\HTML\BD_03.06.2008\Mussbach\Milonga.html --> www.Tangohaus.net / Milonga.html
2015.09.19 03:30 B C:\Users\Eva\Desktop\HTML\BD_03.06.2008\Mussbach\Tangokurse.html --> www.Tangohaus.net / Tangokurse.html
2015.09.19 03:30 B C:\Users\Eva\Desktop\HTML\BD_03.06.2008\Mussbach\Ueberuns.html --> www.Tangohaus.net / Ueberuns.html
2015.09.19 03:30 B C:\Users\Eva\Desktop\HTML\BD_03.06.2008\Mussbach\Unterricht.html --> www.Tangohaus.net / Unterricht.html
2015.09.19 03:30 B C:\Users\Eva\Desktop\HTML\BD_03.06.2008\Mussbach\format.css --> www.Tangohaus.net / format.css
2015.09.19 03:30 B C:\Users\Eva\Desktop\HTML\BD_03.06.2008\Mussbach\format2.css --> www.Tangohaus.net / format2.css
2015.09.19 03:30 B C:\Users\Eva\Desktop\HTML\BD_03.06.2008\Mussbach\format_back.css --> www.Tangohaus.net / format_back.css
2015.09.19 03:34 B C:\Users\Eva\Desktop\HTML\BD_03.06.2008\Mussbach\format.css --> www.Tangohaus.net /Mussbach format.css
2015.09.19 03:34 B C:\Users\Eva\Desktop\HTML\BD_03.06.2008\Mussbach\format2.css --> www.Tangohaus.net /Mussbach format2.css
2015.09.19 03:34 B C:\Users\Eva\Desktop\HTML\BD_03.06.2008\Mussbach\format_back.css --> www.Tangohaus.net /Mussbach format_back.css
2015.09.19 03:34 B C:\Users\Eva\Desktop\HTML\BD_03.06.2008\Mussbach\home.html --> www.Tangohaus.net /Mussbach home.html
2015.09.19 03:34 B C:\Users\Eva\Desktop\HTML\BD_03.06.2008\Mussbach\index.html --> www.Tangohaus.net /Mussbach index.html
2015.09.19 03:34 B C:\Users\Eva\Desktop\HTML\BD_03.06.2008\Mussbach\Kontakt.html --> www.Tangohaus.net /Mussbach Kontakt.html
2015.09.19 03:34 B C:\Users\Eva\Desktop\HTML\BD_03.06.2008\Mussbach\Milonga.html --> www.Tangohaus.net /Mussbach Milonga.html
2015.09.19 03:34 B C:\Users\Eva\Desktop\HTML\BD_03.06.2008\Mussbach\Tangokurse.html --> www.Tangohaus.net /Mussbach Tangokurse.html
2015.09.19 03:34 B C:\Users\Eva\Desktop\HTML\BD_03.06.2008\Mussbach\UeberTango.html --> www.Tangohaus.net /Mussbach UeberTango.html
2015.09.19 03:34 B C:\Users\Eva\Desktop\HTML\BD_03.06.2008\Mussbach\Unterricht.html --> www.Tangohaus.net /Mussbach Unterricht.html
2015.09.19 03:46 B C:\Users\Eva\Desktop\HTML\BD_03.06.2008\Mussbach\Kontakt.html --> www.Tangohaus.net /Mussbach Kontakt.html
2015.09.19 03:49 B C:\Users\Eva\Desktop\HTML\BD_03.06.2008\Mussbach\Kontakt.html --> www.Tangohaus.net /Mussbach Kontakt.html
2015.09.19 03:50 B C:\Users\Eva\Desktop\HTML\BD_03.06.2008\Mussbach\format2.css --> www.Tangohaus.net /Mussbach format2.css
2015.09.19 03:50 B C:\Users\Eva\Desktop\HTML\BD_03.06.2008\Mussbach\format.css --> www.Tangohaus.net /Mussbach format.css
2015.09.19 03:50 B C:\Users\Eva\Desktop\HTML\BD_03.06.2008\Mussbach\format_back.css --> www.Tangohaus.net /Mussbach format_back.css
2015.09.19 03:55 B C:\Users\Eva\Desktop\HTML\BD_03.06.2008\Mussbach\format_back.css --> www.Tangohaus.net /Mussbach format_back.css
2015.09.19 03:57 B C:\Users\Eva\Desktop\HTML\BD_03.06.2008\Mussbach\Kontakt.html --> www.Tangohaus.net /Mussbach Kontakt.html
2015.09.19 04:28 B C:\Users\Eva\Desktop\HTML\BD_03.06.2008\Mussbach\Kontakt.html --> www.Tangohaus.net /Mussbach Kontakt.html
2015.09.19 04:28 B C:\Users\Eva\Desktop\HTML\BD_03.06.2008\Mussbach\format_back.css --> www.Tangohaus.net /Mussbach format_back.css
2015.09.19 04:30 B C:\Users\Eva\Desktop\HTML\BD_03.06.2008\Mussbach\format_back.css --> www.Tangohaus.net /Mussbach format_back.css
2015.09.19 04:31 B C:\Users\Eva\Desktop\HTML\BD_03.06.2008\Mussbach\format_back.css --> www.Tangohaus.net /Mussbach format_back.css
2015.09.19 04:34 B C:\Users\Eva\Desktop\HTML\BD_03.06.2008\Mussbach\Kontakt.html --> www.Tangohaus.net /Mussbach Kontakt.html
2015.09.19 04:36 B C:\Users\Eva\Desktop\HTML\BD_03.06.2008\Mussbach\Kontakt.html --> www.Tangohaus.net /Mussbach Kontakt.html
2015.09.19 04:40 B C:\Users\Eva\Desktop\HTML\BD_03.06.2008\Mussbach\index.html --> www.Tangohaus.net /Mussbach index.html
2015.09.19 05:27 B C:\Users\Eva\Desktop\HTML\BD_03.06.2008\Mussbach\Milonga.html --> www.Tangohaus.net /Mussbach Milonga.html
2015.09.19 05:28 B C:\Users\Eva\Desktop\HTML\BD_03.06.2008\Mussbach\format_back.css --> www.Tangohaus.net /Mussbach format_back.css
2015.09.19 05:34 B C:\Users\Eva\Desktop\HTML\BD_03.06.2008\Mussbach\Kontakt.html --> www.Tangohaus.net /Mussbach Kontakt.html
2015.09.19 05:36 B C:\Users\Eva\Desktop\HTML\BD_03.06.2008\Mussbach\Kontakt.html --> www.Tangohaus.net /Mussbach Kontakt.html
2015.09.19 05:45 B C:\Users\Eva\Desktop\HTML\BD_03.06.2008\Mussbach\Tangokurse.html --> www.Tangohaus.net /Mussbach Tangokurse.html
2015.09.19 05:45 B C:\Users\Eva\Desktop\HTML\BD_03.06.2008\Mussbach\Unterricht.html --> www.Tangohaus.net /Mussbach Unterricht.html
2015.09.19 05:46 B C:\Users\Eva\Desktop\HTML\BD_03.06.2008\Mussbach\index.html --> www.Tangohaus.net /Mussbach index.html
2015.09.19 05:48 B C:\Users\Eva\Desktop\HTML\BD_03.06.2008\Mussbach\index.html --> www.Tangohaus.net /Mussbach index.html
2015.09.19 05:48 B C:\Users\Eva\Desktop\HTML\BD_03.06.2008\Mussbach\Ueberuns.html --> www.Tangohaus.net /Mussbach Ueberuns.html
2015.09.19 05:50 B C:\Users\Eva\Desktop\HTML\BD_03.06.2008\Mussbach\Ueberuns.html --> www.Tangohaus.net /Mussbach Ueberuns.html
2015.09.19 05:55 B C:\Users\Eva\Desktop\HTML\BD_03.06.2008\Mussbach\Ueberuns.html --> www.Tangohaus.net /Mussbach Ueberuns.html
2015.09.19 09:05 B C:\Users\Eva\Desktop\HTML\BD_03.06.2008\Mussbach\Ueberuns.html --> www.Tangohaus.net /Mussbach Ueberuns.html
2015.09.19 09:09 B C:\Users\Eva\Desktop\HTML\BD_03.06.2008\Mussbach\Ueberuns.html --> www.Tangohaus.net /Mussbach Ueberuns.html
2015.09.19 20:59 B C:\Users\Eva\Desktop\HTML\BD_03.06.2008\Mussbach_2\format.css --> www.Tangohaus.net /Mussbach format.css
2015.09.19 20:59 B C:\Users\Eva\Desktop\HTML\BD_03.06.2008\Mussbach_2\format2.css --> www.Tangohaus.net /Mussbach format2.css
2015.09.19 20:59 B C:\Users\Eva\Desktop\HTML\BD_03.06.2008\Mussbach_2\home.html --> www.Tangohaus.net /Mussbach home.html
2015.09.19 20:59 B C:\Users\Eva\Desktop\HTML\BD_03.06.2008\Mussbach_2\index.html --> www.Tangohaus.net /Mussbach index.html
2015.09.19 20:59 B C:\Users\Eva\Desktop\HTML\BD_03.06.2008\Mussbach_2\Kontakt.html --> www.Tangohaus.net /Mussbach Kontakt.html
2015.09.19 20:59 B C:\Users\Eva\Desktop\HTML\BD_03.06.2008\Mussbach_2\Milonga.html --> www.Tangohaus.net /Mussbach Milonga.html
2015.09.19 20:59 B C:\Users\Eva\Desktop\HTML\BD_03.06.2008\Mussbach_2\Tangokurse.html --> www.Tangohaus.net /Mussbach Tangokurse.html
2015.09.19 20:59 B C:\Users\Eva\Desktop\HTML\BD_03.06.2008\Mussbach_2\Ueberuns.html --> www.Tangohaus.net /Mussbach Ueberuns.html
2015.09.19 20:59 B C:\Users\Eva\Desktop\HTML\BD_03.06.2008\Mussbach_2\Unterricht.html --> www.Tangohaus.net /Mussbach Unterricht.html
2015.09.19 21:08 B C:\Users\Eva\Desktop\HTML\BD_03.06.2008\Mussbach_2\index.html --> www.Tangohaus.net / index.html
2015.09.19 21:09 B C:\Users\Eva\Desktop\HTML\BD_03.06.2008\Mussbach_2\index.html --> www.Tangohaus.net /Mussbach index.html
2015.09.19 21:12 B C:\Users\Eva\Desktop\HTML\BD_03.06.2008\Mussbach_2\Kontakt.html --> www.Tangohaus.net /Mussbach Kontakt.html
2015.09.19 21:12 B C:\Users\Eva\Desktop\HTML\BD_03.06.2008\Mussbach_2\Kontakt.html --> www.Tangohaus.net /Mussbach Kontakt.html
2015.09.19 21:13 B C:\Users\Eva\Desktop\HTML\BD_03.06.2008\Mussbach_2\Kontakt.html --> www.Tangohaus.net /Mussbach Kontakt.html
2015.09.19 21:14 B C:\Users\Eva\Desktop\HTML\BD_03.06.2008\Mussbach_2\Kontakt.html --> www.Tangohaus.net /Mussbach Kontakt.html
2015.09.19 21:17 B C:\Users\Eva\Desktop\HTML\BD_03.06.2008\Mussbach_2\Kontakt.html --> www.Tangohaus.net /Mussbach Kontakt.html
2015.09.19 21:18 B C:\Users\Eva\Desktop\HTML\BD_03.06.2008\Mussbach_2\Kontakt.html --> www.Tangohaus.net /Mussbach Kontakt.html
2015.09.19 21:20 B C:\Users\Eva\Desktop\HTML\BD_03.06.2008\Mussbach_2\Kontakt.html --> www.Tangohaus.net /Mussbach Kontakt.html
2015.09.19 21:29 B C:\Users\Eva\Desktop\HTML\BD_03.06.2008\Mussbach_2\Kontakt.html --> www.Tangohaus.net /Mussbach Kontakt.html
2015.09.19 21:31 B C:\Users\Eva\Desktop\HTML\BD_03.06.2008\Mussbach_2\Kontakt.html --> www.Tangohaus.net /Mussbach Kontakt.html
2015.09.19 21:34 B C:\Users\Eva\Desktop\HTML\BD_03.06.2008\Mussbach_2\Kontakt.html --> www.Tangohaus.net /Mussbach Kontakt.html
2015.09.19 21:34 B C:\Users\Eva\Desktop\HTML\BD_03.06.2008\Mussbach_2\Kontakt.html --> www.Tangohaus.net /Mussbach Kontakt.html
2015.09.19 21:36 B C:\Users\Eva\Desktop\HTML\BD_03.06.2008\Mussbach_2\Kontakt.html --> www.Tangohaus.net /Mussbach Kontakt.html
2015.09.19 22:12 B C:\Users\Eva\Desktop\HTML\BD_03.06.2008\Mussbach_2\index.html --> www.Tangohaus.net /Mussbach index.html
2015.09.19 23:22 B C:\Users\Eva\Desktop\HTML\BD_03.06.2008\Mussbach_2\index.html --> www.Tangohaus.net /Mussbach index.html
2015.09.20 02:16 B C:\Users\Eva\Desktop\HTML\BD_03.06.2008\Mussbach_2\format.css --> www.Tangohaus.net /Mussbach format.css
2015.09.20 02:16 B C:\Users\Eva\Desktop\HTML\BD_03.06.2008\Mussbach_2\index.html --> www.Tangohaus.net /Mussbach index.html
2015.09.20 02:24 B C:\Users\Eva\Desktop\HTML\BD_03.06.2008\Mussbach_2\index.html --> www.Tangohaus.net /Mussbach index.html
2015.09.20 02:28 B C:\Users\Eva\Desktop\HTML\BD_03.06.2008\Mussbach_2\format2.css --> www.Tangohaus.net /Mussbach format2.css
2015.09.20 02:37 B C:\Users\Eva\Desktop\HTML\BD_03.06.2008\Mussbach_2\format2.css --> www.Tangohaus.net /Mussbach format2.css
2015.09.20 02:38 B C:\Users\Eva\Desktop\HTML\BD_03.06.2008\Mussbach_2\format2.css --> www.Tangohaus.net /Mussbach format2.css
2015.09.20 02:40 B C:\Users\Eva\Desktop\HTML\BD_03.06.2008\Mussbach_2\index.html --> www.Tangohaus.net /Mussbach index.html
2015.09.20 02:43 B C:\Users\Eva\Desktop\HTML\BD_03.06.2008\Mussbach_2\index.html --> www.Tangohaus.net /Mussbach index.html
2015.09.20 03:01 B C:\Users\Eva\Desktop\HTML\BD_03.06.2008\Mussbach_2\home.html --> www.Tangohaus.net /Mussbach home.html
2015.09.20 03:31 B C:\Users\Eva\Desktop\HTML\BD_03.06.2008\Mussbach_2\format.css --> www.Tangohaus.net /Mussbach format.css
2015.09.20 03:31 B C:\Users\Eva\Desktop\HTML\BD_03.06.2008\Mussbach_2\Unterricht.html --> www.Tangohaus.net /Mussbach Unterricht.html
2015.09.20 03:31 B C:\Users\Eva\Desktop\HTML\BD_03.06.2008\Mussbach_2\Ueberuns.html --> www.Tangohaus.net /Mussbach Ueberuns.html
2015.09.20 03:31 B C:\Users\Eva\Desktop\HTML\BD_03.06.2008\Mussbach_2\Tangokurse.html --> www.Tangohaus.net /Mussbach Tangokurse.html
2015.09.20 03:33 B C:\Users\Eva\Desktop\HTML\BD_03.06.2008\Mussbach_2\Unterricht.html --> www.Tangohaus.net /Mussbach Unterricht.html
2015.09.20 03:59 B C:\Users\Eva\Desktop\HTML\BD_03.06.2008\Mussbach_2\Ueberuns.html --> www.Tangohaus.net /Mussbach Ueberuns.html
2015.09.20 15:55 B D:\HTML-Programme\Bad Duerkheim\Homepage Bad Dürkheim\BD_03.06.2008\Mussbach_2\home.html --> www.Tangohaus.net /Mussbach home.html
2015.09.20 15:55 B D:\HTML-Programme\Bad Duerkheim\Homepage Bad Dürkheim\BD_03.06.2008\Mussbach_2\index.html --> www.Tangohaus.net /Mussbach index.html
2015.09.20 15:55 B D:\HTML-Programme\Bad Duerkheim\Homepage Bad Dürkheim\BD_03.06.2008\Mussbach_2\Tangokurse.html --> www.Tangohaus.net /Mussbach Tangokurse.html
2015.09.20 15:55 B D:\HTML-Programme\Bad Duerkheim\Homepage Bad Dürkheim\BD_03.06.2008\Mussbach_2\Milonga.html --> www.Tangohaus.net /Mussbach Milonga.html
2015.09.20 15:55 B D:\HTML-Programme\Bad Duerkheim\Homepage Bad Dürkheim\BD_03.06.2008\Mussbach_2\Unterricht.html --> www.Tangohaus.net /Mussbach Unterricht.html
2015.09.20 15:55 B D:\HTML-Programme\Bad Duerkheim\Homepage Bad Dürkheim\BD_03.06.2008\Mussbach_2\Ueberuns.html --> www.Tangohaus.net /Mussbach Ueberuns.html
2015.09.20 15:57 B D:\HTML-Programme\Bad Duerkheim\Homepage Bad Dürkheim\BD_03.06.2008\Mussbach_2\Ueberuns.html --> www.Tangohaus.net /Mussbach Ueberuns.html
2015.09.21 07:17 B D:\HTML-Programme\Bad Duerkheim\Homepage Bad Dürkheim\BD_03.06.2008\Mussbach_2\Ueberuns.html --> www.Tangohaus.net /Mussbach Ueberuns.html
2015.09.21 07:21 B D:\HTML-Programme\Bad Duerkheim\Homepage Bad Dürkheim\BD_03.06.2008\Mussbach_2\Ueberuns.html --> www.Tangohaus.net /Mussbach Ueberuns.html
2015.09.21 18:52 B D:\HTML-Programme\Bad Duerkheim\Homepage Bad Dürkheim\BD_03.06.2008\Mussbach_2\arrow2.gif --> tango-neustadt.de /Neustadt/images arrow2.gif
2015.09.21 18:52 B D:\HTML-Programme\Bad Duerkheim\Homepage Bad Dürkheim\BD_03.06.2008\Mussbach_2\format.css --> tango-neustadt.de /Neustadt/images format.css
2015.09.21 18:52 B D:\HTML-Programme\Bad Duerkheim\Homepage Bad Dürkheim\BD_03.06.2008\Mussbach_2\format2.css --> tango-neustadt.de /Neustadt/images format2.css
2015.09.21 18:52 B D:\HTML-Programme\Bad Duerkheim\Homepage Bad Dürkheim\BD_03.06.2008\Mussbach_2\home.html --> tango-neustadt.de /Neustadt/images home.html
2015.09.21 18:52 B D:\HTML-Programme\Bad Duerkheim\Homepage Bad Dürkheim\BD_03.06.2008\Mussbach_2\Impressum.html --> tango-neustadt.de /Neustadt/images Impressum.html
2015.09.21 18:52 B D:\HTML-Programme\Bad Duerkheim\Homepage Bad Dürkheim\BD_03.06.2008\Mussbach_2\index.html --> tango-neustadt.de /Neustadt/images index.html
2015.09.21 18:52 B D:\HTML-Programme\Bad Duerkheim\Homepage Bad Dürkheim\BD_03.06.2008\Mussbach_2\Kontakt.html --> tango-neustadt.de /Neustadt/images Kontakt.html
2015.09.21 18:52 B D:\HTML-Programme\Bad Duerkheim\Homepage Bad Dürkheim\BD_03.06.2008\Mussbach_2\Milonga.html --> tango-neustadt.de /Neustadt/images Milonga.html
2015.09.21 18:52 B D:\HTML-Programme\Bad Duerkheim\Homepage Bad Dürkheim\BD_03.06.2008\Mussbach_2\Tangokurse.html --> tango-neustadt.de /Neustadt/images Tangokurse.html
2015.09.21 18:52 B D:\HTML-Programme\Bad Duerkheim\Homepage Bad Dürkheim\BD_03.06.2008\Mussbach_2\Ueberuns.html --> tango-neustadt.de /Neustadt/images Ueberuns.html
2015.09.21 18:52 B D:\HTML-Programme\Bad Duerkheim\Homepage Bad Dürkheim\BD_03.06.2008\Mussbach_2\Unterricht.html --> tango-neustadt.de /Neustadt/images Unterricht.html
2015.09.21 19:03 B D:\HTML-Programme\Bad Duerkheim\Homepage Bad Dürkheim\BD_03.06.2008\Mussbach_2\arrow2.gif --> tango-neustadt.de /Neustadt/images arrow2.gif
2015.09.21 19:03 B D:\HTML-Programme\Bad Duerkheim\Homepage Bad Dürkheim\BD_03.06.2008\Mussbach_2\format.css --> tango-neustadt.de /Neustadt/images format.css
2015.09.21 19:03 B D:\HTML-Programme\Bad Duerkheim\Homepage Bad Dürkheim\BD_03.06.2008\Mussbach_2\format2.css --> tango-neustadt.de /Neustadt/images format2.css
2015.09.21 19:03 B D:\HTML-Programme\Bad Duerkheim\Homepage Bad Dürkheim\BD_03.06.2008\Mussbach_2\home.html --> tango-neustadt.de /Neustadt/images home.html
2015.09.21 19:03 B D:\HTML-Programme\Bad Duerkheim\Homepage Bad Dürkheim\BD_03.06.2008\Mussbach_2\Impressum.html --> tango-neustadt.de /Neustadt/images Impressum.html
2015.09.21 19:03 B D:\HTML-Programme\Bad Duerkheim\Homepage Bad Dürkheim\BD_03.06.2008\Mussbach_2\index.html --> tango-neustadt.de /Neustadt/images index.html
2015.09.21 19:03 B D:\HTML-Programme\Bad Duerkheim\Homepage Bad Dürkheim\BD_03.06.2008\Mussbach_2\Kontakt.html --> tango-neustadt.de /Neustadt/images Kontakt.html
2015.09.21 19:03 B D:\HTML-Programme\Bad Duerkheim\Homepage Bad Dürkheim\BD_03.06.2008\Mussbach_2\Milonga.html --> tango-neustadt.de /Neustadt/images Milonga.html
2015.09.21 19:03 B D:\HTML-Programme\Bad Duerkheim\Homepage Bad Dürkheim\BD_03.06.2008\Mussbach_2\Tangokurse.html --> tango-neustadt.de /Neustadt/images Tangokurse.html
2015.09.21 19:03 B D:\HTML-Programme\Bad Duerkheim\Homepage Bad Dürkheim\BD_03.06.2008\Mussbach_2\Ueberuns.html --> tango-neustadt.de /Neustadt/images Ueberuns.html
2015.09.21 19:03 B D:\HTML-Programme\Bad Duerkheim\Homepage Bad Dürkheim\BD_03.06.2008\Mussbach_2\Unterricht.html --> tango-neustadt.de /Neustadt/images Unterricht.html
2015.09.21 19:06 B D:\HTML-Programme\Bad Duerkheim\Homepage Bad Dürkheim\BD_03.06.2008\Mussbach_2\arrow2.gif --> tango-neustadt.de /Neustadt arrow2.gif
2015.09.21 19:06 B D:\HTML-Programme\Bad Duerkheim\Homepage Bad Dürkheim\BD_03.06.2008\Mussbach_2\format.css --> tango-neustadt.de /Neustadt format.css
2015.09.21 19:06 B D:\HTML-Programme\Bad Duerkheim\Homepage Bad Dürkheim\BD_03.06.2008\Mussbach_2\format2.css --> tango-neustadt.de /Neustadt format2.css
2015.09.21 19:06 B D:\HTML-Programme\Bad Duerkheim\Homepage Bad Dürkheim\BD_03.06.2008\Mussbach_2\home.html --> tango-neustadt.de /Neustadt home.html
2015.09.21 19:06 B D:\HTML-Programme\Bad Duerkheim\Homepage Bad Dürkheim\BD_03.06.2008\Mussbach_2\Impressum.html --> tango-neustadt.de /Neustadt Impressum.html
2015.09.21 19:06 B D:\HTML-Programme\Bad Duerkheim\Homepage Bad Dürkheim\BD_03.06.2008\Mussbach_2\index.html --> tango-neustadt.de /Neustadt index.html
2015.09.21 19:06 B D:\HTML-Programme\Bad Duerkheim\Homepage Bad Dürkheim\BD_03.06.2008\Mussbach_2\Kontakt.html --> tango-neustadt.de /Neustadt Kontakt.html
2015.09.21 19:06 B D:\HTML-Programme\Bad Duerkheim\Homepage Bad Dürkheim\BD_03.06.2008\Mussbach_2\Milonga.html --> tango-neustadt.de /Neustadt Milonga.html
2015.09.21 19:06 B D:\HTML-Programme\Bad Duerkheim\Homepage Bad Dürkheim\BD_03.06.2008\Mussbach_2\Tangokurse.html --> tango-neustadt.de /Neustadt Tangokurse.html
2015.09.21 19:06 B D:\HTML-Programme\Bad Duerkheim\Homepage Bad Dürkheim\BD_03.06.2008\Mussbach_2\Ueberuns.html --> tango-neustadt.de /Neustadt Ueberuns.html
2015.09.21 19:06 B D:\HTML-Programme\Bad Duerkheim\Homepage Bad Dürkheim\BD_03.06.2008\Mussbach_2\Unterricht.html --> tango-neustadt.de /Neustadt Unterricht.html
2015.09.21 19:13 B D:\HTML-Programme\Bad Duerkheim\Homepage Bad Dürkheim\BD_03.06.2008\Mussbach_2\home.html --> tango-neustadt.de /Neustadt home.html
2015.09.21 19:14 B D:\HTML-Programme\Bad Duerkheim\Homepage Bad Dürkheim\BD_03.06.2008\Mussbach_2\Ueberuns.html --> tango-neustadt.de /Neustadt Ueberuns.html
2015.09.21 19:16 B D:\HTML-Programme\Bad Duerkheim\Homepage Bad Dürkheim\BD_03.06.2008\Mussbach_2\format_back.css --> tango-neustadt.de /Neustadt format_back.css
2015.09.21 19:23 B D:\HTML-Programme\Bad Duerkheim\Homepage Bad Dürkheim\BD_03.06.2008\Mussbach_2\index.html --> tango-neustadt.de /Neustadt index.html
2015.09.22 23:49 B D:\HTML\Homepages\BD_03.06.2008\Mussbach_2\home.html --> www.Tangohaus.net /Neustadt home.html
2015.09.22 23:49 B D:\HTML\Homepages\BD_03.06.2008\Mussbach_2\index.html --> www.Tangohaus.net /Neustadt index.html
2015.09.22 23:49 B D:\HTML\Homepages\BD_03.06.2008\Mussbach_2\Tangokurse.html --> www.Tangohaus.net /Neustadt Tangokurse.html
2015.09.22 23:49 B D:\HTML\Homepages\BD_03.06.2008\Mussbach_2\Ueberuns.html --> www.Tangohaus.net /Neustadt Ueberuns.html
2015.09.22 23:49 B D:\HTML\Homepages\BD_03.06.2008\Mussbach_2\Unterricht.html --> www.Tangohaus.net /Neustadt Unterricht.html
2015.09.22 23:49 B D:\HTML\Homepages\BD_03.06.2008\Mussbach_2\Milonga.html --> www.Tangohaus.net /Neustadt Milonga.html
2015.09.22 23:49 B D:\HTML\Homepages\BD_03.06.2008\Mussbach_2\Kontakt.html --> www.Tangohaus.net /Neustadt Kontakt.html
2015.09.22 23:49 B D:\HTML\Homepages\BD_03.06.2008\Mussbach_2\Impressum.html --> www.Tangohaus.net /Neustadt Impressum.html
2015.09.22 23:59 B D:\HTML\Homepages\BD_03.06.2008\Mussbach_2\home.html --> www.Tangohaus.net /Neustadt home.html
2015.09.23 00:01 B D:\HTML\Homepages\BD_03.06.2008\Mussbach_2\home.html --> www.Tangohaus.net /Neustadt home.html
2015.09.23 00:10 B D:\HTML\Homepages\BD_03.06.2008\Mussbach_2\home.html --> www.Tangohaus.net /Neustadt home.html
2015.09.23 09:22 B D:\HTML\Homepages\BD_03.06.2008\Mussbach_2\index.html --> www.Tangohaus.net /Neustadt index.html
2015.09.23 09:22 B D:\HTML\Homepages\BD_03.06.2008\Mussbach_2\home.html --> www.Tangohaus.net /Neustadt home.html
2015.09.23 09:22 B D:\HTML\Homepages\BD_03.06.2008\Mussbach_2\Tangokurse.html --> www.Tangohaus.net /Neustadt Tangokurse.html
2015.09.23 09:32 B D:\HTML\Homepages\BD_03.06.2008\Mussbach_2\home.html --> www.Tangohaus.net /Neustadt home.html
2015.09.23 09:33 B D:\HTML\Homepages\BD_03.06.2008\Mussbach_2\home.html --> www.Tangohaus.net /Neustadt home.html
2015.09.23 09:36 B D:\HTML\Homepages\BD_03.06.2008\Mussbach_2\Tangokurse.html --> www.Tangohaus.net /Neustadt Tangokurse.html
2015.09.23 09:37 B D:\HTML\Homepages\BD_03.06.2008\Mussbach_2\Tangokurse.html --> www.Tangohaus.net /Neustadt Tangokurse.html
2015.09.23 09:37 B D:\HTML\Homepages\BD_03.06.2008\Mussbach_2\index.html --> www.Tangohaus.net /Neustadt index.html
2015.09.23 09:38 B D:\HTML\Homepages\BD_03.06.2008\Mussbach_2\index.html --> www.Tangohaus.net /Neustadt index.html
2015.09.23 09:56 B D:\HTML\Homepages\BD_03.06.2008\Mussbach_2\Tangokurse.html --> www.Tangohaus.net /Neustadt Tangokurse.html
2015.09.23 09:58 B D:\HTML\Homepages\BD_03.06.2008\Mussbach_2\index.html --> www.Tangohaus.net /Neustadt index.html
2015.09.23 09:59 B D:\HTML\Homepages\BD_03.06.2008\Mussbach_2\index.html --> www.Tangohaus.net /Neustadt index.html
2015.09.23 09:59 B D:\HTML\Homepages\BD_03.06.2008\Mussbach_2\index.html --> www.Tangohaus.net /Neustadt index.html
2015.09.23 09:59 B D:\HTML\Homepages\BD_03.06.2008\Mussbach_2\index.html --> www.Tangohaus.net /Neustadt index.html
2015.09.23 10:00 B D:\HTML\Homepages\BD_03.06.2008\Mussbach_2\home.html --> www.Tangohaus.net /Neustadt home.html
2015.09.23 10:00 B D:\HTML\Homepages\BD_03.06.2008\Mussbach_2\home.html --> www.Tangohaus.net /Neustadt home.html
2015.09.23 10:01 B D:\HTML\Homepages\BD_03.06.2008\Mussbach_2\home.html --> www.Tangohaus.net /Neustadt home.html
2015.09.23 10:02 B D:\HTML\Homepages\BD_03.06.2008\Mussbach_2\Tangokurse.html --> www.Tangohaus.net /Neustadt Tangokurse.html
2015.09.23 15:15 B D:\HTML\Homepages\BD_03.06.2008\Mussbach_2\home.html --> www.Tangohaus.net /Neustadt home.html
2015.09.23 15:15 B D:\HTML\Homepages\BD_03.06.2008\Mussbach_2\index.html --> www.Tangohaus.net /Neustadt index.html
2015.09.23 17:19 B D:\HTML\Homepages\BD_03.06.2008\Mussbach_2\home.html --> www.Tangohaus.net /Neustadt home.html
2015.09.23 18:16 B D:\HTML\Homepages\BD_03.06.2008\Mussbach_2\Impressum.html --> www.Tangohaus.net /Neustadt Impressum.html
2015.09.23 18:18 B D:\HTML\Homepages\BD_03.06.2008\Mussbach_2\Impressum.html --> www.Tangohaus.net /Neustadt Impressum.html
2015.09.23 18:18 B D:\HTML\Homepages\BD_03.06.2008\Mussbach_2\Tangokurse.html --> www.Tangohaus.net /Neustadt Tangokurse.html
2015.09.23 18:20 B D:\HTML\Homepages\BD_03.06.2008\Mussbach_2\Kontakt.html --> www.Tangohaus.net /Neustadt Kontakt.html
2015.09.23 18:20 B D:\HTML\Homepages\BD_03.06.2008\Mussbach_2\Milonga.html --> www.Tangohaus.net /Neustadt Milonga.html
2015.09.23 18:21 B D:\HTML\Homepages\BD_03.06.2008\Mussbach_2\Unterricht.html --> www.Tangohaus.net /Neustadt Unterricht.html
2015.09.23 18:28 B D:\HTML\Homepages\BD_03.06.2008\Mussbach_2\Kontakt.html --> www.Tangohaus.net /Neustadt Kontakt.html
2015.09.23 18:31 B D:\HTML\Homepages\BD_03.06.2008\Mussbach_2\Impressum.html --> www.Tangohaus.net /Neustadt Impressum.html
2015.09.23 18:36 B D:\HTML\Homepages\BD_03.06.2008\Mussbach_2\Kontakt.html --> www.Tangohaus.net /Neustadt Kontakt.html
2015.09.23 18:37 B D:\HTML\Homepages\BD_03.06.2008\Mussbach_2\Kontakt.html --> www.Tangohaus.net /Neustadt Kontakt.html
2015.09.24 00:05 B C:\Users\Eva\Desktop\HTML\BD_03.06.2008\Mussbach_2\Tangokurse.html --> www.Tangohaus.net /Neustadt Tangokurse.html
2015.09.24 00:05 B C:\Users\Eva\Desktop\HTML\BD_03.06.2008\Mussbach_2\Milonga.html --> www.Tangohaus.net /Neustadt Milonga.html
2015.09.24 00:05 B C:\Users\Eva\Desktop\HTML\BD_03.06.2008\Mussbach_2\index.html --> www.Tangohaus.net /Neustadt index.html
2015.09.24 00:05 B C:\Users\Eva\Desktop\HTML\BD_03.06.2008\Mussbach_2\home.html --> www.Tangohaus.net /Neustadt home.html
2015.09.24 09:15 B C:\Users\Eva\Desktop\HTML\BD_03.06.2008\Mussbach_2\format.css --> www.Tangohaus.net /Neustadt format.css
2015.09.24 09:15 B C:\Users\Eva\Desktop\HTML\BD_03.06.2008\Mussbach_2\Links.html --> www.Tangohaus.net /Neustadt Links.html
2015.09.24 09:15 B C:\Users\Eva\Desktop\HTML\BD_03.06.2008\Mussbach_2\Milonga.html --> www.Tangohaus.net /Neustadt Milonga.html
2015.09.24 09:16 B C:\Users\Eva\Desktop\HTML\BD_03.06.2008\Mussbach_2\index.html --> www.Tangohaus.net /Neustadt index.html
2015.09.24 09:21 B C:\Users\Eva\Desktop\HTML\BD_03.06.2008\Mussbach_2\Links.html --> www.Tangohaus.net /Neustadt Links.html
2015.09.24 09:51 B D:\HTML\Homepages\BD_03.06.2008\Mussbach_2\Impressum.html --> www.Tangohaus.net /Neustadt Impressum.html
2015.09.25 14:25 B D:\HTML\Homepages\BD_03.06.2008\Mussbach_2\home.html --> www.Tangohaus.net /Neustadt home.html
2015.09.25 14:25 B D:\HTML\Homepages\BD_03.06.2008\Mussbach_2\Milonga.html --> www.Tangohaus.net /Neustadt Milonga.html
2015.09.25 14:25 B D:\HTML\Homepages\BD_03.06.2008\Mussbach_2\Tangokurse.html --> www.Tangohaus.net /Neustadt Tangokurse.html
2015.09.25 14:36 B D:\HTML\Homepages\BD_03.06.2008\Mussbach_2\Kontakt.html --> www.Tangohaus.net /Neustadt Kontakt.html
2015.09.25 14:38 B D:\HTML\Homepages\BD_03.06.2008\Mussbach_2\Kontakt.html --> www.Tangohaus.net /Neustadt Kontakt.html
2015.09.25 14:39 B D:\HTML\Homepages\BD_03.06.2008\Mussbach_2\Kontakt.html --> www.Tangohaus.net /Neustadt Kontakt.html
2015.09.25 14:41 B D:\HTML\Homepages\BD_03.06.2008\Mussbach_2\Kontakt.html --> www.Tangohaus.net /Neustadt Kontakt.html
2015.09.25 14:42 B D:\HTML\Homepages\BD_03.06.2008\Mussbach_2\Kontakt.html --> www.Tangohaus.net /Neustadt Kontakt.html
2015.09.25 14:46 B D:\HTML\Homepages\BD_03.06.2008\Mussbach_2\Kontakt.html --> www.Tangohaus.net /Neustadt Kontakt.html
2015.09.25 14:46 B D:\HTML\Homepages\BD_03.06.2008\Mussbach_2\Kontakt.html --> www.Tangohaus.net /Neustadt Kontakt.html
2015.09.25 14:47 B D:\HTML\Homepages\BD_03.06.2008\Mussbach_2\Kontakt.html --> www.Tangohaus.net /Neustadt Kontakt.html
2015.09.25 14:48 B D:\HTML\Homepages\BD_03.06.2008\Mussbach_2\Kontakt.html --> www.Tangohaus.net /Neustadt Kontakt.html
2015.09.25 14:49 B D:\HTML\Homepages\BD_03.06.2008\Mussbach_2\Kontakt.html --> www.Tangohaus.net /Neustadt Kontakt.html
2015.09.25 14:50 B D:\HTML\Homepages\BD_03.06.2008\Mussbach_2\Kontakt.html --> www.Tangohaus.net /Neustadt Kontakt.html
2015.09.25 14:50 B D:\HTML\Homepages\BD_03.06.2008\Mussbach_2\Kontakt.html --> www.Tangohaus.net /Neustadt Kontakt.html
2015.09.25 14:52 B D:\HTML\Homepages\BD_03.06.2008\Mussbach_2\Kontakt.html --> www.Tangohaus.net /Neustadt Kontakt.html
2015.09.25 14:55 B D:\HTML\Homepages\BD_03.06.2008\Mussbach_2\Kontakt.html --> www.Tangohaus.net /Neustadt Kontakt.html
2015.09.25 14:57 B D:\HTML\Homepages\BD_03.06.2008\Mussbach_2\Kontakt.html --> www.Tangohaus.net /Neustadt Kontakt.html
2015.09.25 15:07 B D:\HTML\Homepages\BD_03.06.2008\Mussbach_2\Kontakt.html <-- www.tangohaus.net /Neustadt Kontakt.html
2015.09.25 15:07 B D:\HTML\Homepages\BD_03.06.2008\Mussbach_2\Kontakt.html <-- www.tangohaus.net /Neustadt Kontakt.html
2015.09.25 15:08 B D:\HTML\Homepages\BD_03.06.2008\Mussbach_2\Kontakt.html --> www.Tangohaus.net /Neustadt Kontakt.html
2015.09.25 15:08 B D:\HTML\Homepages\BD_03.06.2008\Mussbach_2\Kontakt.html --> www.Tangohaus.net /Neustadt Kontakt.html
2015.09.25 15:09 B D:\HTML\Homepages\BD_03.06.2008\Mussbach_2\Kontakt.html --> www.Tangohaus.net /Neustadt Kontakt.html
2015.09.25 15:10 B D:\HTML\Homepages\BD_03.06.2008\Mussbach_2\Kontakt.html --> www.Tangohaus.net /Neustadt Kontakt.html
2015.09.25 15:10 B D:\HTML\Homepages\BD_03.06.2008\Mussbach_2\Kontakt.html --> www.Tangohaus.net /Neustadt Kontakt.html
2015.09.25 15:11 B D:\HTML\Homepages\BD_03.06.2008\Mussbach_2\Kontakt.html --> www.Tangohaus.net /Neustadt Kontakt.html
2015.09.25 15:11 B D:\HTML\Homepages\BD_03.06.2008\Mussbach_2\Kontakt.html --> www.Tangohaus.net /Neustadt Kontakt.html
2015.09.25 15:12 B D:\HTML\Homepages\BD_03.06.2008\Mussbach_2\Kontakt.html --> www.Tangohaus.net /Neustadt Kontakt.html
2015.09.25 18:20 B C:\Users\Eva\Desktop\HTML\BD_03.06.2008\Mussbach_2\format.css --> www.Tangohaus.net /Neustadt format.css
2015.09.25 18:21 B C:\Users\Eva\Desktop\HTML\BD_03.06.2008\Mussbach_2\Impressum.html --> www.Tangohaus.net /Neustadt Impressum.html
2015.09.25 18:21 B C:\Users\Eva\Desktop\HTML\BD_03.06.2008\Mussbach_2\Kontakt.html --> www.Tangohaus.net /Neustadt Kontakt.html
2015.09.25 18:21 B C:\Users\Eva\Desktop\HTML\BD_03.06.2008\Mussbach_2\Links.html --> www.Tangohaus.net /Neustadt Links.html
2015.09.25 18:21 B C:\Users\Eva\Desktop\HTML\BD_03.06.2008\Mussbach_2\Milonga.html --> www.Tangohaus.net /Neustadt Milonga.html
2015.09.25 18:21 B C:\Users\Eva\Desktop\HTML\BD_03.06.2008\Mussbach_2\Tangokurse.html --> www.Tangohaus.net /Neustadt Tangokurse.html
2015.09.25 18:21 B C:\Users\Eva\Desktop\HTML\BD_03.06.2008\Mussbach_2\Ueberuns.html --> www.Tangohaus.net /Neustadt Ueberuns.html
2015.09.25 18:21 B C:\Users\Eva\Desktop\HTML\BD_03.06.2008\Mussbach_2\Unterricht.html --> www.Tangohaus.net /Neustadt Unterricht.html
2015.09.26 01:00 B C:\Users\Eva\Desktop\HTML\BD_03.06.2008\Mussbach_2\home.html --> www.Tangohaus.net /Neustadt home.html
2015.09.26 01:04 B C:\Users\Eva\Desktop\HTML\BD_03.06.2008\Mussbach_2\format.css --> www.Tangohaus.net /Neustadt format.css
2015.09.26 08:39 B C:\Users\Eva\Desktop\HTML\BD_03.06.2008\Mussbach_2\format.css --> www.Tangohaus.net /Neustadt format.css
2015.09.26 08:39 B C:\Users\Eva\Desktop\HTML\BD_03.06.2008\Mussbach_2\format2.css --> www.Tangohaus.net /Neustadt format2.css
2015.09.26 08:40 B C:\Users\Eva\Desktop\HTML\BD_03.06.2008\Mussbach_2\index.html --> www.Tangohaus.net /Neustadt index.html
2015.09.26 14:22 B C:\Users\Eva\Desktop\HTML\BD_03.06.2008\Mussbach_2\format.css --> www.Tangohaus.net /Neustadt format.css
2015.09.26 14:22 B C:\Users\Eva\Desktop\HTML\BD_03.06.2008\Mussbach_2\index.html --> www.Tangohaus.net /Neustadt index.html
2015.09.26 14:24 B C:\Users\Eva\Desktop\HTML\BD_03.06.2008\Mussbach_2\index.html --> www.Tangohaus.net /Neustadt index.html
2015.09.26 14:24 B C:\Users\Eva\Desktop\HTML\BD_03.06.2008\Mussbach_2\format.css --> www.Tangohaus.net /Neustadt format.css
2015.09.26 14:25 B C:\Users\Eva\Desktop\HTML\BD_03.06.2008\Mussbach_2\index.html --> www.Tangohaus.net /Neustadt index.html
2015.09.26 14:36 B C:\Users\Eva\Desktop\HTML\BD_03.06.2008\Mussbach_2\index.html --> www.Tangohaus.net /Neustadt index.html
2015.09.26 14:36 B C:\Users\Eva\Desktop\HTML\BD_03.06.2008\Mussbach_2\format.css --> www.Tangohaus.net /Neustadt format.css
2015.09.26 15:20 B C:\Users\Eva\Desktop\HTML\BD_03.06.2008\Mussbach_2\format.css --> www.Tangohaus.net /Neustadt format.css
2015.09.26 15:20 B C:\Users\Eva\Desktop\HTML\BD_03.06.2008\Mussbach_2\Unterricht.html --> www.Tangohaus.net /Neustadt Unterricht.html
2015.09.26 16:32 B C:\Users\Eva\Desktop\HTML\BD_03.06.2008\Mussbach_2\Milonga.html --> www.Tangohaus.net /Neustadt Milonga.html
2015.09.26 17:07 B C:\Users\Eva\Desktop\HTML\BD_03.06.2008\Mussbach_2\Milonga.html --> www.Tangohaus.net /Neustadt Milonga.html
2015.09.26 17:40 B C:\Users\Eva\Desktop\HTML\BD_03.06.2008\Mussbach_2\Tangokurse.html --> www.Tangohaus.net /Neustadt Tangokurse.html
2015.09.27 02:14 B C:\Users\Eva\Desktop\HTML\BD_03.06.2008\Mussbach_2\Andreas.html --> www.Tangohaus.net /Neustadt Andreas.html
2015.09.27 02:14 B C:\Users\Eva\Desktop\HTML\BD_03.06.2008\Mussbach_2\Ueberuns.html --> www.Tangohaus.net /Neustadt Ueberuns.html
2015.09.27 10:38 B C:\Users\Eva\Desktop\HTML\BD_03.06.2008\Mussbach_2\Andreas.html --> www.Tangohaus.net /Neustadt Andreas.html
2015.09.27 13:04 B D:\HTML-Programme\Bad Duerkheim\Homepage Bad Dürkheim\BD_03.06.2008\Mussbach_2\Ueberuns.html --> tango-neustadt.de /Neustadt Ueberuns.html
2015.09.27 15:04 B D:\HTML-Programme\Bad Duerkheim\Homepage Bad Dürkheim\BD_03.06.2008\Mussbach_2\format.css --> tango-neustadt.de /Neustadt format.css
2015.09.27 15:15 B D:\HTML-Programme\Bad Duerkheim\Homepage Bad Dürkheim\BD_03.06.2008\Mussbach_2\Kontakt.html --> tango-neustadt.de /Neustadt Kontakt.html
2015.09.27 15:15 B D:\HTML-Programme\Bad Duerkheim\Homepage Bad Dürkheim\BD_03.06.2008\Mussbach_2\Kontakt.html --> tango-neustadt.de /Neustadt Kontakt.html
2015.09.27 15:15 B D:\HTML-Programme\Bad Duerkheim\Homepage Bad Dürkheim\BD_03.06.2008\Mussbach_2\Kontakt.html --> tango-neustadt.de /Neustadt Kontakt.html
2015.09.27 15:15 B D:\HTML-Programme\Bad Duerkheim\Homepage Bad Dürkheim\BD_03.06.2008\Mussbach_2\Kontakt.html --> tango-neustadt.de /Neustadt Kontakt.html
2015.09.27 15:30 B D:\HTML-Programme\Bad Duerkheim\Homepage Bad Dürkheim\BD_03.06.2008\Mussbach_2\Impressum.html --> tango-neustadt.de /Neustadt Impressum.html
2015.09.27 15:30 B D:\HTML-Programme\Bad Duerkheim\Homepage Bad Dürkheim\BD_03.06.2008\Mussbach_2\format.css --> tango-neustadt.de /Neustadt format.css
2015.09.27 16:08 B D:\HTML-Programme\Bad Duerkheim\Homepage Bad Dürkheim\BD_03.06.2008\Mussbach_2\format.css --> tango-neustadt.de /Neustadt format.css
2015.09.27 16:08 B D:\HTML-Programme\Bad Duerkheim\Homepage Bad Dürkheim\BD_03.06.2008\Mussbach_2\home.html --> tango-neustadt.de /Neustadt home.html
2015.09.27 23:46 B D:\HTML-Programme\Bad Duerkheim\Homepage Bad Dürkheim\BD_03.06.2008\Mussbach_2\format.css --> tango-neustadt.de /Neustadt format.css
2015.09.28 00:00 B D:\HTML-Programme\Bad Duerkheim\Homepage Bad Dürkheim\BD_03.06.2008\Mussbach_2\Milonga.html --> tango-neustadt.de /Neustadt Milonga.html
2015.09.28 00:14 B D:\HTML-Programme\Bad Duerkheim\Homepage Bad Dürkheim\BD_03.06.2008\Mussbach_2\Impressum.html --> tango-neustadt.de /Neustadt Impressum.html
2015.09.28 00:14 B D:\HTML-Programme\Bad Duerkheim\Homepage Bad Dürkheim\BD_03.06.2008\Mussbach_2\Milonga.html --> tango-neustadt.de /Neustadt Milonga.html
2015.09.28 00:14 B D:\HTML-Programme\Bad Duerkheim\Homepage Bad Dürkheim\BD_03.06.2008\Mussbach_2\Kontakt.html --> tango-neustadt.de /Neustadt Kontakt.html
2015.09.28 00:15 B D:\HTML-Programme\Bad Duerkheim\Homepage Bad Dürkheim\BD_03.06.2008\Mussbach_2\index.html --> tango-neustadt.de /Neustadt index.html
2015.09.28 00:17 B D:\HTML-Programme\Bad Duerkheim\Homepage Bad Dürkheim\BD_03.06.2008\Mussbach_2\Tangokurse.html --> tango-neustadt.de /Neustadt Tangokurse.html
2015.09.28 00:19 B D:\HTML-Programme\Bad Duerkheim\Homepage Bad Dürkheim\BD_03.06.2008\Mussbach_2\Unterricht.html --> tango-neustadt.de /Neustadt Unterricht.html
2015.09.28 00:23 B D:\HTML-Programme\Bad Duerkheim\Homepage Bad Dürkheim\BD_03.06.2008\Mussbach_2\Ueberuns.html --> tango-neustadt.de /Neustadt Ueberuns.html
2015.09.28 00:25 B D:\HTML-Programme\Bad Duerkheim\Homepage Bad Dürkheim\BD_03.06.2008\Mussbach_2\Andreas.html --> tango-neustadt.de /Neustadt Andreas.html
2015.09.28 00:27 B D:\HTML-Programme\Bad Duerkheim\Homepage Bad Dürkheim\BD_03.06.2008\Mussbach_2\Unterricht.html --> tango-neustadt.de /Neustadt Unterricht.html
2015.09.28 00:30 B D:\HTML-Programme\Bad Duerkheim\Homepage Bad Dürkheim\BD_03.06.2008\Mussbach_2\Ueberuns.html --> tango-neustadt.de /Neustadt Ueberuns.html
2015.09.28 00:31 B D:\HTML-Programme\Bad Duerkheim\Homepage Bad Dürkheim\BD_03.06.2008\Mussbach_2\Andreas.html --> tango-neustadt.de /Neustadt Andreas.html
2015.09.28 00:33 B D:\HTML-Programme\Bad Duerkheim\Homepage Bad Dürkheim\BD_03.06.2008\Mussbach_2\format.css --> tango-neustadt.de /Neustadt format.css
2015.09.28 00:35 B D:\HTML-Programme\Bad Duerkheim\Homepage Bad Dürkheim\BD_03.06.2008\Mussbach_2\format.css --> tango-neustadt.de /Neustadt format.css
