2009.11.03 01:07 B I:\Daten\2009\13.10.2009\HTML-Programme\TangoRevolution.de\images\Andreas.jpg --> www.TangoRevolution.de /www/images Andreas.jpg
2009.11.03 01:07 B I:\Daten\2009\13.10.2009\HTML-Programme\TangoRevolution.de\images\Saska_mit_Homer_gif.gif --> www.TangoRevolution.de /www/images Saska_mit_Homer_gif.gif
2009.11.03 08:47 B I:\Daten\2009\13.10.2009\HTML-Programme\TangoRevolution.de\images\Tangopaar_gif.gif --> www.TangoRevolution.de /www/images Tangopaar_gif.gif
2009.11.08 15:52 B I:\Daten\2009\13.10.2009\HTML-Programme\TangoRevolution.de\images\IFK_Poster.jpg --> www.TangoRevolution.de /www/images IFK_Poster.jpg
2009.11.10 12:32 B I:\Daten\2009\13.10.2009\HTML-Programme\TangoRevolution.de\images\Poster.jpg --> www.TangoRevolution.de /www/images Poster.jpg
2009.11.10 12:32 B I:\Daten\2009\13.10.2009\HTML-Programme\TangoRevolution.de\images\Logo_4.gif --> www.TangoRevolution.de /www/images Logo_4.gif
2009.11.10 15:16 B I:\Daten\2009\13.10.2009\HTML-Programme\TangoRevolution.de\Version_2\images\Logo_8.gif --> www.TangoRevolution.de /www/images Logo_8.gif
2009.11.10 15:24 B I:\Daten\2009\13.10.2009\HTML-Programme\TangoRevolution.de\Version_2\images\Impressum1.gif --> www.TangoRevolution.de /www/images Impressum1.gif
2009.11.11 01:13 B I:\Daten\2009\13.10.2009\HTML-Programme\TangoRevolution.de\Version_2\images\Andreas.jpg --> www.TangoRevolution.de /www/images Andreas.jpg
2009.11.11 13:34 B I:\Daten\2009\11.11.2009\HTML-Programme\TangoRevolution.de\Version_2\images\Logo_Neu_1.gif --> www.TangoRevolution.de /www/images Logo_Neu_1.gif
2009.11.11 14:39 B I:\Daten\2009\11.11.2009\HTML-Programme\TangoRevolution.de\Version_2\images\IFK_Poster.jpg --> www.TangoRevolution.de /www/images IFK_Poster.jpg
2009.11.11 14:39 B I:\Daten\2009\11.11.2009\HTML-Programme\TangoRevolution.de\Version_2\images\Logo_Neu_1.gif --> www.TangoRevolution.de /www/images Logo_Neu_1.gif
2009.11.11 14:39 B I:\Daten\2009\11.11.2009\HTML-Programme\TangoRevolution.de\Version_2\images\Poster.jpg --> www.TangoRevolution.de /www/images Poster.jpg
2009.11.11 14:39 B I:\Daten\2009\11.11.2009\HTML-Programme\TangoRevolution.de\Version_2\images\Saska_mit_Homer_gif.gif --> www.TangoRevolution.de /www/images Saska_mit_Homer_gif.gif
2009.11.11 14:39 B I:\Daten\2009\11.11.2009\HTML-Programme\TangoRevolution.de\Version_2\images\Andreas.jpg --> www.TangoRevolution.de /www/images Andreas.jpg
2009.11.16 01:08 B I:\Daten\2009\11.11.2009\HTML-Programme\TangoRevolution.de\Version_2\images\svenYsaska_2.jpg --> www.TangoRevolution.de /www/images svenYsaska_2.jpg
2009.11.16 01:08 B I:\Daten\2009\11.11.2009\HTML-Programme\TangoRevolution.de\Version_2\images\svenYsaska.jpg --> www.TangoRevolution.de /www/images svenYsaska.jpg
2009.11.16 12:08 B I:\Daten\2009\11.11.2009\HTML-Programme\TangoRevolution.de\Version_2\images\HomeFoto.jpg --> www.TangoRevolution.de /www/images HomeFoto.jpg
2009.11.17 03:42 B I:\Daten\2009\11.11.2009\HTML-Programme\TangoRevolution.de\Version_2\images\HomeFoto1.jpg --> www.TangoRevolution.de /www/images HomeFoto1.jpg
2009.11.17 03:56 B I:\Daten\2009\11.11.2009\HTML-Programme\TangoRevolution.de\Version_2\images\Andreas.jpg --> www.TangoRevolution.de /www/images Andreas.jpg
2009.12.15 13:08 B I:\Daten\2009\11.11.2009\HTML-Programme\TangoRevolution.de\Version_2\images\TangoReisen.jpg --> www.TangoRevolution.de /www/images TangoReisen.jpg
