2002.06.07 01:01 B C:\Dokumente und Einstellungen\Andreas\HTML-Programme\Tanztribuene\Tango\Video\2002\Microsoft_wmv\April_02.wmv --> tanztribuene.de /Tango/Video/2002/Microsoft_wmv April_02.wmv
2002.06.07 01:03 B C:\Dokumente und Einstellungen\Andreas\HTML-Programme\Tanztribuene\Tango\Video\2002\Microsoft_wmv\August_02.wmv --> tanztribuene.de /Tango/Video/2002/Microsoft_wmv August_02.wmv
2002.06.07 01:05 B C:\Dokumente und Einstellungen\Andreas\HTML-Programme\Tanztribuene\Tango\Video\2002\Microsoft_wmv\Juli_02.wmv --> tanztribuene.de /Tango/Video/2002/Microsoft_wmv Juli_02.wmv
2002.06.07 01:06 B C:\Dokumente und Einstellungen\Andreas\HTML-Programme\Tanztribuene\Tango\Video\2002\Microsoft_wmv\Juni_02.wmv --> tanztribuene.de /Tango/Video/2002/Microsoft_wmv Juni_02.wmv
2002.06.07 01:08 B C:\Dokumente und Einstellungen\Andreas\HTML-Programme\Tanztribuene\Tango\Video\2002\Microsoft_wmv\Mai_02.wmv --> tanztribuene.de /Tango/Video/2002/Microsoft_wmv Mai_02.wmv
2002.06.07 01:09 B C:\Dokumente und Einstellungen\Andreas\HTML-Programme\Tanztribuene\Tango\Video\2002\Microsoft_wmv\Oktober_02.wmv --> tanztribuene.de /Tango/Video/2002/Microsoft_wmv Oktober_02.wmv
2002.06.07 01:11 B C:\Dokumente und Einstellungen\Andreas\HTML-Programme\Tanztribuene\Tango\Video\2002\Microsoft_wmv\September_02.wmv --> tanztribuene.de /Tango/Video/2002/Microsoft_wmv September_02.wmv
2002.09.18 13:01 B C:\Dokumente und Einstellungen\Andreas\HTML-Programme\Tanztribuene\Tango\Video\2002\Microsoft_wmv\April_02.wmv --> tanztribuene.de /Tango/Video/2002/Microsoft_wmv April_02.wmv
2002.09.18 13:03 B C:\Dokumente und Einstellungen\Andreas\HTML-Programme\Tanztribuene\Tango\Video\2002\Microsoft_wmv\Mai_02.wmv --> tanztribuene.de /Tango/Video/2002/Microsoft_wmv Mai_02.wmv
2002.09.18 13:07 B C:\Dokumente und Einstellungen\Andreas\HTML-Programme\Tanztribuene\Tango\Video\2002\Microsoft_wmv\Juni_02.wmv --> tanztribuene.de /Tango/Video/2002/Microsoft_wmv Juni_02.wmv
2002.09.18 13:12 B C:\Dokumente und Einstellungen\Andreas\HTML-Programme\Tanztribuene\Tango\Video\2002\Microsoft_wmv\Juli_02.wmv --> tanztribuene.de /Tango/Video/2002/Microsoft_wmv Juli_02.wmv
2002.09.18 13:13 B C:\Dokumente und Einstellungen\Andreas\HTML-Programme\Tanztribuene\Tango\Video\2002\Microsoft_wmv\September_02.wmv --> tanztribuene.de /Tango/Video/2002/Microsoft_wmv September_02.wmv
2002.09.18 13:15 B C:\Dokumente und Einstellungen\Andreas\HTML-Programme\Tanztribuene\Tango\Video\2002\Microsoft_wmv\Oktober_02.wmv --> tanztribuene.de /Tango/Video/2002/Microsoft_wmv Oktober_02.wmv
2002.09.18 13:18 B C:\Dokumente und Einstellungen\Andreas\HTML-Programme\Tanztribuene\Tango\Video\2002\Microsoft_wmv\August_02.wmv --> tanztribuene.de /Tango/Video/2002/Microsoft_wmv August_02.wmv
2002.09.18 13:43 B C:\Dokumente und Einstellungen\Andreas\HTML-Programme\Tanztribuene\Tango\Video\2002\Microsoft_wmv\Tangotrickfilm2.wmv <-- www.tanztribuene.de /Tango/Video/2002/Microsoft_wmv Tangotrickfilm2.wmv
2002.10.29 10:08 B C:\Dokumente und Einstellungen\Andreas\HTML-Programme\Tanztribuene\Tango\Video\2002\April.html --> tanztribuene.de /Tango/Video/2002 April.html
2002.10.29 10:08 B C:\Dokumente und Einstellungen\Andreas\HTML-Programme\Tanztribuene\Tango\Video\2002\August.html --> tanztribuene.de /Tango/Video/2002 August.html
2002.10.29 10:08 B C:\Dokumente und Einstellungen\Andreas\HTML-Programme\Tanztribuene\Tango\Video\2002\Juli.html --> tanztribuene.de /Tango/Video/2002 Juli.html
2002.10.29 10:08 B C:\Dokumente und Einstellungen\Andreas\HTML-Programme\Tanztribuene\Tango\Video\2002\Juni.html --> tanztribuene.de /Tango/Video/2002 Juni.html
2002.10.29 10:08 B C:\Dokumente und Einstellungen\Andreas\HTML-Programme\Tanztribuene\Tango\Video\2002\Mai.html --> tanztribuene.de /Tango/Video/2002 Mai.html
2002.10.29 10:08 B C:\Dokumente und Einstellungen\Andreas\HTML-Programme\Tanztribuene\Tango\Video\2002\November.html --> tanztribuene.de /Tango/Video/2002 November.html
2002.10.29 10:08 B C:\Dokumente und Einstellungen\Andreas\HTML-Programme\Tanztribuene\Tango\Video\2002\Oktober.html --> tanztribuene.de /Tango/Video/2002 Oktober.html
2002.10.29 10:08 B C:\Dokumente und Einstellungen\Andreas\HTML-Programme\Tanztribuene\Tango\Video\2002\September.html --> tanztribuene.de /Tango/Video/2002 September.html
2002.10.29 10:15 B C:\Dokumente und Einstellungen\Andreas\HTML-Programme\Tanztribuene\Tango\Video\2002\April_02.wmv --> tanztribuene.de /Tango/Video/2002 April_02.wmv
2002.10.29 10:17 B C:\Dokumente und Einstellungen\Andreas\HTML-Programme\Tanztribuene\Tango\Video\2002\August_02.wmv --> tanztribuene.de /Tango/Video/2002 August_02.wmv
2002.10.29 10:18 B C:\Dokumente und Einstellungen\Andreas\HTML-Programme\Tanztribuene\Tango\Video\2002\Juli_02.wmv --> tanztribuene.de /Tango/Video/2002 Juli_02.wmv
2002.10.29 10:20 B C:\Dokumente und Einstellungen\Andreas\HTML-Programme\Tanztribuene\Tango\Video\2002\Juni_02.wmv --> tanztribuene.de /Tango/Video/2002 Juni_02.wmv
2002.10.29 10:21 B C:\Dokumente und Einstellungen\Andreas\HTML-Programme\Tanztribuene\Tango\Video\2002\Mai_02.wmv --> tanztribuene.de /Tango/Video/2002 Mai_02.wmv
2002.10.29 10:23 B C:\Dokumente und Einstellungen\Andreas\HTML-Programme\Tanztribuene\Tango\Video\2002\Oktober_02.wmv --> tanztribuene.de /Tango/Video/2002 Oktober_02.wmv
2002.10.29 10:24 B C:\Dokumente und Einstellungen\Andreas\HTML-Programme\Tanztribuene\Tango\Video\2002\September_02.wmv --> tanztribuene.de /Tango/Video/2002 September_02.wmv
2002.10.29 10:27 B C:\Dokumente und Einstellungen\Andreas\HTML-Programme\Tanztribuene\Tango\Video\2002\Tangotrickfilm2.wmv --> tanztribuene.de /Tango/Video/2002 Tangotrickfilm2.wmv
2002.10.29 10:27 B C:\Dokumente und Einstellungen\Andreas\HTML-Programme\Tanztribuene\Tango\Video\2002\April_02.wmv --> tanztribuene.de /Tango/Video/2002 April_02.wmv
2002.10.29 10:30 B C:\Dokumente und Einstellungen\Andreas\HTML-Programme\Tanztribuene\Tango\Video\2002\April_02.wmv --> tanztribuene.de /Tango/Video/2002 April_02.wmv
2002.10.29 14:21 B C:\Dokumente und Einstellungen\Andreas\HTML-Programme\Tanztribuene\Tango\Video\2002\April.html --> tanztribuene.de /Tango/Video/2002 April.html
2002.10.29 14:21 B C:\Dokumente und Einstellungen\Andreas\HTML-Programme\Tanztribuene\Tango\Video\2002\August.html --> tanztribuene.de /Tango/Video/2002 August.html
2002.10.29 14:21 B C:\Dokumente und Einstellungen\Andreas\HTML-Programme\Tanztribuene\Tango\Video\2002\Juli.html --> tanztribuene.de /Tango/Video/2002 Juli.html
2002.10.29 14:21 B C:\Dokumente und Einstellungen\Andreas\HTML-Programme\Tanztribuene\Tango\Video\2002\Juni.html --> tanztribuene.de /Tango/Video/2002 Juni.html
2002.10.29 14:21 B C:\Dokumente und Einstellungen\Andreas\HTML-Programme\Tanztribuene\Tango\Video\2002\Mai.html --> tanztribuene.de /Tango/Video/2002 Mai.html
2002.10.29 14:21 B C:\Dokumente und Einstellungen\Andreas\HTML-Programme\Tanztribuene\Tango\Video\2002\November.html --> tanztribuene.de /Tango/Video/2002 November.html
2002.10.29 14:21 B C:\Dokumente und Einstellungen\Andreas\HTML-Programme\Tanztribuene\Tango\Video\2002\Oktober.html --> tanztribuene.de /Tango/Video/2002 Oktober.html
2002.10.29 14:21 B C:\Dokumente und Einstellungen\Andreas\HTML-Programme\Tanztribuene\Tango\Video\2002\September.html --> tanztribuene.de /Tango/Video/2002 September.html
2002.12.05 17:14 B C:\Dokumente und Einstellungen\Andreas\HTML-Programme\Tanztribuene\Tango\Video\2002\April.html --> tanztribuene.de /Tango/Video/2002 April.html
2002.12.05 17:14 B C:\Dokumente und Einstellungen\Andreas\HTML-Programme\Tanztribuene\Tango\Video\2002\August.html --> tanztribuene.de /Tango/Video/2002 August.html
2002.12.05 17:14 B C:\Dokumente und Einstellungen\Andreas\HTML-Programme\Tanztribuene\Tango\Video\2002\Juli.html --> tanztribuene.de /Tango/Video/2002 Juli.html
2002.12.05 17:14 B C:\Dokumente und Einstellungen\Andreas\HTML-Programme\Tanztribuene\Tango\Video\2002\Juni.html --> tanztribuene.de /Tango/Video/2002 Juni.html
2002.12.05 17:14 B C:\Dokumente und Einstellungen\Andreas\HTML-Programme\Tanztribuene\Tango\Video\2002\Mai.html --> tanztribuene.de /Tango/Video/2002 Mai.html
2002.12.05 17:14 B C:\Dokumente und Einstellungen\Andreas\HTML-Programme\Tanztribuene\Tango\Video\2002\November.html --> tanztribuene.de /Tango/Video/2002 November.html
2002.12.05 17:14 B C:\Dokumente und Einstellungen\Andreas\HTML-Programme\Tanztribuene\Tango\Video\2002\Oktober.html --> tanztribuene.de /Tango/Video/2002 Oktober.html
2002.12.05 17:14 B C:\Dokumente und Einstellungen\Andreas\HTML-Programme\Tanztribuene\Tango\Video\2002\September.html --> tanztribuene.de /Tango/Video/2002 September.html
2002.12.05 17:20 B C:\Dokumente und Einstellungen\Andreas\HTML-Programme\Tanztribuene\Tango\Video\2002\April.html --> tanztribuene.de /Tango/Video/2002 April.html
2002.12.05 17:22 B C:\Dokumente und Einstellungen\Andreas\HTML-Programme\Tanztribuene\Tango\Video\2002\April.html --> tanztribuene.de /Tango/Video/2002 April.html
2002.12.05 17:29 B C:\Dokumente und Einstellungen\Andreas\HTML-Programme\Tanztribuene\Tango\Video\2002\April.html --> tanztribuene.de /Tango/Video/2002 April.html
2002.12.05 18:19 B C:\Dokumente und Einstellungen\Andreas\HTML-Programme\Tanztribuene\Tango\Video\2002\April.html --> tanztribuene.de /Tango/Video April.html
2002.12.05 18:19 B C:\Dokumente und Einstellungen\Andreas\HTML-Programme\Tanztribuene\Tango\Video\2002\April.html --> tanztribuene.de /Tango/Video/2002 April.html
2003.02.18 01:07 B C:\Dokumente und Einstellungen\Andreas\HTML-Programme\JuanTango_Neu\Video\2002\April.html --> www.Juantango.de /Video/2002 April.html
2003.02.18 01:09 B C:\Dokumente und Einstellungen\Andreas\HTML-Programme\JuanTango_Neu\Video\2002\April_02.wmv --> www.Juantango.de /Video/2002 April_02.wmv
2003.02.18 01:09 B C:\Dokumente und Einstellungen\Andreas\HTML-Programme\JuanTango_Neu\Video\2002\August.html --> www.Juantango.de /Video/2002 August.html
2003.02.18 01:11 B C:\Dokumente und Einstellungen\Andreas\HTML-Programme\JuanTango_Neu\Video\2002\August_02.wmv --> www.Juantango.de /Video/2002 August_02.wmv
2003.02.18 01:11 B C:\Dokumente und Einstellungen\Andreas\HTML-Programme\JuanTango_Neu\Video\2002\Juli.html --> www.Juantango.de /Video/2002 Juli.html
2003.02.18 01:12 B C:\Dokumente und Einstellungen\Andreas\HTML-Programme\JuanTango_Neu\Video\2002\Juli_02.wmv --> www.Juantango.de /Video/2002 Juli_02.wmv
2003.02.18 01:12 B C:\Dokumente und Einstellungen\Andreas\HTML-Programme\JuanTango_Neu\Video\2002\Juni.html --> www.Juantango.de /Video/2002 Juni.html
2003.02.18 01:14 B C:\Dokumente und Einstellungen\Andreas\HTML-Programme\JuanTango_Neu\Video\2002\Juni_02.wmv --> www.Juantango.de /Video/2002 Juni_02.wmv
2003.02.18 01:14 B C:\Dokumente und Einstellungen\Andreas\HTML-Programme\JuanTango_Neu\Video\2002\Mai.html --> www.Juantango.de /Video/2002 Mai.html
2003.02.18 01:15 B C:\Dokumente und Einstellungen\Andreas\HTML-Programme\JuanTango_Neu\Video\2002\Mai_02.wmv --> www.Juantango.de /Video/2002 Mai_02.wmv
2003.02.18 01:15 B C:\Dokumente und Einstellungen\Andreas\HTML-Programme\JuanTango_Neu\Video\2002\November.html --> www.Juantango.de /Video/2002 November.html
2003.02.18 01:15 B C:\Dokumente und Einstellungen\Andreas\HTML-Programme\JuanTango_Neu\Video\2002\Oktober.html --> www.Juantango.de /Video/2002 Oktober.html
2003.02.18 01:17 B C:\Dokumente und Einstellungen\Andreas\HTML-Programme\JuanTango_Neu\Video\2002\Oktober_02.wmv --> www.Juantango.de /Video/2002 Oktober_02.wmv
2003.02.18 01:17 B C:\Dokumente und Einstellungen\Andreas\HTML-Programme\JuanTango_Neu\Video\2002\September.html --> www.Juantango.de /Video/2002 September.html
2003.02.18 01:18 B C:\Dokumente und Einstellungen\Andreas\HTML-Programme\JuanTango_Neu\Video\2002\September_02.wmv --> www.Juantango.de /Video/2002 September_02.wmv
2003.02.18 01:21 B C:\Dokumente und Einstellungen\Andreas\HTML-Programme\JuanTango_Neu\Video\2002\Tangotrickfilm2.wmv --> www.Juantango.de /Video/2002 Tangotrickfilm2.wmv
