2008.05.27 15:02 B E:\HTML-Programme\Bad Duerkheim\BD_19.05.2008\Gaestebuch\images\black.gif --> www.Tangohaus.net /www.Tangohaus.net/Gaestebuch/images black.gif
2008.05.27 15:02 B E:\HTML-Programme\Bad Duerkheim\BD_19.05.2008\Gaestebuch\images\black30.png --> www.Tangohaus.net /www.Tangohaus.net/Gaestebuch/images black30.png
2008.05.27 15:02 B E:\HTML-Programme\Bad Duerkheim\BD_19.05.2008\Gaestebuch\images\fuss.jpg --> www.Tangohaus.net /www.Tangohaus.net/Gaestebuch/images fuss.jpg
2008.05.27 15:02 B E:\HTML-Programme\Bad Duerkheim\BD_19.05.2008\Gaestebuch\images\lay_y.jpg --> www.Tangohaus.net /www.Tangohaus.net/Gaestebuch/images lay_y.jpg
2008.05.27 15:02 B E:\HTML-Programme\Bad Duerkheim\BD_19.05.2008\Gaestebuch\images\pixelspace.gif --> www.Tangohaus.net /www.Tangohaus.net/Gaestebuch/images pixelspace.gif
2008.05.27 15:02 B E:\HTML-Programme\Bad Duerkheim\BD_19.05.2008\Gaestebuch\images\fuss2.gif --> www.Tangohaus.net /www.Tangohaus.net/Gaestebuch/images fuss2.gif
2008.05.27 15:02 B E:\HTML-Programme\Bad Duerkheim\BD_19.05.2008\Gaestebuch\images\black60.png --> www.Tangohaus.net /www.Tangohaus.net/Gaestebuch/images black60.png
2008.05.27 15:02 B E:\HTML-Programme\Bad Duerkheim\BD_19.05.2008\Gaestebuch\images\bgmain.jpg --> www.Tangohaus.net /www.Tangohaus.net/Gaestebuch/images bgmain.jpg
2008.05.27 15:19 B E:\HTML-Programme\Bad Duerkheim\BD_19.05.2008\Gaestebuch\images\email.gif --> www.Tangohaus.net /www.Tangohaus.net/Gaestebuch/images email.gif
2008.05.27 15:19 B E:\HTML-Programme\Bad Duerkheim\BD_19.05.2008\Gaestebuch\images\home.gif --> www.Tangohaus.net /www.Tangohaus.net/Gaestebuch/images home.gif
2014.09.21 00:42 B D:\HTML-Programme\Bad Duerkheim\Homepage Bad Dürkheim\BD_03.06.2008\Gaestebuch\images\bgmain.jpg --> www.Tangohaus.net /Gaestebuch/images bgmain.jpg
2014.09.21 00:42 B D:\HTML-Programme\Bad Duerkheim\Homepage Bad Dürkheim\BD_03.06.2008\Gaestebuch\images\black.gif --> www.Tangohaus.net /Gaestebuch/images black.gif
2014.09.21 00:42 B D:\HTML-Programme\Bad Duerkheim\Homepage Bad Dürkheim\BD_03.06.2008\Gaestebuch\images\black30.png --> www.Tangohaus.net /Gaestebuch/images black30.png
2014.09.21 00:42 B D:\HTML-Programme\Bad Duerkheim\Homepage Bad Dürkheim\BD_03.06.2008\Gaestebuch\images\black60.png --> www.Tangohaus.net /Gaestebuch/images black60.png
2014.09.21 00:42 B D:\HTML-Programme\Bad Duerkheim\Homepage Bad Dürkheim\BD_03.06.2008\Gaestebuch\images\email.gif --> www.Tangohaus.net /Gaestebuch/images email.gif
2014.09.21 00:42 B D:\HTML-Programme\Bad Duerkheim\Homepage Bad Dürkheim\BD_03.06.2008\Gaestebuch\images\fuss.jpg --> www.Tangohaus.net /Gaestebuch/images fuss.jpg
2014.09.21 00:42 B D:\HTML-Programme\Bad Duerkheim\Homepage Bad Dürkheim\BD_03.06.2008\Gaestebuch\images\fuss2.gif --> www.Tangohaus.net /Gaestebuch/images fuss2.gif
2014.09.21 00:42 B D:\HTML-Programme\Bad Duerkheim\Homepage Bad Dürkheim\BD_03.06.2008\Gaestebuch\images\home.gif --> www.Tangohaus.net /Gaestebuch/images home.gif
2014.09.21 00:42 B D:\HTML-Programme\Bad Duerkheim\Homepage Bad Dürkheim\BD_03.06.2008\Gaestebuch\images\lay_y.jpg --> www.Tangohaus.net /Gaestebuch/images lay_y.jpg
2014.09.21 00:42 B D:\HTML-Programme\Bad Duerkheim\Homepage Bad Dürkheim\BD_03.06.2008\Gaestebuch\images\pixelspace.gif --> www.Tangohaus.net /Gaestebuch/images pixelspace.gif
