2015.09.07 17:02 B D:\HTML-Programme\Bad Duerkheim\Homepage Bad Dürkheim\BD_03.06.2008\Mussbach\Java\jsImgSlider\images\caption2.gif --> www.Tangohaus.net /Mussbach/Java/jsImgSlider/images caption2.gif
2015.09.07 17:02 B D:\HTML-Programme\Bad Duerkheim\Homepage Bad Dürkheim\BD_03.06.2008\Mussbach\Java\jsImgSlider\images\caption3.gif --> www.Tangohaus.net /Mussbach/Java/jsImgSlider/images caption3.gif
2015.09.07 17:02 B D:\HTML-Programme\Bad Duerkheim\Homepage Bad Dürkheim\BD_03.06.2008\Mussbach\Java\jsImgSlider\images\image-slider-1.jpg --> www.Tangohaus.net /Mussbach/Java/jsImgSlider/images image-slider-1.jpg
2015.09.07 17:02 B D:\HTML-Programme\Bad Duerkheim\Homepage Bad Dürkheim\BD_03.06.2008\Mussbach\Java\jsImgSlider\images\image-slider-3.jpg --> www.Tangohaus.net /Mussbach/Java/jsImgSlider/images image-slider-3.jpg
2015.09.07 17:02 B D:\HTML-Programme\Bad Duerkheim\Homepage Bad Dürkheim\BD_03.06.2008\Mussbach\Java\jsImgSlider\images\image-slider-5.jpg --> www.Tangohaus.net /Mussbach/Java/jsImgSlider/images image-slider-5.jpg
2015.09.07 17:02 B D:\HTML-Programme\Bad Duerkheim\Homepage Bad Dürkheim\BD_03.06.2008\Mussbach\Java\jsImgSlider\images\slider-2.jpg --> www.Tangohaus.net /Mussbach/Java/jsImgSlider/images slider-2.jpg
2015.09.07 17:02 B D:\HTML-Programme\Bad Duerkheim\Homepage Bad Dürkheim\BD_03.06.2008\Mussbach\Java\jsImgSlider\images\slider-4.jpg --> www.Tangohaus.net /Mussbach/Java/jsImgSlider/images slider-4.jpg
2015.09.07 17:02 B D:\HTML-Programme\Bad Duerkheim\Homepage Bad Dürkheim\BD_03.06.2008\Mussbach\Java\jsImgSlider\images\thumb-2.gif --> www.Tangohaus.net /Mussbach/Java/jsImgSlider/images thumb-2.gif
2015.09.07 17:02 B D:\HTML-Programme\Bad Duerkheim\Homepage Bad Dürkheim\BD_03.06.2008\Mussbach\Java\jsImgSlider\images\thumb-4.gif --> www.Tangohaus.net /Mussbach/Java/jsImgSlider/images thumb-4.gif
2015.09.07 17:02 B D:\HTML-Programme\Bad Duerkheim\Homepage Bad Dürkheim\BD_03.06.2008\Mussbach\Java\jsImgSlider\images\thumb2.jpg --> www.Tangohaus.net /Mussbach/Java/jsImgSlider/images thumb2.jpg
2015.09.07 17:02 B D:\HTML-Programme\Bad Duerkheim\Homepage Bad Dürkheim\BD_03.06.2008\Mussbach\Java\jsImgSlider\images\thumb4.jpg --> www.Tangohaus.net /Mussbach/Java/jsImgSlider/images thumb4.jpg
2015.09.07 17:02 B D:\HTML-Programme\Bad Duerkheim\Homepage Bad Dürkheim\BD_03.06.2008\Mussbach\Java\jsImgSlider\images\thumb5.jpg --> www.Tangohaus.net /Mussbach/Java/jsImgSlider/images thumb5.jpg
2015.09.07 17:02 B D:\HTML-Programme\Bad Duerkheim\Homepage Bad Dürkheim\BD_03.06.2008\Mussbach\Java\jsImgSlider\images\thumb3.jpg --> www.Tangohaus.net /Mussbach/Java/jsImgSlider/images thumb3.jpg
2015.09.07 17:02 B D:\HTML-Programme\Bad Duerkheim\Homepage Bad Dürkheim\BD_03.06.2008\Mussbach\Java\jsImgSlider\images\thumb1.jpg --> www.Tangohaus.net /Mussbach/Java/jsImgSlider/images thumb1.jpg
2015.09.07 17:02 B D:\HTML-Programme\Bad Duerkheim\Homepage Bad Dürkheim\BD_03.06.2008\Mussbach\Java\jsImgSlider\images\thumb-3.gif --> www.Tangohaus.net /Mussbach/Java/jsImgSlider/images thumb-3.gif
2015.09.07 17:02 B D:\HTML-Programme\Bad Duerkheim\Homepage Bad Dürkheim\BD_03.06.2008\Mussbach\Java\jsImgSlider\images\thumb-1.gif --> www.Tangohaus.net /Mussbach/Java/jsImgSlider/images thumb-1.gif
2015.09.07 17:02 B D:\HTML-Programme\Bad Duerkheim\Homepage Bad Dürkheim\BD_03.06.2008\Mussbach\Java\jsImgSlider\images\slider-3.jpg --> www.Tangohaus.net /Mussbach/Java/jsImgSlider/images slider-3.jpg
2015.09.07 17:02 B D:\HTML-Programme\Bad Duerkheim\Homepage Bad Dürkheim\BD_03.06.2008\Mussbach\Java\jsImgSlider\images\slider-1.jpg --> www.Tangohaus.net /Mussbach/Java/jsImgSlider/images slider-1.jpg
2015.09.07 17:02 B D:\HTML-Programme\Bad Duerkheim\Homepage Bad Dürkheim\BD_03.06.2008\Mussbach\Java\jsImgSlider\images\image-slider-4.jpg --> www.Tangohaus.net /Mussbach/Java/jsImgSlider/images image-slider-4.jpg
2015.09.07 17:02 B D:\HTML-Programme\Bad Duerkheim\Homepage Bad Dürkheim\BD_03.06.2008\Mussbach\Java\jsImgSlider\images\image-slider-2.jpg --> www.Tangohaus.net /Mussbach/Java/jsImgSlider/images image-slider-2.jpg
2015.09.07 17:02 B D:\HTML-Programme\Bad Duerkheim\Homepage Bad Dürkheim\BD_03.06.2008\Mussbach\Java\jsImgSlider\images\caption4.gif --> www.Tangohaus.net /Mussbach/Java/jsImgSlider/images caption4.gif
2015.09.07 17:02 B D:\HTML-Programme\Bad Duerkheim\Homepage Bad Dürkheim\BD_03.06.2008\Mussbach\Java\jsImgSlider\images\caption1.gif --> www.Tangohaus.net /Mussbach/Java/jsImgSlider/images caption1.gif
2015.09.17 22:50 B D:\HTML\Homepages\BD_03.06.2008\Mussbach\Java\jsImgSlider\images\WS_FTP.LOG --> www.Tangohaus.net /Mussbach/Java/jsImgSlider/images WS_FTP.LOG
2015.09.22 23:51 B D:\HTML\Homepages\BD_03.06.2008\Mussbach_2\home_Slider\Fotos_Slider\1.jpg --> www.Tangohaus.net /Neustadt/home_Slider/Fotos_Slider 1.jpg
2015.09.22 23:51 B D:\HTML\Homepages\BD_03.06.2008\Mussbach_2\home_Slider\Fotos_Slider\10.jpg --> www.Tangohaus.net /Neustadt/home_Slider/Fotos_Slider 10.jpg
2015.09.22 23:51 B D:\HTML\Homepages\BD_03.06.2008\Mussbach_2\home_Slider\Fotos_Slider\11.jpg --> www.Tangohaus.net /Neustadt/home_Slider/Fotos_Slider 11.jpg
2015.09.22 23:51 B D:\HTML\Homepages\BD_03.06.2008\Mussbach_2\home_Slider\Fotos_Slider\12.jpg --> www.Tangohaus.net /Neustadt/home_Slider/Fotos_Slider 12.jpg
2015.09.22 23:51 B D:\HTML\Homepages\BD_03.06.2008\Mussbach_2\home_Slider\Fotos_Slider\13.jpg --> www.Tangohaus.net /Neustadt/home_Slider/Fotos_Slider 13.jpg
2015.09.22 23:51 B D:\HTML\Homepages\BD_03.06.2008\Mussbach_2\home_Slider\Fotos_Slider\2.jpg --> www.Tangohaus.net /Neustadt/home_Slider/Fotos_Slider 2.jpg
2015.09.22 23:51 B D:\HTML\Homepages\BD_03.06.2008\Mussbach_2\home_Slider\Fotos_Slider\3.jpg --> www.Tangohaus.net /Neustadt/home_Slider/Fotos_Slider 3.jpg
2015.09.22 23:51 B D:\HTML\Homepages\BD_03.06.2008\Mussbach_2\home_Slider\Fotos_Slider\4.JPG --> www.Tangohaus.net /Neustadt/home_Slider/Fotos_Slider 4.JPG
2015.09.22 23:51 B D:\HTML\Homepages\BD_03.06.2008\Mussbach_2\home_Slider\Fotos_Slider\5.JPG --> www.Tangohaus.net /Neustadt/home_Slider/Fotos_Slider 5.JPG
2015.09.22 23:51 B D:\HTML\Homepages\BD_03.06.2008\Mussbach_2\home_Slider\Fotos_Slider\6.jpg --> www.Tangohaus.net /Neustadt/home_Slider/Fotos_Slider 6.jpg
2015.09.22 23:51 B D:\HTML\Homepages\BD_03.06.2008\Mussbach_2\home_Slider\Fotos_Slider\7.jpg --> www.Tangohaus.net /Neustadt/home_Slider/Fotos_Slider 7.jpg
2015.09.22 23:51 B D:\HTML\Homepages\BD_03.06.2008\Mussbach_2\home_Slider\Fotos_Slider\8.jpg --> www.Tangohaus.net /Neustadt/home_Slider/Fotos_Slider 8.jpg
2015.09.22 23:51 B D:\HTML\Homepages\BD_03.06.2008\Mussbach_2\home_Slider\Fotos_Slider\9.jpg --> www.Tangohaus.net /Neustadt/home_Slider/Fotos_Slider 9.jpg
2015.09.22 23:55 B D:\HTML\Homepages\BD_03.06.2008\Mussbach_2\home_Slider\Fotos_Slider\3.jpg --> www.Tangohaus.net /Neustadt/home_Slider/Fotos_Slider 3.jpg
2015.09.22 23:59 B D:\HTML\Homepages\BD_03.06.2008\Mussbach_2\home_Slider\Fotos_Slider\13.jpg --> www.Tangohaus.net /Neustadt/home_Slider/Fotos_Slider 13.jpg
2015.09.22 23:59 B D:\HTML\Homepages\BD_03.06.2008\Mussbach_2\home_Slider\Fotos_Slider\14.jpg --> www.Tangohaus.net /Neustadt/home_Slider/Fotos_Slider 14.jpg
2015.09.23 00:01 B D:\HTML\Homepages\BD_03.06.2008\Mussbach_2\home_Slider\Fotos_Slider\15.jpg --> www.Tangohaus.net /Neustadt/home_Slider/Fotos_Slider 15.jpg
2015.09.23 00:08 B D:\HTML\Homepages\BD_03.06.2008\Mussbach_2\home_Slider\Fotos_Slider\4.png --> www.Tangohaus.net /Neustadt/home_Slider/Fotos_Slider 4.png
2015.09.23 00:12 B D:\HTML\Homepages\BD_03.06.2008\Mussbach_2\home_Slider\Fotos_Slider\7.jpg --> www.Tangohaus.net /Neustadt/home_Slider/Fotos_Slider 7.jpg
2015.09.23 09:30 B D:\HTML\Homepages\BD_03.06.2008\Mussbach_2\home_Slider\Fotos_Home\1.jpg --> www.Tangohaus.net /Neustadt/home_Slider/Fotos_Home 1.jpg
2015.09.23 09:30 B D:\HTML\Homepages\BD_03.06.2008\Mussbach_2\home_Slider\Fotos_Home\10.jpg --> www.Tangohaus.net /Neustadt/home_Slider/Fotos_Home 10.jpg
2015.09.23 09:30 B D:\HTML\Homepages\BD_03.06.2008\Mussbach_2\home_Slider\Fotos_Home\11.jpg --> www.Tangohaus.net /Neustadt/home_Slider/Fotos_Home 11.jpg
2015.09.23 09:30 B D:\HTML\Homepages\BD_03.06.2008\Mussbach_2\home_Slider\Fotos_Home\12.jpg --> www.Tangohaus.net /Neustadt/home_Slider/Fotos_Home 12.jpg
2015.09.23 09:30 B D:\HTML\Homepages\BD_03.06.2008\Mussbach_2\home_Slider\Fotos_Home\13.jpg --> www.Tangohaus.net /Neustadt/home_Slider/Fotos_Home 13.jpg
2015.09.23 09:30 B D:\HTML\Homepages\BD_03.06.2008\Mussbach_2\home_Slider\Fotos_Home\14.jpg --> www.Tangohaus.net /Neustadt/home_Slider/Fotos_Home 14.jpg
2015.09.23 09:30 B D:\HTML\Homepages\BD_03.06.2008\Mussbach_2\home_Slider\Fotos_Home\15.jpg --> www.Tangohaus.net /Neustadt/home_Slider/Fotos_Home 15.jpg
2015.09.23 09:30 B D:\HTML\Homepages\BD_03.06.2008\Mussbach_2\home_Slider\Fotos_Home\16.jpg --> www.Tangohaus.net /Neustadt/home_Slider/Fotos_Home 16.jpg
2015.09.23 09:30 B D:\HTML\Homepages\BD_03.06.2008\Mussbach_2\home_Slider\Fotos_Home\17.jpg --> www.Tangohaus.net /Neustadt/home_Slider/Fotos_Home 17.jpg
2015.09.23 09:30 B D:\HTML\Homepages\BD_03.06.2008\Mussbach_2\home_Slider\Fotos_Home\18.jpg --> www.Tangohaus.net /Neustadt/home_Slider/Fotos_Home 18.jpg
2015.09.23 09:30 B D:\HTML\Homepages\BD_03.06.2008\Mussbach_2\home_Slider\Fotos_Home\19.jpg --> www.Tangohaus.net /Neustadt/home_Slider/Fotos_Home 19.jpg
2015.09.23 09:30 B D:\HTML\Homepages\BD_03.06.2008\Mussbach_2\home_Slider\Fotos_Home\2.jpg --> www.Tangohaus.net /Neustadt/home_Slider/Fotos_Home 2.jpg
2015.09.23 09:30 B D:\HTML\Homepages\BD_03.06.2008\Mussbach_2\home_Slider\Fotos_Home\3.jpg --> www.Tangohaus.net /Neustadt/home_Slider/Fotos_Home 3.jpg
2015.09.23 09:30 B D:\HTML\Homepages\BD_03.06.2008\Mussbach_2\home_Slider\Fotos_Home\4.jpg --> www.Tangohaus.net /Neustadt/home_Slider/Fotos_Home 4.jpg
2015.09.23 09:30 B D:\HTML\Homepages\BD_03.06.2008\Mussbach_2\home_Slider\Fotos_Home\5.jpg --> www.Tangohaus.net /Neustadt/home_Slider/Fotos_Home 5.jpg
2015.09.23 09:30 B D:\HTML\Homepages\BD_03.06.2008\Mussbach_2\home_Slider\Fotos_Home\6.jpg --> www.Tangohaus.net /Neustadt/home_Slider/Fotos_Home 6.jpg
2015.09.23 09:30 B D:\HTML\Homepages\BD_03.06.2008\Mussbach_2\home_Slider\Fotos_Home\7.jpg --> www.Tangohaus.net /Neustadt/home_Slider/Fotos_Home 7.jpg
2015.09.23 09:30 B D:\HTML\Homepages\BD_03.06.2008\Mussbach_2\home_Slider\Fotos_Home\8.jpg --> www.Tangohaus.net /Neustadt/home_Slider/Fotos_Home 8.jpg
2015.09.23 09:30 B D:\HTML\Homepages\BD_03.06.2008\Mussbach_2\home_Slider\Fotos_Home\9.jpg --> www.Tangohaus.net /Neustadt/home_Slider/Fotos_Home 9.jpg
2015.09.23 09:40 B D:\HTML\Homepages\BD_03.06.2008\Mussbach_2\home_Slider\Fotos_Home\1.jpg --> www.Tangohaus.net /Neustadt/home_Slider/Fotos_Home 1.jpg
2015.09.23 17:19 B D:\HTML\Homepages\BD_03.06.2008\Mussbach_2\home_Slider\Fotos_Home\1.jpg --> www.Tangohaus.net /Neustadt/home_Slider/Fotos_Home 1.jpg
2015.09.23 17:19 B D:\HTML\Homepages\BD_03.06.2008\Mussbach_2\home_Slider\Fotos_Home\10.jpg --> www.Tangohaus.net /Neustadt/home_Slider/Fotos_Home 10.jpg
2015.09.23 17:19 B D:\HTML\Homepages\BD_03.06.2008\Mussbach_2\home_Slider\Fotos_Home\11.jpg --> www.Tangohaus.net /Neustadt/home_Slider/Fotos_Home 11.jpg
2015.09.23 17:19 B D:\HTML\Homepages\BD_03.06.2008\Mussbach_2\home_Slider\Fotos_Home\12.jpg --> www.Tangohaus.net /Neustadt/home_Slider/Fotos_Home 12.jpg
2015.09.23 17:19 B D:\HTML\Homepages\BD_03.06.2008\Mussbach_2\home_Slider\Fotos_Home\13.jpg --> www.Tangohaus.net /Neustadt/home_Slider/Fotos_Home 13.jpg
2015.09.23 17:19 B D:\HTML\Homepages\BD_03.06.2008\Mussbach_2\home_Slider\Fotos_Home\14.jpg --> www.Tangohaus.net /Neustadt/home_Slider/Fotos_Home 14.jpg
2015.09.23 17:19 B D:\HTML\Homepages\BD_03.06.2008\Mussbach_2\home_Slider\Fotos_Home\15.jpg --> www.Tangohaus.net /Neustadt/home_Slider/Fotos_Home 15.jpg
2015.09.23 17:19 B D:\HTML\Homepages\BD_03.06.2008\Mussbach_2\home_Slider\Fotos_Home\16.jpg --> www.Tangohaus.net /Neustadt/home_Slider/Fotos_Home 16.jpg
2015.09.23 17:19 B D:\HTML\Homepages\BD_03.06.2008\Mussbach_2\home_Slider\Fotos_Home\17.jpg --> www.Tangohaus.net /Neustadt/home_Slider/Fotos_Home 17.jpg
2015.09.23 17:19 B D:\HTML\Homepages\BD_03.06.2008\Mussbach_2\home_Slider\Fotos_Home\18.jpg --> www.Tangohaus.net /Neustadt/home_Slider/Fotos_Home 18.jpg
2015.09.23 17:19 B D:\HTML\Homepages\BD_03.06.2008\Mussbach_2\home_Slider\Fotos_Home\19.jpg --> www.Tangohaus.net /Neustadt/home_Slider/Fotos_Home 19.jpg
2015.09.23 17:19 B D:\HTML\Homepages\BD_03.06.2008\Mussbach_2\home_Slider\Fotos_Home\2.jpg --> www.Tangohaus.net /Neustadt/home_Slider/Fotos_Home 2.jpg
2015.09.23 17:19 B D:\HTML\Homepages\BD_03.06.2008\Mussbach_2\home_Slider\Fotos_Home\20.jpg --> www.Tangohaus.net /Neustadt/home_Slider/Fotos_Home 20.jpg
2015.09.23 17:19 B D:\HTML\Homepages\BD_03.06.2008\Mussbach_2\home_Slider\Fotos_Home\21.jpg --> www.Tangohaus.net /Neustadt/home_Slider/Fotos_Home 21.jpg
2015.09.23 17:19 B D:\HTML\Homepages\BD_03.06.2008\Mussbach_2\home_Slider\Fotos_Home\3.jpg --> www.Tangohaus.net /Neustadt/home_Slider/Fotos_Home 3.jpg
2015.09.23 17:19 B D:\HTML\Homepages\BD_03.06.2008\Mussbach_2\home_Slider\Fotos_Home\4.jpg --> www.Tangohaus.net /Neustadt/home_Slider/Fotos_Home 4.jpg
2015.09.23 17:19 B D:\HTML\Homepages\BD_03.06.2008\Mussbach_2\home_Slider\Fotos_Home\5.jpg --> www.Tangohaus.net /Neustadt/home_Slider/Fotos_Home 5.jpg
2015.09.23 17:19 B D:\HTML\Homepages\BD_03.06.2008\Mussbach_2\home_Slider\Fotos_Home\6.jpg --> www.Tangohaus.net /Neustadt/home_Slider/Fotos_Home 6.jpg
2015.09.23 17:19 B D:\HTML\Homepages\BD_03.06.2008\Mussbach_2\home_Slider\Fotos_Home\7.jpg --> www.Tangohaus.net /Neustadt/home_Slider/Fotos_Home 7.jpg
2015.09.23 17:19 B D:\HTML\Homepages\BD_03.06.2008\Mussbach_2\home_Slider\Fotos_Home\8.jpg --> www.Tangohaus.net /Neustadt/home_Slider/Fotos_Home 8.jpg
2015.09.23 17:19 B D:\HTML\Homepages\BD_03.06.2008\Mussbach_2\home_Slider\Fotos_Home\9.jpg --> www.Tangohaus.net /Neustadt/home_Slider/Fotos_Home 9.jpg
2015.09.27 16:08 B D:\HTML-Programme\Bad Duerkheim\Homepage Bad Dürkheim\BD_03.06.2008\Mussbach_2\home_Slider\Fotos_Home\1.jpg --> tango-neustadt.de /Neustadt/home_Slider/Fotos_Home 1.jpg
2015.09.27 16:08 B D:\HTML-Programme\Bad Duerkheim\Homepage Bad Dürkheim\BD_03.06.2008\Mussbach_2\home_Slider\Fotos_Home\2.jpg --> tango-neustadt.de /Neustadt/home_Slider/Fotos_Home 2.jpg
2015.09.27 16:09 B D:\HTML-Programme\Bad Duerkheim\Homepage Bad Dürkheim\BD_03.06.2008\Mussbach_2\home_Slider\Fotos_Home\3.jpg --> tango-neustadt.de /Neustadt/home_Slider/Fotos_Home 3.jpg
2015.09.27 16:09 B D:\HTML-Programme\Bad Duerkheim\Homepage Bad Dürkheim\BD_03.06.2008\Mussbach_2\home_Slider\Fotos_Home\4.jpg --> tango-neustadt.de /Neustadt/home_Slider/Fotos_Home 4.jpg
2015.09.27 16:09 B D:\HTML-Programme\Bad Duerkheim\Homepage Bad Dürkheim\BD_03.06.2008\Mussbach_2\home_Slider\Fotos_Home\5.jpg --> tango-neustadt.de /Neustadt/home_Slider/Fotos_Home 5.jpg
2015.09.27 16:16 B D:\HTML-Programme\Bad Duerkheim\Homepage Bad Dürkheim\BD_03.06.2008\Mussbach_2\home_Slider\Fotos_Home\5.jpg --> tango-neustadt.de /Neustadt/home_Slider/Fotos_Home 5.jpg
2015.09.27 16:16 B D:\HTML-Programme\Bad Duerkheim\Homepage Bad Dürkheim\BD_03.06.2008\Mussbach_2\home_Slider\Fotos_Home\6.jpg --> tango-neustadt.de /Neustadt/home_Slider/Fotos_Home 6.jpg
2015.09.27 23:47 B D:\HTML-Programme\Bad Duerkheim\Homepage Bad Dürkheim\BD_03.06.2008\Mussbach_2\home_Slider\Fotos_Home\1.jpg --> tango-neustadt.de /Neustadt/home_Slider/Fotos_Home 1.jpg
2015.09.27 23:47 B D:\HTML-Programme\Bad Duerkheim\Homepage Bad Dürkheim\BD_03.06.2008\Mussbach_2\home_Slider\Fotos_Home\10.jpg --> tango-neustadt.de /Neustadt/home_Slider/Fotos_Home 10.jpg
2015.09.27 23:47 B D:\HTML-Programme\Bad Duerkheim\Homepage Bad Dürkheim\BD_03.06.2008\Mussbach_2\home_Slider\Fotos_Home\11.jpg --> tango-neustadt.de /Neustadt/home_Slider/Fotos_Home 11.jpg
2015.09.27 23:47 B D:\HTML-Programme\Bad Duerkheim\Homepage Bad Dürkheim\BD_03.06.2008\Mussbach_2\home_Slider\Fotos_Home\12.jpg --> tango-neustadt.de /Neustadt/home_Slider/Fotos_Home 12.jpg
2015.09.27 23:47 B D:\HTML-Programme\Bad Duerkheim\Homepage Bad Dürkheim\BD_03.06.2008\Mussbach_2\home_Slider\Fotos_Home\13.jpg --> tango-neustadt.de /Neustadt/home_Slider/Fotos_Home 13.jpg
2015.09.27 23:47 B D:\HTML-Programme\Bad Duerkheim\Homepage Bad Dürkheim\BD_03.06.2008\Mussbach_2\home_Slider\Fotos_Home\14.jpg --> tango-neustadt.de /Neustadt/home_Slider/Fotos_Home 14.jpg
2015.09.27 23:47 B D:\HTML-Programme\Bad Duerkheim\Homepage Bad Dürkheim\BD_03.06.2008\Mussbach_2\home_Slider\Fotos_Home\15.jpg --> tango-neustadt.de /Neustadt/home_Slider/Fotos_Home 15.jpg
2015.09.27 23:47 B D:\HTML-Programme\Bad Duerkheim\Homepage Bad Dürkheim\BD_03.06.2008\Mussbach_2\home_Slider\Fotos_Home\16.jpg --> tango-neustadt.de /Neustadt/home_Slider/Fotos_Home 16.jpg
2015.09.27 23:47 B D:\HTML-Programme\Bad Duerkheim\Homepage Bad Dürkheim\BD_03.06.2008\Mussbach_2\home_Slider\Fotos_Home\17.jpg --> tango-neustadt.de /Neustadt/home_Slider/Fotos_Home 17.jpg
2015.09.27 23:47 B D:\HTML-Programme\Bad Duerkheim\Homepage Bad Dürkheim\BD_03.06.2008\Mussbach_2\home_Slider\Fotos_Home\18.jpg --> tango-neustadt.de /Neustadt/home_Slider/Fotos_Home 18.jpg
2015.09.27 23:47 B D:\HTML-Programme\Bad Duerkheim\Homepage Bad Dürkheim\BD_03.06.2008\Mussbach_2\home_Slider\Fotos_Home\19.jpg --> tango-neustadt.de /Neustadt/home_Slider/Fotos_Home 19.jpg
2015.09.27 23:47 B D:\HTML-Programme\Bad Duerkheim\Homepage Bad Dürkheim\BD_03.06.2008\Mussbach_2\home_Slider\Fotos_Home\2.jpg --> tango-neustadt.de /Neustadt/home_Slider/Fotos_Home 2.jpg
2015.09.27 23:47 B D:\HTML-Programme\Bad Duerkheim\Homepage Bad Dürkheim\BD_03.06.2008\Mussbach_2\home_Slider\Fotos_Home\20.jpg --> tango-neustadt.de /Neustadt/home_Slider/Fotos_Home 20.jpg
2015.09.27 23:47 B D:\HTML-Programme\Bad Duerkheim\Homepage Bad Dürkheim\BD_03.06.2008\Mussbach_2\home_Slider\Fotos_Home\21.jpg --> tango-neustadt.de /Neustadt/home_Slider/Fotos_Home 21.jpg
2015.09.27 23:47 B D:\HTML-Programme\Bad Duerkheim\Homepage Bad Dürkheim\BD_03.06.2008\Mussbach_2\home_Slider\Fotos_Home\3.jpg --> tango-neustadt.de /Neustadt/home_Slider/Fotos_Home 3.jpg
2015.09.27 23:47 B D:\HTML-Programme\Bad Duerkheim\Homepage Bad Dürkheim\BD_03.06.2008\Mussbach_2\home_Slider\Fotos_Home\4.jpg --> tango-neustadt.de /Neustadt/home_Slider/Fotos_Home 4.jpg
2015.09.27 23:47 B D:\HTML-Programme\Bad Duerkheim\Homepage Bad Dürkheim\BD_03.06.2008\Mussbach_2\home_Slider\Fotos_Home\5.jpg --> tango-neustadt.de /Neustadt/home_Slider/Fotos_Home 5.jpg
2015.09.27 23:47 B D:\HTML-Programme\Bad Duerkheim\Homepage Bad Dürkheim\BD_03.06.2008\Mussbach_2\home_Slider\Fotos_Home\6.jpg --> tango-neustadt.de /Neustadt/home_Slider/Fotos_Home 6.jpg
2015.09.27 23:47 B D:\HTML-Programme\Bad Duerkheim\Homepage Bad Dürkheim\BD_03.06.2008\Mussbach_2\home_Slider\Fotos_Home\7.jpg --> tango-neustadt.de /Neustadt/home_Slider/Fotos_Home 7.jpg
2015.09.27 23:47 B D:\HTML-Programme\Bad Duerkheim\Homepage Bad Dürkheim\BD_03.06.2008\Mussbach_2\home_Slider\Fotos_Home\8.jpg --> tango-neustadt.de /Neustadt/home_Slider/Fotos_Home 8.jpg
2015.09.27 23:47 B D:\HTML-Programme\Bad Duerkheim\Homepage Bad Dürkheim\BD_03.06.2008\Mussbach_2\home_Slider\Fotos_Home\9.jpg --> tango-neustadt.de /Neustadt/home_Slider/Fotos_Home 9.jpg
