2009.11.10 14:26 B I:\Daten\2009\13.10.2009\HTML-Programme\TangoRevolution.de\Version_2\index.html --> www.TangoRevolution.de /www index.html
2009.11.10 15:16 B I:\Daten\2009\13.10.2009\HTML-Programme\TangoRevolution.de\Version_2\Anfahrt.html --> www.TangoRevolution.de /www Anfahrt.html
2009.11.10 15:16 B I:\Daten\2009\13.10.2009\HTML-Programme\TangoRevolution.de\Version_2\format.css --> www.TangoRevolution.de /www format.css
2009.11.10 15:16 B I:\Daten\2009\13.10.2009\HTML-Programme\TangoRevolution.de\Version_2\home.html --> www.TangoRevolution.de /www home.html
2009.11.10 15:16 B I:\Daten\2009\13.10.2009\HTML-Programme\TangoRevolution.de\Version_2\Impressum.html --> www.TangoRevolution.de /www Impressum.html
2009.11.10 15:16 B I:\Daten\2009\13.10.2009\HTML-Programme\TangoRevolution.de\Version_2\index.html --> www.TangoRevolution.de /www index.html
2009.11.10 15:16 B I:\Daten\2009\13.10.2009\HTML-Programme\TangoRevolution.de\Version_2\Kontakt.html --> www.TangoRevolution.de /www Kontakt.html
2009.11.10 15:16 B I:\Daten\2009\13.10.2009\HTML-Programme\TangoRevolution.de\Version_2\Links.html --> www.TangoRevolution.de /www Links.html
2009.11.10 15:16 B I:\Daten\2009\13.10.2009\HTML-Programme\TangoRevolution.de\Version_2\Milonga.html --> www.TangoRevolution.de /www Milonga.html
2009.11.10 15:16 B I:\Daten\2009\13.10.2009\HTML-Programme\TangoRevolution.de\Version_2\Praktika.html --> www.TangoRevolution.de /www Praktika.html
2009.11.10 15:16 B I:\Daten\2009\13.10.2009\HTML-Programme\TangoRevolution.de\Version_2\TangoFoto.html --> www.TangoRevolution.de /www TangoFoto.html
2009.11.10 15:16 B I:\Daten\2009\13.10.2009\HTML-Programme\TangoRevolution.de\Version_2\Tangokurse.html --> www.TangoRevolution.de /www Tangokurse.html
2009.11.10 15:16 B I:\Daten\2009\13.10.2009\HTML-Programme\TangoRevolution.de\Version_2\Ueberuns.html --> www.TangoRevolution.de /www Ueberuns.html
2009.11.10 15:16 B I:\Daten\2009\13.10.2009\HTML-Programme\TangoRevolution.de\Version_2\Workshop.html --> www.TangoRevolution.de /www Workshop.html
2009.11.10 15:16 B I:\Daten\2009\13.10.2009\HTML-Programme\TangoRevolution.de\Version_2\Baustelle.html --> www.TangoRevolution.de /www Baustelle.html
2009.11.10 15:24 B I:\Daten\2009\13.10.2009\HTML-Programme\TangoRevolution.de\Version_2\index.html --> www.TangoRevolution.de /www index.html
2009.11.10 15:35 B I:\Daten\2009\13.10.2009\HTML-Programme\TangoRevolution.de\Version_2\format.css --> www.TangoRevolution.de /www format.css
2009.11.10 15:37 B I:\Daten\2009\13.10.2009\HTML-Programme\TangoRevolution.de\Version_2\format.css --> www.TangoRevolution.de /www format.css
2009.11.10 15:51 B I:\Daten\2009\13.10.2009\HTML-Programme\TangoRevolution.de\Version_2\format.css --> www.TangoRevolution.de /www format.css
2009.11.10 15:53 B I:\Daten\2009\13.10.2009\HTML-Programme\TangoRevolution.de\Version_2\format.css --> www.TangoRevolution.de /www format.css
2009.11.10 16:08 B I:\Daten\2009\13.10.2009\HTML-Programme\TangoRevolution.de\Version_2\format.css --> www.TangoRevolution.de /www format.css
2009.11.10 17:05 B I:\Daten\2009\13.10.2009\HTML-Programme\TangoRevolution.de\Version_2\index.html --> www.TangoRevolution.de /www index.html
2009.11.10 17:05 B I:\Daten\2009\13.10.2009\HTML-Programme\TangoRevolution.de\Version_2\format.css --> www.TangoRevolution.de /www format.css
2009.11.10 17:06 B I:\Daten\2009\13.10.2009\HTML-Programme\TangoRevolution.de\Version_2\index.html --> www.TangoRevolution.de /www index.html
2009.11.11 01:57 B I:\Daten\2009\13.10.2009\HTML-Programme\TangoRevolution.de\Version_2\index.html --> www.TangoRevolution.de /www index.html
2009.11.11 01:57 B I:\Daten\2009\13.10.2009\HTML-Programme\TangoRevolution.de\Version_2\home.html --> www.TangoRevolution.de /www home.html
2009.11.11 01:57 B I:\Daten\2009\13.10.2009\HTML-Programme\TangoRevolution.de\Version_2\format.css --> www.TangoRevolution.de /www format.css
2009.11.11 01:59 B I:\Daten\2009\13.10.2009\HTML-Programme\TangoRevolution.de\Version_2\index.html --> www.TangoRevolution.de /www index.html
2009.11.11 02:04 B I:\Daten\2009\13.10.2009\HTML-Programme\TangoRevolution.de\Version_2\format.css --> www.TangoRevolution.de /www format.css
2009.11.11 02:21 B I:\Daten\2009\13.10.2009\HTML-Programme\TangoRevolution.de\Version_2\format.css --> www.TangoRevolution.de /www format.css
2009.11.11 02:21 B I:\Daten\2009\13.10.2009\HTML-Programme\TangoRevolution.de\Version_2\index.html --> www.TangoRevolution.de /www index.html
2009.11.11 12:13 B I:\Daten\2009\11.11.2009\HTML-Programme\TangoRevolution.de\Version_2\index.html --> www.TangoRevolution.de /www index.html
2009.11.11 12:13 B I:\Daten\2009\11.11.2009\HTML-Programme\TangoRevolution.de\Version_2\format.css --> www.TangoRevolution.de /www format.css
2009.11.11 12:14 B I:\Daten\2009\11.11.2009\HTML-Programme\TangoRevolution.de\Version_2\index.html --> www.TangoRevolution.de /www index.html
2009.11.11 13:34 B I:\Daten\2009\11.11.2009\HTML-Programme\TangoRevolution.de\Version_2\index.html --> www.TangoRevolution.de /www index.html
2009.11.11 13:34 B I:\Daten\2009\11.11.2009\HTML-Programme\TangoRevolution.de\Version_2\format.css --> www.TangoRevolution.de /www format.css
2009.11.11 13:37 B I:\Daten\2009\11.11.2009\HTML-Programme\TangoRevolution.de\Version_2\index.html --> www.TangoRevolution.de /www index.html
2009.11.11 13:37 B I:\Daten\2009\11.11.2009\HTML-Programme\TangoRevolution.de\Version_2\Kontakt.html --> www.TangoRevolution.de /www Kontakt.html
2009.11.11 14:19 B I:\Daten\2009\11.11.2009\HTML-Programme\TangoRevolution.de\Version_2\Baustelle.html --> www.TangoRevolution.de /www Baustelle.html
2009.11.11 14:19 B I:\Daten\2009\11.11.2009\HTML-Programme\TangoRevolution.de\Version_2\format.css --> www.TangoRevolution.de /www format.css
2009.11.11 14:19 B I:\Daten\2009\11.11.2009\HTML-Programme\TangoRevolution.de\Version_2\Impressum.html --> www.TangoRevolution.de /www Impressum.html
2009.11.11 14:19 B I:\Daten\2009\11.11.2009\HTML-Programme\TangoRevolution.de\Version_2\Kontakt.html --> www.TangoRevolution.de /www Kontakt.html
2009.11.11 14:19 B I:\Daten\2009\11.11.2009\HTML-Programme\TangoRevolution.de\Version_2\Milonga.html --> www.TangoRevolution.de /www Milonga.html
2009.11.11 14:19 B I:\Daten\2009\11.11.2009\HTML-Programme\TangoRevolution.de\Version_2\TangoFoto.html --> www.TangoRevolution.de /www TangoFoto.html
2009.11.11 14:19 B I:\Daten\2009\11.11.2009\HTML-Programme\TangoRevolution.de\Version_2\Ueberuns.html --> www.TangoRevolution.de /www Ueberuns.html
2009.11.11 14:19 B I:\Daten\2009\11.11.2009\HTML-Programme\TangoRevolution.de\Version_2\Workshop.html --> www.TangoRevolution.de /www Workshop.html
2009.11.11 14:19 B I:\Daten\2009\11.11.2009\HTML-Programme\TangoRevolution.de\Version_2\Tangokurse.html --> www.TangoRevolution.de /www Tangokurse.html
2009.11.11 14:19 B I:\Daten\2009\11.11.2009\HTML-Programme\TangoRevolution.de\Version_2\Praktika.html --> www.TangoRevolution.de /www Praktika.html
2009.11.11 14:19 B I:\Daten\2009\11.11.2009\HTML-Programme\TangoRevolution.de\Version_2\Links.html --> www.TangoRevolution.de /www Links.html
2009.11.11 14:19 B I:\Daten\2009\11.11.2009\HTML-Programme\TangoRevolution.de\Version_2\index.html --> www.TangoRevolution.de /www index.html
2009.11.11 14:19 B I:\Daten\2009\11.11.2009\HTML-Programme\TangoRevolution.de\Version_2\home.html --> www.TangoRevolution.de /www home.html
2009.11.11 14:19 B I:\Daten\2009\11.11.2009\HTML-Programme\TangoRevolution.de\Version_2\Anfahrt.html --> www.TangoRevolution.de /www Anfahrt.html
2009.11.11 14:20 B I:\Daten\2009\11.11.2009\HTML-Programme\TangoRevolution.de\Version_2\index.html --> www.TangoRevolution.de /www index.html
2009.11.11 14:21 B I:\Daten\2009\11.11.2009\HTML-Programme\TangoRevolution.de\Version_2\TangoFoto.html --> www.TangoRevolution.de /www TangoFoto.html
2009.11.11 14:22 B I:\Daten\2009\11.11.2009\HTML-Programme\TangoRevolution.de\Version_2\Links.html --> www.TangoRevolution.de /www Links.html
2009.11.11 14:24 B I:\Daten\2009\11.11.2009\HTML-Programme\TangoRevolution.de\Version_2\index.html --> www.TangoRevolution.de /www index.html
2009.11.11 14:25 B I:\Daten\2009\11.11.2009\HTML-Programme\TangoRevolution.de\Version_2\Anfahrt.html --> www.TangoRevolution.de /www Anfahrt.html
2009.11.16 01:08 B I:\Daten\2009\11.11.2009\HTML-Programme\TangoRevolution.de\Version_2\Ueberuns.html --> www.TangoRevolution.de /www Ueberuns.html
2009.11.16 01:08 B I:\Daten\2009\11.11.2009\HTML-Programme\TangoRevolution.de\Version_2\UeberTango.html --> www.TangoRevolution.de /www UeberTango.html
2009.11.16 01:08 B I:\Daten\2009\11.11.2009\HTML-Programme\TangoRevolution.de\Version_2\Praktika.html --> www.TangoRevolution.de /www Praktika.html
2009.11.16 01:08 B I:\Daten\2009\11.11.2009\HTML-Programme\TangoRevolution.de\Version_2\Baustelle.html --> www.TangoRevolution.de /www Baustelle.html
2009.11.16 01:08 B I:\Daten\2009\11.11.2009\HTML-Programme\TangoRevolution.de\Version_2\format.css --> www.TangoRevolution.de /www format.css
2009.11.16 01:09 B I:\Daten\2009\11.11.2009\HTML-Programme\TangoRevolution.de\Version_2\index.html --> www.TangoRevolution.de /www index.html
2009.11.16 01:09 B I:\Daten\2009\11.11.2009\HTML-Programme\TangoRevolution.de\Version_2\home.html --> www.TangoRevolution.de /www home.html
2009.11.16 01:09 B I:\Daten\2009\11.11.2009\HTML-Programme\TangoRevolution.de\Version_2\Unterricht.html --> www.TangoRevolution.de /www Unterricht.html
2009.11.16 09:14 B I:\Daten\2009\11.11.2009\HTML-Programme\TangoRevolution.de\Version_2\home.html --> www.TangoRevolution.de /www home.html
2009.11.16 09:17 B I:\Daten\2009\11.11.2009\HTML-Programme\TangoRevolution.de\Version_2\Unterricht.html --> www.TangoRevolution.de /www Unterricht.html
2009.11.16 10:13 B I:\Daten\2009\11.11.2009\HTML-Programme\TangoRevolution.de\Version_2\Kontakt.html --> www.TangoRevolution.de /www Kontakt.html
2009.11.16 10:13 B I:\Daten\2009\11.11.2009\HTML-Programme\TangoRevolution.de\Version_2\Unterricht.html --> www.TangoRevolution.de /www Unterricht.html
2009.11.16 10:13 B I:\Daten\2009\11.11.2009\HTML-Programme\TangoRevolution.de\Version_2\Links.html --> www.TangoRevolution.de /www Links.html
2009.11.16 10:15 B I:\Daten\2009\11.11.2009\HTML-Programme\TangoRevolution.de\Version_2\Ueberuns.html --> www.TangoRevolution.de /www Ueberuns.html
2009.11.16 10:16 B I:\Daten\2009\11.11.2009\HTML-Programme\TangoRevolution.de\Version_2\Ueberuns.html --> www.TangoRevolution.de /www Ueberuns.html
2009.11.16 10:31 B I:\Daten\2009\11.11.2009\HTML-Programme\TangoRevolution.de\Version_2\Ueberuns.html --> www.TangoRevolution.de /www Ueberuns.html
2009.11.16 10:35 B I:\Daten\2009\11.11.2009\HTML-Programme\TangoRevolution.de\Version_2\home.html --> www.TangoRevolution.de /www home.html
2009.11.16 10:35 B I:\Daten\2009\11.11.2009\HTML-Programme\TangoRevolution.de\Version_2\Links.html --> www.TangoRevolution.de /www Links.html
2009.11.16 10:36 B I:\Daten\2009\11.11.2009\HTML-Programme\TangoRevolution.de\Version_2\index.html --> www.TangoRevolution.de /www index.html
2009.11.16 10:38 B I:\Daten\2009\11.11.2009\HTML-Programme\TangoRevolution.de\Version_2\Anfahrt.html --> www.TangoRevolution.de /www Anfahrt.html
2009.11.16 11:30 B I:\Daten\2009\11.11.2009\HTML-Programme\TangoRevolution.de\Version_2\Ueberuns.html --> www.TangoRevolution.de /www Ueberuns.html
2009.11.16 11:30 B I:\Daten\2009\11.11.2009\HTML-Programme\TangoRevolution.de\Version_2\Ueberuns.html --> www.TangoRevolution.de /www Ueberuns.html
2009.11.16 11:32 B I:\Daten\2009\11.11.2009\HTML-Programme\TangoRevolution.de\Version_2\Ueberuns.html --> www.TangoRevolution.de /www Ueberuns.html
2009.11.16 11:32 B I:\Daten\2009\11.11.2009\HTML-Programme\TangoRevolution.de\Version_2\format.css --> www.TangoRevolution.de /www format.css
2009.11.16 11:33 B I:\Daten\2009\11.11.2009\HTML-Programme\TangoRevolution.de\Version_2\Ueberuns.html --> www.TangoRevolution.de /www Ueberuns.html
2009.11.16 11:34 B I:\Daten\2009\11.11.2009\HTML-Programme\TangoRevolution.de\Version_2\Ueberuns.html --> www.TangoRevolution.de /www Ueberuns.html
2009.11.16 11:34 B I:\Daten\2009\11.11.2009\HTML-Programme\TangoRevolution.de\Version_2\Ueberuns.html --> www.TangoRevolution.de /www Ueberuns.html
2009.11.16 11:35 B I:\Daten\2009\11.11.2009\HTML-Programme\TangoRevolution.de\Version_2\Ueberuns.html --> www.TangoRevolution.de /www Ueberuns.html
2009.11.16 11:35 B I:\Daten\2009\11.11.2009\HTML-Programme\TangoRevolution.de\Version_2\format.css --> www.TangoRevolution.de /www format.css
2009.11.16 11:37 B I:\Daten\2009\11.11.2009\HTML-Programme\TangoRevolution.de\Version_2\Ueberuns.html --> www.TangoRevolution.de /www Ueberuns.html
2009.11.16 11:42 B I:\Daten\2009\11.11.2009\HTML-Programme\TangoRevolution.de\Version_2\Unterricht.html --> www.TangoRevolution.de /www Unterricht.html
2009.11.16 11:44 B I:\Daten\2009\11.11.2009\HTML-Programme\TangoRevolution.de\Version_2\Unterricht.html --> www.TangoRevolution.de /www Unterricht.html
2009.11.16 11:46 B I:\Daten\2009\11.11.2009\HTML-Programme\TangoRevolution.de\Version_2\Praktika.html --> www.TangoRevolution.de /www Praktika.html
2009.11.16 12:08 B I:\Daten\2009\11.11.2009\HTML-Programme\TangoRevolution.de\Version_2\home.html --> www.TangoRevolution.de /www home.html
2009.11.16 14:44 B I:\Daten\2009\11.11.2009\HTML-Programme\TangoRevolution.de\Version_2\index.html --> www.TangoRevolution.de /www index.html
2009.11.16 14:44 B I:\Daten\2009\11.11.2009\HTML-Programme\TangoRevolution.de\Version_2\Tangokurse.html --> www.TangoRevolution.de /www Tangokurse.html
2009.11.16 14:44 B I:\Daten\2009\11.11.2009\HTML-Programme\TangoRevolution.de\Version_2\Praktika.html --> www.TangoRevolution.de /www Praktika.html
2009.11.16 14:44 B I:\Daten\2009\11.11.2009\HTML-Programme\TangoRevolution.de\Version_2\Unterricht.html --> www.TangoRevolution.de /www Unterricht.html
2009.11.16 14:47 B I:\Daten\2009\11.11.2009\HTML-Programme\TangoRevolution.de\Version_2\Tangokurse.html --> www.TangoRevolution.de /www Tangokurse.html
2009.11.16 14:48 B I:\Daten\2009\11.11.2009\HTML-Programme\TangoRevolution.de\Version_2\Links.html --> www.TangoRevolution.de /www Links.html
2009.11.16 14:50 B I:\Daten\2009\11.11.2009\HTML-Programme\TangoRevolution.de\Version_2\Links.html --> www.TangoRevolution.de /www Links.html
2009.11.17 03:42 B I:\Daten\2009\11.11.2009\HTML-Programme\TangoRevolution.de\Version_2\index.html --> www.TangoRevolution.de /www index.html
2009.11.17 03:43 B I:\Daten\2009\11.11.2009\HTML-Programme\TangoRevolution.de\Version_2\home.html --> www.TangoRevolution.de /www home.html
2009.11.17 03:56 B I:\Daten\2009\11.11.2009\HTML-Programme\TangoRevolution.de\Version_2\Ueberuns.html --> www.TangoRevolution.de /www Ueberuns.html
2009.11.17 03:56 B I:\Daten\2009\11.11.2009\HTML-Programme\TangoRevolution.de\Version_2\format.css --> www.TangoRevolution.de /www format.css
2009.11.17 03:57 B I:\Daten\2009\11.11.2009\HTML-Programme\TangoRevolution.de\Version_2\Ueberuns.html --> www.TangoRevolution.de /www Ueberuns.html
2009.11.17 03:59 B I:\Daten\2009\11.11.2009\HTML-Programme\TangoRevolution.de\Version_2\index.html --> www.TangoRevolution.de /www index.html
2009.11.17 12:59 B I:\Daten\2009\11.11.2009\HTML-Programme\TangoRevolution.de\Version_2\Links.html --> www.TangoRevolution.de /www Links.html
2009.11.17 12:59 B I:\Daten\2009\11.11.2009\HTML-Programme\TangoRevolution.de\Version_2\format.css --> www.TangoRevolution.de /www format.css
2009.11.17 14:27 B I:\Daten\2009\11.11.2009\HTML-Programme\TangoRevolution.de\Version_2\Links.html --> www.TangoRevolution.de /www Links.html
2009.11.17 14:27 B I:\Daten\2009\11.11.2009\HTML-Programme\TangoRevolution.de\Version_2\Links.html --> www.TangoRevolution.de /www Links.html
2009.11.17 14:29 B I:\Daten\2009\11.11.2009\HTML-Programme\TangoRevolution.de\Version_2\Links.html --> www.TangoRevolution.de /www Links.html
2009.11.17 14:35 B I:\Daten\2009\11.11.2009\HTML-Programme\TangoRevolution.de\Version_2\UeberTango.html --> www.TangoRevolution.de /www UeberTango.html
2009.11.17 14:40 B I:\Daten\2009\11.11.2009\HTML-Programme\TangoRevolution.de\Version_2\UeberTango.html --> www.TangoRevolution.de /www UeberTango.html
2009.11.17 16:13 B I:\Daten\2009\11.11.2009\HTML-Programme\TangoRevolution.de\Version_2\Links.html --> www.TangoRevolution.de /www Links.html
2009.12.08 00:49 B I:\Daten\2009\11.11.2009\HTML-Programme\TangoRevolution.de\Version_2\Tangokurse.html --> www.TangoRevolution.de /www Tangokurse.html
2009.12.08 00:51 B I:\Daten\2009\11.11.2009\HTML-Programme\TangoRevolution.de\Version_2\Tangokurse.html --> www.TangoRevolution.de /www Tangokurse.html
2009.12.08 00:51 B I:\Daten\2009\11.11.2009\HTML-Programme\TangoRevolution.de\Version_2\Tangokurse.html --> www.TangoRevolution.de /www Tangokurse.html
2009.12.08 00:52 B I:\Daten\2009\11.11.2009\HTML-Programme\TangoRevolution.de\Version_2\Tangokurse.html --> www.TangoRevolution.de /www Tangokurse.html
2009.12.08 00:52 B I:\Daten\2009\11.11.2009\HTML-Programme\TangoRevolution.de\Version_2\Tangokurse.html --> www.TangoRevolution.de /www Tangokurse.html
2009.12.08 00:52 B I:\Daten\2009\11.11.2009\HTML-Programme\TangoRevolution.de\Version_2\Tangokurse.html --> www.TangoRevolution.de /www Tangokurse.html
2009.12.08 00:55 B I:\Daten\2009\11.11.2009\HTML-Programme\TangoRevolution.de\Version_2\Links.html --> www.TangoRevolution.de /www Links.html
2009.12.15 13:08 B I:\Daten\2009\11.11.2009\HTML-Programme\TangoRevolution.de\Version_2\TangoReisen.html --> www.TangoRevolution.de /www TangoReisen.html
2009.12.15 13:08 B I:\Daten\2009\11.11.2009\HTML-Programme\TangoRevolution.de\Version_2\index.html --> www.TangoRevolution.de /www index.html
2009.12.15 13:10 B I:\Daten\2009\11.11.2009\HTML-Programme\TangoRevolution.de\Version_2\TangoReisen.html --> www.TangoRevolution.de /www TangoReisen.html
2009.12.15 13:13 B I:\Daten\2009\11.11.2009\HTML-Programme\TangoRevolution.de\Version_2\TangoReisen.html --> www.TangoRevolution.de /www TangoReisen.html
2009.12.15 13:13 B I:\Daten\2009\11.11.2009\HTML-Programme\TangoRevolution.de\Version_2\TangoReisen.html --> www.TangoRevolution.de /www TangoReisen.html
2009.12.15 13:21 B I:\Daten\2009\11.11.2009\HTML-Programme\TangoRevolution.de\Version_2\TangoReisen.html --> www.TangoRevolution.de /www TangoReisen.html
2009.12.15 13:32 B I:\Daten\2009\11.11.2009\HTML-Programme\TangoRevolution.de\Version_2\TangoReisen.html --> www.TangoRevolution.de /www TangoReisen.html
2009.12.15 13:34 B I:\Daten\2009\11.11.2009\HTML-Programme\TangoRevolution.de\Version_2\TangoReisen.html --> www.TangoRevolution.de /www TangoReisen.html
2009.12.15 13:36 B I:\Daten\2009\11.11.2009\HTML-Programme\TangoRevolution.de\Version_2\TangoReisen.html --> www.TangoRevolution.de /www TangoReisen.html
2009.12.15 13:37 B I:\Daten\2009\11.11.2009\HTML-Programme\TangoRevolution.de\Version_2\TangoReisen.html --> www.TangoRevolution.de /www TangoReisen.html
2009.12.15 13:39 B I:\Daten\2009\11.11.2009\HTML-Programme\TangoRevolution.de\Version_2\TangoReisen.html --> www.TangoRevolution.de /www TangoReisen.html
2009.12.15 13:42 B I:\Daten\2009\11.11.2009\HTML-Programme\TangoRevolution.de\Version_2\TangoReisen.html --> www.TangoRevolution.de /www TangoReisen.html
2009.12.15 13:43 B I:\Daten\2009\11.11.2009\HTML-Programme\TangoRevolution.de\Version_2\TangoReisen.html --> www.TangoRevolution.de /www TangoReisen.html
2009.12.15 13:52 B I:\Daten\2009\11.11.2009\HTML-Programme\TangoRevolution.de\Version_2\TangoReisen.html --> www.TangoRevolution.de /www TangoReisen.html
2009.12.15 13:54 B I:\Daten\2009\11.11.2009\HTML-Programme\TangoRevolution.de\Version_2\TangoReisen.html --> www.TangoRevolution.de /www TangoReisen.html
2009.12.15 13:56 B I:\Daten\2009\11.11.2009\HTML-Programme\TangoRevolution.de\Version_2\TangoReisen.html --> www.TangoRevolution.de /www TangoReisen.html
2009.12.15 16:04 B I:\Daten\2009\11.11.2009\HTML-Programme\TangoRevolution.de\Version_2\Links.html --> www.TangoRevolution.de /www Links.html
2009.12.16 03:26 B I:\Daten\2009\11.11.2009\HTML-Programme\TangoRevolution.de\Version_2\TangoReisen.html --> www.TangoRevolution.de /www TangoReisen.html
1998.01.01 22:12 B I:\Daten\2009\11.11.2009\HTML-Programme\TangoRevolution.de\Version_2\TangoReisen.html --> www.TangoRevolution.de /www TangoReisen.html
1998.01.01 22:12 B I:\Daten\2009\11.11.2009\HTML-Programme\TangoRevolution.de\Version_2\TangoReisen.html --> www.TangoRevolution.de /www TangoReisen.html
2009.12.21 22:50 B I:\Daten\2009\11.11.2009\HTML-Programme\TangoRevolution.de\Version_2\TangoReisen.html --> www.TangoRevolution.de /www TangoReisen.html
2009.12.21 22:50 B I:\Daten\2009\11.11.2009\HTML-Programme\TangoRevolution.de\Version_2\index.html --> www.TangoRevolution.de /www index.html
2009.12.22 03:01 B I:\Daten\2009\11.11.2009\HTML-Programme\TangoRevolution.de\Version_2\index.html --> www.TangoRevolution.de /www index.html
2009.12.22 11:24 B I:\Daten\2009\11.11.2009\HTML-Programme\TangoRevolution.de\Version_2\index.html --> www.TangoRevolution.de /www index.html
2010.01.16 19:50 B I:\Daten\2009\11.11.2009\HTML-Programme\TangoRevolution.de\Version_2\index.html --> www.TangoRevolution.de /www index.html
2010.01.16 19:51 B I:\Daten\2009\11.11.2009\HTML-Programme\TangoRevolution.de\Version_2\Links.html --> www.TangoRevolution.de /www Links.html
2010.01.16 19:55 B I:\Daten\2009\11.11.2009\HTML-Programme\TangoRevolution.de\Version_2\Kontakt.html --> www.TangoRevolution.de /www Kontakt.html
2010.01.16 19:55 B I:\Daten\2009\11.11.2009\HTML-Programme\TangoRevolution.de\Version_2\Anfahrt.html --> www.TangoRevolution.de /www Anfahrt.html
2010.01.16 19:56 B I:\Daten\2009\11.11.2009\HTML-Programme\TangoRevolution.de\Version_2\home.html --> www.TangoRevolution.de /www home.html
2010.01.16 19:56 B I:\Daten\2009\11.11.2009\HTML-Programme\TangoRevolution.de\Version_2\Impressum.html --> www.TangoRevolution.de /www Impressum.html
2010.01.16 19:57 B I:\Daten\2009\11.11.2009\HTML-Programme\TangoRevolution.de\Version_2\Milonga.html --> www.TangoRevolution.de /www Milonga.html
2010.01.16 19:57 B I:\Daten\2009\11.11.2009\HTML-Programme\TangoRevolution.de\Version_2\Praktika.html --> www.TangoRevolution.de /www Praktika.html
2010.01.16 19:57 B I:\Daten\2009\11.11.2009\HTML-Programme\TangoRevolution.de\Version_2\TangoFoto.html --> www.TangoRevolution.de /www TangoFoto.html
2010.01.16 19:58 B I:\Daten\2009\11.11.2009\HTML-Programme\TangoRevolution.de\Version_2\Tangokurse.html --> www.TangoRevolution.de /www Tangokurse.html
2010.01.16 19:58 B I:\Daten\2009\11.11.2009\HTML-Programme\TangoRevolution.de\Version_2\UeberTango.html --> www.TangoRevolution.de /www UeberTango.html
2010.01.16 19:58 B I:\Daten\2009\11.11.2009\HTML-Programme\TangoRevolution.de\Version_2\Ueberuns.html --> www.TangoRevolution.de /www Ueberuns.html
2010.01.16 19:58 B I:\Daten\2009\11.11.2009\HTML-Programme\TangoRevolution.de\Version_2\Unterricht.html --> www.TangoRevolution.de /www Unterricht.html
2010.01.16 19:59 B I:\Daten\2009\11.11.2009\HTML-Programme\TangoRevolution.de\Version_2\Workshop.html --> www.TangoRevolution.de /www Workshop.html
2010.01.24 13:55 B I:\Daten\2009\11.11.2009\HTML-Programme\TangoRevolution.de\Version_2\index.html --> www.TangoRevolution.de /www index.html
2010.01.24 13:55 B I:\Daten\2009\11.11.2009\HTML-Programme\TangoRevolution.de\Version_2\Ueberuns.html --> www.TangoRevolution.de /www Ueberuns.html
2010.02.07 10:03 B G:\Daten\2009\11.11.2009\HTML-Programme\TangoRevolution.de\Version_2\Impressum.html --> www.TangoRevolution.de /www Impressum.html
2010.02.07 10:03 B G:\Daten\2009\11.11.2009\HTML-Programme\TangoRevolution.de\Version_2\index.html --> www.TangoRevolution.de /www index.html
2010.02.07 10:03 B G:\Daten\2009\11.11.2009\HTML-Programme\TangoRevolution.de\Version_2\Anfahrt.html --> www.TangoRevolution.de /www Anfahrt.html
2010.02.07 10:03 B G:\Daten\2009\11.11.2009\HTML-Programme\TangoRevolution.de\Version_2\Kontakt.html --> www.TangoRevolution.de /www Kontakt.html
2010.02.27 16:51 B D:\HTML-Programme\TangoRevolution.de\Version_2\Tangokurse.html --> www.TangoRevolution.de /www Tangokurse.html
2010.05.04 00:09 B D:\HTML-Programme\TangoRevolution.de\Version_2\Tangokurse.html --> www.TangoRevolution.de /www Tangokurse.html
2010.07.06 14:26 B D:\HTML-Programme\TangoRevolution.de\Version_2\Tangokurse.html --> www.TangoRevolution.de /www Tangokurse.html
2010.12.10 19:11 B D:\HTML-Programme\TangoRevolution.de\Version_2\Impressum.html <-- www.TangoRevolution.de /www Impressum.html
2010.12.10 19:11 B D:\HTML-Programme\TangoRevolution.de\Version_2\Impressum.html --> www.TangoRevolution.de /www Impressum.html
2010.12.10 19:13 B D:\HTML-Programme\TangoRevolution.de\Version_2\Impressum.html --> www.TangoRevolution.de /www Impressum.html
2010.12.10 19:17 B D:\HTML-Programme\TangoRevolution.de\Version_2\Unterricht.html <-- www.TangoRevolution.de /www Unterricht.html
2010.12.10 19:18 B D:\HTML-Programme\TangoRevolution.de\Version_2\Unterricht.html --> www.TangoRevolution.de /www Unterricht.html
2010.12.10 19:21 B D:\HTML-Programme\TangoRevolution.de\Version_2\Tangokurse.html <-- www.TangoRevolution.de /www Tangokurse.html
2010.12.10 19:21 B D:\HTML-Programme\TangoRevolution.de\Version_2\Tangokurse.html --> www.TangoRevolution.de /www Tangokurse.html
2010.12.10 19:23 B D:\HTML-Programme\TangoRevolution.de\Version_2\Impressum.html --> www.TangoRevolution.de /www Impressum.html
2010.12.10 19:24 B D:\HTML-Programme\TangoRevolution.de\Version_2\Tangokurse.html --> www.TangoRevolution.de /www Tangokurse.html
2010.12.10 19:25 B D:\HTML-Programme\TangoRevolution.de\Version_2\Tangokurse.html --> www.TangoRevolution.de /www Tangokurse.html
2010.12.10 19:25 B D:\HTML-Programme\TangoRevolution.de\Version_2\Tangokurse.html --> www.TangoRevolution.de /www Tangokurse.html
2010.12.10 19:25 B D:\HTML-Programme\TangoRevolution.de\Version_2\Tangokurse.html --> www.TangoRevolution.de /www Tangokurse.html
2010.12.10 19:26 B D:\HTML-Programme\TangoRevolution.de\Version_2\Tangokurse.html --> www.TangoRevolution.de /www Tangokurse.html
