2015.09.07 17:02 B D:\HTML-Programme\Bad Duerkheim\Homepage Bad Dürkheim\BD_03.06.2008\Mussbach\Java\jsImgSlider\images\caption2.gif --> www.Tangohaus.net /Mussbach/Java/jsImgSlider/images caption2.gif
2015.09.07 17:02 B D:\HTML-Programme\Bad Duerkheim\Homepage Bad Dürkheim\BD_03.06.2008\Mussbach\Java\jsImgSlider\images\caption3.gif --> www.Tangohaus.net /Mussbach/Java/jsImgSlider/images caption3.gif
2015.09.07 17:02 B D:\HTML-Programme\Bad Duerkheim\Homepage Bad Dürkheim\BD_03.06.2008\Mussbach\Java\jsImgSlider\images\image-slider-1.jpg --> www.Tangohaus.net /Mussbach/Java/jsImgSlider/images image-slider-1.jpg
2015.09.07 17:02 B D:\HTML-Programme\Bad Duerkheim\Homepage Bad Dürkheim\BD_03.06.2008\Mussbach\Java\jsImgSlider\images\image-slider-3.jpg --> www.Tangohaus.net /Mussbach/Java/jsImgSlider/images image-slider-3.jpg
2015.09.07 17:02 B D:\HTML-Programme\Bad Duerkheim\Homepage Bad Dürkheim\BD_03.06.2008\Mussbach\Java\jsImgSlider\images\image-slider-5.jpg --> www.Tangohaus.net /Mussbach/Java/jsImgSlider/images image-slider-5.jpg
2015.09.07 17:02 B D:\HTML-Programme\Bad Duerkheim\Homepage Bad Dürkheim\BD_03.06.2008\Mussbach\Java\jsImgSlider\images\slider-2.jpg --> www.Tangohaus.net /Mussbach/Java/jsImgSlider/images slider-2.jpg
2015.09.07 17:02 B D:\HTML-Programme\Bad Duerkheim\Homepage Bad Dürkheim\BD_03.06.2008\Mussbach\Java\jsImgSlider\images\slider-4.jpg --> www.Tangohaus.net /Mussbach/Java/jsImgSlider/images slider-4.jpg
2015.09.07 17:02 B D:\HTML-Programme\Bad Duerkheim\Homepage Bad Dürkheim\BD_03.06.2008\Mussbach\Java\jsImgSlider\images\thumb-2.gif --> www.Tangohaus.net /Mussbach/Java/jsImgSlider/images thumb-2.gif
2015.09.07 17:02 B D:\HTML-Programme\Bad Duerkheim\Homepage Bad Dürkheim\BD_03.06.2008\Mussbach\Java\jsImgSlider\images\thumb-4.gif --> www.Tangohaus.net /Mussbach/Java/jsImgSlider/images thumb-4.gif
2015.09.07 17:02 B D:\HTML-Programme\Bad Duerkheim\Homepage Bad Dürkheim\BD_03.06.2008\Mussbach\Java\jsImgSlider\images\thumb2.jpg --> www.Tangohaus.net /Mussbach/Java/jsImgSlider/images thumb2.jpg
2015.09.07 17:02 B D:\HTML-Programme\Bad Duerkheim\Homepage Bad Dürkheim\BD_03.06.2008\Mussbach\Java\jsImgSlider\images\thumb4.jpg --> www.Tangohaus.net /Mussbach/Java/jsImgSlider/images thumb4.jpg
2015.09.07 17:02 B D:\HTML-Programme\Bad Duerkheim\Homepage Bad Dürkheim\BD_03.06.2008\Mussbach\Java\jsImgSlider\images\thumb5.jpg --> www.Tangohaus.net /Mussbach/Java/jsImgSlider/images thumb5.jpg
2015.09.07 17:02 B D:\HTML-Programme\Bad Duerkheim\Homepage Bad Dürkheim\BD_03.06.2008\Mussbach\Java\jsImgSlider\images\thumb3.jpg --> www.Tangohaus.net /Mussbach/Java/jsImgSlider/images thumb3.jpg
2015.09.07 17:02 B D:\HTML-Programme\Bad Duerkheim\Homepage Bad Dürkheim\BD_03.06.2008\Mussbach\Java\jsImgSlider\images\thumb1.jpg --> www.Tangohaus.net /Mussbach/Java/jsImgSlider/images thumb1.jpg
2015.09.07 17:02 B D:\HTML-Programme\Bad Duerkheim\Homepage Bad Dürkheim\BD_03.06.2008\Mussbach\Java\jsImgSlider\images\thumb-3.gif --> www.Tangohaus.net /Mussbach/Java/jsImgSlider/images thumb-3.gif
2015.09.07 17:02 B D:\HTML-Programme\Bad Duerkheim\Homepage Bad Dürkheim\BD_03.06.2008\Mussbach\Java\jsImgSlider\images\thumb-1.gif --> www.Tangohaus.net /Mussbach/Java/jsImgSlider/images thumb-1.gif
2015.09.07 17:02 B D:\HTML-Programme\Bad Duerkheim\Homepage Bad Dürkheim\BD_03.06.2008\Mussbach\Java\jsImgSlider\images\slider-3.jpg --> www.Tangohaus.net /Mussbach/Java/jsImgSlider/images slider-3.jpg
2015.09.07 17:02 B D:\HTML-Programme\Bad Duerkheim\Homepage Bad Dürkheim\BD_03.06.2008\Mussbach\Java\jsImgSlider\images\slider-1.jpg --> www.Tangohaus.net /Mussbach/Java/jsImgSlider/images slider-1.jpg
2015.09.07 17:02 B D:\HTML-Programme\Bad Duerkheim\Homepage Bad Dürkheim\BD_03.06.2008\Mussbach\Java\jsImgSlider\images\image-slider-4.jpg --> www.Tangohaus.net /Mussbach/Java/jsImgSlider/images image-slider-4.jpg
2015.09.07 17:02 B D:\HTML-Programme\Bad Duerkheim\Homepage Bad Dürkheim\BD_03.06.2008\Mussbach\Java\jsImgSlider\images\image-slider-2.jpg --> www.Tangohaus.net /Mussbach/Java/jsImgSlider/images image-slider-2.jpg
2015.09.07 17:02 B D:\HTML-Programme\Bad Duerkheim\Homepage Bad Dürkheim\BD_03.06.2008\Mussbach\Java\jsImgSlider\images\caption4.gif --> www.Tangohaus.net /Mussbach/Java/jsImgSlider/images caption4.gif
2015.09.07 17:02 B D:\HTML-Programme\Bad Duerkheim\Homepage Bad Dürkheim\BD_03.06.2008\Mussbach\Java\jsImgSlider\images\caption1.gif --> www.Tangohaus.net /Mussbach/Java/jsImgSlider/images caption1.gif
2015.09.17 22:50 B D:\HTML\Homepages\BD_03.06.2008\Mussbach\Java\jsImgSlider\images\WS_FTP.LOG --> www.Tangohaus.net /Mussbach/Java/jsImgSlider/images WS_FTP.LOG
