2002.06.06 10:50 B C:\Andreas\HTML-Programme\Tanztribuene2\Tango\Video\2002\RealPlayer_rm\Juli_02.rm --> tanztribuene.de /Tango/Video/2002/RealPlayer_rm Juli_02.rm
2002.06.06 10:51 B C:\Andreas\HTML-Programme\Tanztribuene2\Tango\Video\2002\RealPlayer_rm\Juni_02.rm --> tanztribuene.de /Tango/Video/2002/RealPlayer_rm Juni_02.rm
2002.06.06 10:51 B C:\Andreas\HTML-Programme\Tanztribuene2\Tango\Video\2002\RealPlayer_rm\Oktober_02.rm --> tanztribuene.de /Tango/Video/2002/RealPlayer_rm Oktober_02.rm
2002.06.06 10:52 B C:\Andreas\HTML-Programme\Tanztribuene2\Tango\Video\2002\RealPlayer_rm\September_02.rm --> tanztribuene.de /Tango/Video/2002/RealPlayer_rm September_02.rm
2002.06.06 10:52 B C:\Andreas\HTML-Programme\Tanztribuene2\Tango\Video\2002\RealPlayer_rm\August_02.rm --> tanztribuene.de /Tango/Video/2002/RealPlayer_rm August_02.rm
2002.09.12 19:27 B C:\Andreas\HTML-Programme\Tanztribuene2\Tango\Video\2002\RealPlayer_rm\November_02.rm --> tanztribuene.de /Tango/Video/2002/RealPlayer_rm November_02.rm
2002.09.12 19:28 B C:\Andreas\HTML-Programme\Tanztribuene2\Tango\Video\2002\RealPlayer_rm\April_02.rm --> tanztribuene.de /Tango/Video/2002/RealPlayer_rm April_02.rm
2002.09.12 19:29 B C:\Andreas\HTML-Programme\Tanztribuene2\Tango\Video\2002\RealPlayer_rm\August_02.rm --> tanztribuene.de /Tango/Video/2002/RealPlayer_rm August_02.rm
2002.09.12 19:29 B C:\Andreas\HTML-Programme\Tanztribuene2\Tango\Video\2002\RealPlayer_rm\Juli_02.rm --> tanztribuene.de /Tango/Video/2002/RealPlayer_rm Juli_02.rm
2002.09.12 19:30 B C:\Andreas\HTML-Programme\Tanztribuene2\Tango\Video\2002\RealPlayer_rm\Juni_02.rm --> tanztribuene.de /Tango/Video/2002/RealPlayer_rm Juni_02.rm
2002.09.12 19:30 B C:\Andreas\HTML-Programme\Tanztribuene2\Tango\Video\2002\RealPlayer_rm\Mai_02.rm --> tanztribuene.de /Tango/Video/2002/RealPlayer_rm Mai_02.rm
2002.09.12 19:31 B C:\Andreas\HTML-Programme\Tanztribuene2\Tango\Video\2002\RealPlayer_rm\Oktober_02.rm --> tanztribuene.de /Tango/Video/2002/RealPlayer_rm Oktober_02.rm
2002.09.12 19:31 B C:\Andreas\HTML-Programme\Tanztribuene2\Tango\Video\2002\RealPlayer_rm\September_02.rm --> tanztribuene.de /Tango/Video/2002/RealPlayer_rm September_02.rm
2003.02.18 10:37 B C:\Dokumente und Einstellungen\Andreas\HTML-Programme\JuanTango_Neu\Video\2002\RealPlayer_rm\April_02.rm --> www.Juantango.de /Video/2002/RealPlayer_rm April_02.rm
2003.02.18 10:38 B C:\Dokumente und Einstellungen\Andreas\HTML-Programme\JuanTango_Neu\Video\2002\RealPlayer_rm\April_02.rm --> www.Juantango.de /Video/2002/RealPlayer_rm April_02.rm
2003.02.18 10:41 B C:\Dokumente und Einstellungen\Andreas\HTML-Programme\JuanTango_Neu\Video\2002\RealPlayer_rm\August_02.rm --> www.Juantango.de /Video/2002/RealPlayer_rm August_02.rm
2003.02.18 10:43 B C:\Dokumente und Einstellungen\Andreas\HTML-Programme\JuanTango_Neu\Video\2002\RealPlayer_rm\Juli_02.rm --> www.Juantango.de /Video/2002/RealPlayer_rm Juli_02.rm
2003.02.18 10:46 B C:\Dokumente und Einstellungen\Andreas\HTML-Programme\JuanTango_Neu\Video\2002\RealPlayer_rm\Juni_02.rm --> www.Juantango.de /Video/2002/RealPlayer_rm Juni_02.rm
2003.02.18 10:48 B C:\Dokumente und Einstellungen\Andreas\HTML-Programme\JuanTango_Neu\Video\2002\RealPlayer_rm\Mai_02.rm --> www.Juantango.de /Video/2002/RealPlayer_rm Mai_02.rm
2003.02.18 10:49 B C:\Dokumente und Einstellungen\Andreas\HTML-Programme\JuanTango_Neu\Video\2002\RealPlayer_rm\November_02.rm --> www.Juantango.de /Video/2002/RealPlayer_rm November_02.rm
2003.02.18 10:50 B C:\Dokumente und Einstellungen\Andreas\HTML-Programme\JuanTango_Neu\Video\2002\RealPlayer_rm\Oktober_02.rm --> www.Juantango.de /Video/2002/RealPlayer_rm Oktober_02.rm
2003.02.18 10:53 B C:\Dokumente und Einstellungen\Andreas\HTML-Programme\JuanTango_Neu\Video\2002\RealPlayer_rm\September_02.rm --> www.Juantango.de /Video/2002/RealPlayer_rm September_02.rm
2003.02.18 10:57 B C:\Dokumente und Einstellungen\Andreas\HTML-Programme\JuanTango_Neu\Video\2002\RealPlayer_rm\Tangotrickfilm3.rm --> www.Juantango.de /Video/2002/RealPlayer_rm Tangotrickfilm3.rm
