2006.11.06 13:07 B E:\HTML-Programme\Speyer\14.9.2006-Speyer\TanzPartnerBoerse\TanzPartnerBoerse.html --> www.Tango-Speyer.de /www.tango-speyer.de/TanzPartnerBoerse TanzPartnerBoerse.html
2006.11.06 13:07 B E:\HTML-Programme\Speyer\14.9.2006-Speyer\TanzPartnerBoerse\css.css --> www.Tango-Speyer.de /www.tango-speyer.de/TanzPartnerBoerse css.css
2006.11.06 13:07 B E:\HTML-Programme\Speyer\14.9.2006-Speyer\TanzPartnerBoerse\email.gif --> www.Tango-Speyer.de /www.tango-speyer.de/TanzPartnerBoerse email.gif
2006.11.06 13:07 B E:\HTML-Programme\Speyer\14.9.2006-Speyer\TanzPartnerBoerse\home.gif --> www.Tango-Speyer.de /www.tango-speyer.de/TanzPartnerBoerse home.gif
2006.11.06 13:09 B E:\HTML-Programme\Speyer\14.9.2006-Speyer\TanzPartnerBoerse\TanzPartnerBoerse.html --> www.Tango-Speyer.de /www.tango-speyer.de/TanzPartnerBoerse TanzPartnerBoerse.html
2006.11.06 13:11 B E:\HTML-Programme\Speyer\14.9.2006-Speyer\TanzPartnerBoerse\TanzPartnerBoerse.html --> www.Tango-Speyer.de /www.tango-speyer.de/TanzPartnerBoerse TanzPartnerBoerse.html
2006.11.06 13:11 B E:\HTML-Programme\Speyer\14.9.2006-Speyer\TanzPartnerBoerse\css.css --> www.Tango-Speyer.de /www.tango-speyer.de/TanzPartnerBoerse css.css
2006.11.06 13:12 B E:\HTML-Programme\Speyer\14.9.2006-Speyer\TanzPartnerBoerse\TanzPartnerBoerse.html --> www.Tango-Speyer.de /www.tango-speyer.de/TanzPartnerBoerse TanzPartnerBoerse.html
2006.11.06 13:14 B E:\HTML-Programme\Speyer\14.9.2006-Speyer\TanzPartnerBoerse\TanzPartnerBoerse.html --> www.Tango-Speyer.de /www.tango-speyer.de/TanzPartnerBoerse TanzPartnerBoerse.html
2006.11.06 13:14 B E:\HTML-Programme\Speyer\14.9.2006-Speyer\TanzPartnerBoerse\TanzPartnerBoerse.html --> www.Tango-Speyer.de /www.tango-speyer.de/TanzPartnerBoerse TanzPartnerBoerse.html
2006.11.06 13:14 B E:\HTML-Programme\Speyer\14.9.2006-Speyer\TanzPartnerBoerse\css.css --> www.Tango-Speyer.de /www.tango-speyer.de/TanzPartnerBoerse css.css
2006.11.06 13:17 B E:\HTML-Programme\Speyer\14.9.2006-Speyer\TanzPartnerBoerse\TanzPartnerBoerse.html --> www.Tango-Speyer.de /www.tango-speyer.de/TanzPartnerBoerse TanzPartnerBoerse.html
2006.11.06 13:17 B E:\HTML-Programme\Speyer\14.9.2006-Speyer\TanzPartnerBoerse\css.css --> www.Tango-Speyer.de /www.tango-speyer.de/TanzPartnerBoerse css.css
2006.11.06 13:18 B E:\HTML-Programme\Speyer\14.9.2006-Speyer\TanzPartnerBoerse\css.css --> www.Tango-Speyer.de /www.tango-speyer.de/TanzPartnerBoerse css.css
2006.11.06 13:20 B E:\HTML-Programme\Speyer\14.9.2006-Speyer\TanzPartnerBoerse\TanzPartnerBoerse.html --> www.Tango-Speyer.de /www.tango-speyer.de/TanzPartnerBoerse TanzPartnerBoerse.html
2006.11.06 13:21 B E:\HTML-Programme\Speyer\14.9.2006-Speyer\TanzPartnerBoerse\TanzPartnerBoerse.html --> www.Tango-Speyer.de /www.tango-speyer.de/TanzPartnerBoerse TanzPartnerBoerse.html
2006.11.06 13:21 B E:\HTML-Programme\Speyer\14.9.2006-Speyer\TanzPartnerBoerse\TanzPartnerBoerse.html --> www.Tango-Speyer.de /www.tango-speyer.de/TanzPartnerBoerse TanzPartnerBoerse.html
2006.11.06 13:22 B E:\HTML-Programme\Speyer\14.9.2006-Speyer\TanzPartnerBoerse\TanzPartnerBoerse.html --> www.Tango-Speyer.de /www.tango-speyer.de/TanzPartnerBoerse TanzPartnerBoerse.html
2006.11.06 13:24 B E:\HTML-Programme\Speyer\14.9.2006-Speyer\TanzPartnerBoerse\TanzPartnerBoerse.html --> www.Tango-Speyer.de /www.tango-speyer.de/TanzPartnerBoerse TanzPartnerBoerse.html
2006.11.06 13:24 B E:\HTML-Programme\Speyer\14.9.2006-Speyer\TanzPartnerBoerse\TanzPartnerBoerse.html --> www.Tango-Speyer.de /www.tango-speyer.de/TanzPartnerBoerse TanzPartnerBoerse.html
2006.11.06 13:26 B E:\HTML-Programme\Speyer\14.9.2006-Speyer\TanzPartnerBoerse\TanzPartnerBoerse.html --> www.Tango-Speyer.de /www.tango-speyer.de/TanzPartnerBoerse TanzPartnerBoerse.html
2006.11.06 13:26 B E:\HTML-Programme\Speyer\14.9.2006-Speyer\TanzPartnerBoerse\TanzPartnerBoerse.html --> www.Tango-Speyer.de /www.tango-speyer.de/TanzPartnerBoerse TanzPartnerBoerse.html
2006.11.06 13:27 B E:\HTML-Programme\Speyer\14.9.2006-Speyer\TanzPartnerBoerse\TanzPartnerBoerse.html --> www.Tango-Speyer.de /www.tango-speyer.de/TanzPartnerBoerse TanzPartnerBoerse.html
2006.11.06 13:28 B E:\HTML-Programme\Speyer\14.9.2006-Speyer\TanzPartnerBoerse\TanzPartnerBoerse.html --> www.Tango-Speyer.de /www.tango-speyer.de/TanzPartnerBoerse TanzPartnerBoerse.html
2006.11.06 13:29 B E:\HTML-Programme\Speyer\14.9.2006-Speyer\TanzPartnerBoerse\TanzPartnerBoerse.html --> www.Tango-Speyer.de /www.tango-speyer.de/TanzPartnerBoerse TanzPartnerBoerse.html
2006.11.06 13:29 B E:\HTML-Programme\Speyer\14.9.2006-Speyer\TanzPartnerBoerse\TanzPartnerBoerse.html --> www.Tango-Speyer.de /www.tango-speyer.de/TanzPartnerBoerse TanzPartnerBoerse.html
2006.11.06 13:30 B E:\HTML-Programme\Speyer\14.9.2006-Speyer\TanzPartnerBoerse\TanzPartnerBoerse.html --> www.Tango-Speyer.de /www.tango-speyer.de/TanzPartnerBoerse TanzPartnerBoerse.html
2006.11.06 13:31 B E:\HTML-Programme\Speyer\14.9.2006-Speyer\TanzPartnerBoerse\TanzPartnerBoerse.html --> www.Tango-Speyer.de /www.tango-speyer.de/TanzPartnerBoerse TanzPartnerBoerse.html
2006.11.06 13:34 B E:\HTML-Programme\Speyer\14.9.2006-Speyer\TanzPartnerBoerse\TanzPartnerBoerse.html --> www.Tango-Speyer.de /www.tango-speyer.de/TanzPartnerBoerse TanzPartnerBoerse.html
2006.11.06 13:36 B E:\HTML-Programme\Speyer\14.9.2006-Speyer\TanzPartnerBoerse\TanzPartnerBoerse.html --> www.Tango-Speyer.de /www.tango-speyer.de/TanzPartnerBoerse TanzPartnerBoerse.html
2006.11.06 13:43 B E:\HTML-Programme\Speyer\14.9.2006-Speyer\TanzPartnerBoerse\TanzPartnerBoerse.html --> www.Tango-Speyer.de /www.tango-speyer.de/TanzPartnerBoerse TanzPartnerBoerse.html
2006.11.06 13:44 B E:\HTML-Programme\Speyer\14.9.2006-Speyer\TanzPartnerBoerse\TanzPartnerBoerse.html --> www.Tango-Speyer.de /www.tango-speyer.de/TanzPartnerBoerse TanzPartnerBoerse.html
2006.11.06 13:51 B E:\HTML-Programme\Speyer\14.9.2006-Speyer\TanzPartnerBoerse\TanzPartnerBoerse.html --> www.Tango-Speyer.de /www.tango-speyer.de/TanzPartnerBoerse TanzPartnerBoerse.html
2006.11.06 13:53 B E:\HTML-Programme\Speyer\14.9.2006-Speyer\TanzPartnerBoerse\TanzPartnerBoerse.html --> www.Tango-Speyer.de /www.tango-speyer.de/TanzPartnerBoerse TanzPartnerBoerse.html
2006.11.06 13:56 B E:\HTML-Programme\Speyer\14.9.2006-Speyer\TanzPartnerBoerse\TanzPartnerBoerse.html --> www.Tango-Speyer.de /www.tango-speyer.de/TanzPartnerBoerse TanzPartnerBoerse.html
2006.11.06 13:56 B E:\HTML-Programme\Speyer\14.9.2006-Speyer\TanzPartnerBoerse\TanzPartnerBoerse.html --> www.Tango-Speyer.de /www.tango-speyer.de/TanzPartnerBoerse TanzPartnerBoerse.html
2006.11.06 13:59 B E:\HTML-Programme\Speyer\14.9.2006-Speyer\TanzPartnerBoerse\TanzPartnerBoerse.html --> www.Tango-Speyer.de /www.tango-speyer.de/TanzPartnerBoerse TanzPartnerBoerse.html
2006.11.06 14:00 B E:\HTML-Programme\Speyer\14.9.2006-Speyer\TanzPartnerBoerse\TanzPartnerBoerse.html --> www.Tango-Speyer.de /www.tango-speyer.de/TanzPartnerBoerse TanzPartnerBoerse.html
2006.11.06 14:01 B E:\HTML-Programme\Speyer\14.9.2006-Speyer\TanzPartnerBoerse\TanzPartnerBoerse.html --> www.Tango-Speyer.de /www.tango-speyer.de/TanzPartnerBoerse TanzPartnerBoerse.html
2006.11.06 14:01 B E:\HTML-Programme\Speyer\14.9.2006-Speyer\TanzPartnerBoerse\TanzPartnerBoerse.html --> www.Tango-Speyer.de /www.tango-speyer.de/TanzPartnerBoerse TanzPartnerBoerse.html
2006.11.06 14:04 B E:\HTML-Programme\Speyer\14.9.2006-Speyer\TanzPartnerBoerse\TanzPartnerBoerse.html --> www.Tango-Speyer.de /www.tango-speyer.de/TanzPartnerBoerse TanzPartnerBoerse.html
2006.11.06 14:07 B E:\HTML-Programme\Speyer\14.9.2006-Speyer\TanzPartnerBoerse\TanzPartnerBoerse.html --> www.Tango-Speyer.de /www.tango-speyer.de/TanzPartnerBoerse TanzPartnerBoerse.html
2006.11.06 14:08 B E:\HTML-Programme\Speyer\14.9.2006-Speyer\TanzPartnerBoerse\TanzPartnerBoerse.html --> www.Tango-Speyer.de /www.tango-speyer.de/TanzPartnerBoerse TanzPartnerBoerse.html
2006.11.06 14:12 B E:\HTML-Programme\Speyer\14.9.2006-Speyer\TanzPartnerBoerse\TanzPartnerBoerse.html --> www.Tango-Speyer.de /www.tango-speyer.de/TanzPartnerBoerse TanzPartnerBoerse.html
2006.11.06 14:13 B E:\HTML-Programme\Speyer\14.9.2006-Speyer\TanzPartnerBoerse\TanzPartnerBoerse.html --> www.Tango-Speyer.de /www.tango-speyer.de/TanzPartnerBoerse TanzPartnerBoerse.html
2006.11.06 14:13 B E:\HTML-Programme\Speyer\14.9.2006-Speyer\TanzPartnerBoerse\TanzPartnerBoerse.html --> www.Tango-Speyer.de /www.tango-speyer.de/TanzPartnerBoerse TanzPartnerBoerse.html
2006.11.06 14:15 B E:\HTML-Programme\Speyer\14.9.2006-Speyer\TanzPartnerBoerse\TanzPartnerBoerse.html --> www.Tango-Speyer.de /www.tango-speyer.de/TanzPartnerBoerse TanzPartnerBoerse.html
2006.11.06 14:16 B E:\HTML-Programme\Speyer\14.9.2006-Speyer\TanzPartnerBoerse\TanzPartnerBoerse.html --> www.Tango-Speyer.de /www.tango-speyer.de/TanzPartnerBoerse TanzPartnerBoerse.html
2006.11.06 14:18 B E:\HTML-Programme\Speyer\14.9.2006-Speyer\TanzPartnerBoerse\TanzPartnerBoerse.html --> www.Tango-Speyer.de /www.tango-speyer.de/TanzPartnerBoerse TanzPartnerBoerse.html
2006.11.06 14:30 B E:\HTML-Programme\Speyer\14.9.2006-Speyer\TanzPartnerBoerse\TanzPartnerBoerse.html --> www.Tango-Speyer.de /www.tango-speyer.de/TanzPartnerBoerse TanzPartnerBoerse.html
2006.11.06 14:31 B E:\HTML-Programme\Speyer\14.9.2006-Speyer\TanzPartnerBoerse\TanzPartnerBoerse.html --> www.Tango-Speyer.de /www.tango-speyer.de/TanzPartnerBoerse TanzPartnerBoerse.html
2006.11.06 14:33 B E:\HTML-Programme\Speyer\14.9.2006-Speyer\TanzPartnerBoerse\TanzPartnerBoerse.html --> www.Tango-Speyer.de /www.tango-speyer.de/TanzPartnerBoerse TanzPartnerBoerse.html
2006.11.06 14:35 B E:\HTML-Programme\Speyer\14.9.2006-Speyer\TanzPartnerBoerse\TanzPartnerBoerse.html --> www.Tango-Speyer.de /www.tango-speyer.de/TanzPartnerBoerse TanzPartnerBoerse.html
2006.11.06 14:36 B E:\HTML-Programme\Speyer\14.9.2006-Speyer\TanzPartnerBoerse\TanzPartnerBoerse.html --> www.Tango-Speyer.de /www.tango-speyer.de/TanzPartnerBoerse TanzPartnerBoerse.html
2006.11.06 14:37 B E:\HTML-Programme\Speyer\14.9.2006-Speyer\TanzPartnerBoerse\TanzPartnerBoerse.html --> www.Tango-Speyer.de /www.tango-speyer.de/TanzPartnerBoerse TanzPartnerBoerse.html
2006.11.06 14:37 B E:\HTML-Programme\Speyer\14.9.2006-Speyer\TanzPartnerBoerse\TanzPartnerBoerse.html --> www.Tango-Speyer.de /www.tango-speyer.de/TanzPartnerBoerse TanzPartnerBoerse.html
2006.11.06 14:39 B E:\HTML-Programme\Speyer\14.9.2006-Speyer\TanzPartnerBoerse\TanzPartnerBoerse.html --> www.Tango-Speyer.de /www.tango-speyer.de/TanzPartnerBoerse TanzPartnerBoerse.html
2006.11.06 14:40 B E:\HTML-Programme\Speyer\14.9.2006-Speyer\TanzPartnerBoerse\TanzPartnerBoerse.html --> www.Tango-Speyer.de /www.tango-speyer.de/TanzPartnerBoerse TanzPartnerBoerse.html
2006.11.06 14:41 B E:\HTML-Programme\Speyer\14.9.2006-Speyer\TanzPartnerBoerse\TanzPartnerBoerse.html --> www.Tango-Speyer.de /www.tango-speyer.de/TanzPartnerBoerse TanzPartnerBoerse.html
2006.11.06 14:43 B E:\HTML-Programme\Speyer\14.9.2006-Speyer\TanzPartnerBoerse\TanzPartnerBoerse.html --> www.Tango-Speyer.de /www.tango-speyer.de/TanzPartnerBoerse TanzPartnerBoerse.html
2006.11.06 14:45 B E:\HTML-Programme\Speyer\14.9.2006-Speyer\TanzPartnerBoerse\TanzPartnerBoerse.html --> www.Tango-Speyer.de /www.tango-speyer.de/TanzPartnerBoerse TanzPartnerBoerse.html
2006.11.06 14:46 B E:\HTML-Programme\Speyer\14.9.2006-Speyer\TanzPartnerBoerse\TanzPartnerBoerse.html --> www.Tango-Speyer.de /www.tango-speyer.de/TanzPartnerBoerse TanzPartnerBoerse.html
2006.11.06 14:47 B E:\HTML-Programme\Speyer\14.9.2006-Speyer\TanzPartnerBoerse\TanzPartnerBoerse.html --> www.Tango-Speyer.de /www.tango-speyer.de/TanzPartnerBoerse TanzPartnerBoerse.html
2006.11.06 14:48 B E:\HTML-Programme\Speyer\14.9.2006-Speyer\TanzPartnerBoerse\TanzPartnerBoerse.html --> www.Tango-Speyer.de /www.tango-speyer.de/TanzPartnerBoerse TanzPartnerBoerse.html
2006.11.06 14:49 B E:\HTML-Programme\Speyer\14.9.2006-Speyer\TanzPartnerBoerse\TanzPartnerBoerse.html --> www.Tango-Speyer.de /www.tango-speyer.de/TanzPartnerBoerse TanzPartnerBoerse.html
2006.11.06 14:50 B E:\HTML-Programme\Speyer\14.9.2006-Speyer\TanzPartnerBoerse\TanzPartnerBoerse.html --> www.Tango-Speyer.de /www.tango-speyer.de/TanzPartnerBoerse TanzPartnerBoerse.html
2006.11.06 15:03 B E:\HTML-Programme\Speyer\14.9.2006-Speyer\TanzPartnerBoerse\TanzPartnerBoerse.html --> www.Tango-Speyer.de /www.tango-speyer.de/TanzPartnerBoerse TanzPartnerBoerse.html
2006.11.06 15:04 B E:\HTML-Programme\Speyer\14.9.2006-Speyer\TanzPartnerBoerse\TanzPartnerBoerse.html --> www.Tango-Speyer.de /www.tango-speyer.de/TanzPartnerBoerse TanzPartnerBoerse.html
2006.11.06 15:07 B E:\HTML-Programme\Speyer\14.9.2006-Speyer\TanzPartnerBoerse\TanzPartnerBoerse.html --> www.Tango-Speyer.de /www.tango-speyer.de/TanzPartnerBoerse TanzPartnerBoerse.html
2006.11.06 15:07 B E:\HTML-Programme\Speyer\14.9.2006-Speyer\TanzPartnerBoerse\TanzPartnerBoerse.html --> www.Tango-Speyer.de /www.tango-speyer.de/TanzPartnerBoerse TanzPartnerBoerse.html
2006.11.06 15:09 B E:\HTML-Programme\Speyer\14.9.2006-Speyer\TanzPartnerBoerse\TanzPartnerBoerse.html --> www.Tango-Speyer.de /www.tango-speyer.de/TanzPartnerBoerse TanzPartnerBoerse.html
2006.11.06 15:10 B E:\HTML-Programme\Speyer\14.9.2006-Speyer\TanzPartnerBoerse\TanzPartnerBoerse.html --> www.Tango-Speyer.de /www.tango-speyer.de/TanzPartnerBoerse TanzPartnerBoerse.html
2006.11.06 15:12 B E:\HTML-Programme\Speyer\14.9.2006-Speyer\TanzPartnerBoerse\TanzPartnerBoerse.html --> www.Tango-Speyer.de /www.tango-speyer.de/TanzPartnerBoerse TanzPartnerBoerse.html
2006.11.06 15:15 B E:\HTML-Programme\Speyer\14.9.2006-Speyer\TanzPartnerBoerse\TanzPartnerBoerse.html --> www.Tango-Speyer.de /www.tango-speyer.de/TanzPartnerBoerse TanzPartnerBoerse.html
2006.11.06 15:18 B E:\HTML-Programme\Speyer\14.9.2006-Speyer\TanzPartnerBoerse\TanzPartnerBoerse.html --> www.Tango-Speyer.de /www.tango-speyer.de/TanzPartnerBoerse TanzPartnerBoerse.html
2006.11.06 15:19 B E:\HTML-Programme\Speyer\14.9.2006-Speyer\TanzPartnerBoerse\TanzPartnerBoerse.html --> www.Tango-Speyer.de /www.tango-speyer.de/TanzPartnerBoerse TanzPartnerBoerse.html
2006.11.06 15:20 B E:\HTML-Programme\Speyer\14.9.2006-Speyer\TanzPartnerBoerse\TanzPartnerBoerse.html --> www.Tango-Speyer.de /www.tango-speyer.de/TanzPartnerBoerse TanzPartnerBoerse.html
2006.11.06 15:23 B E:\HTML-Programme\Speyer\14.9.2006-Speyer\TanzPartnerBoerse\TanzPartnerBoerse.html --> www.Tango-Speyer.de /www.tango-speyer.de/TanzPartnerBoerse TanzPartnerBoerse.html
2006.11.06 15:24 B E:\HTML-Programme\Speyer\14.9.2006-Speyer\TanzPartnerBoerse\smileys34.gif --> www.Tango-Speyer.de /www.tango-speyer.de/TanzPartnerBoerse smileys34.gif
2006.11.06 15:29 B E:\HTML-Programme\Speyer\14.9.2006-Speyer\TanzPartnerBoerse\TanzPartnerBoerse.html --> www.Tango-Speyer.de /www.tango-speyer.de/TanzPartnerBoerse TanzPartnerBoerse.html
2006.11.06 15:31 B E:\HTML-Programme\Speyer\14.9.2006-Speyer\TanzPartnerBoerse\TanzPartnerBoerse.html --> www.Tango-Speyer.de /www.tango-speyer.de/TanzPartnerBoerse TanzPartnerBoerse.html
2006.11.06 15:31 B E:\HTML-Programme\Speyer\14.9.2006-Speyer\TanzPartnerBoerse\TanzPartnerBoerse.html --> www.Tango-Speyer.de /www.tango-speyer.de/TanzPartnerBoerse TanzPartnerBoerse.html
2006.11.06 15:32 B E:\HTML-Programme\Speyer\14.9.2006-Speyer\TanzPartnerBoerse\TanzPartnerBoerse.html --> www.Tango-Speyer.de /www.tango-speyer.de/TanzPartnerBoerse TanzPartnerBoerse.html
2006.11.06 15:33 B E:\HTML-Programme\Speyer\14.9.2006-Speyer\TanzPartnerBoerse\TanzPartnerBoerse.html --> www.Tango-Speyer.de /www.tango-speyer.de/TanzPartnerBoerse TanzPartnerBoerse.html
2006.11.06 15:34 B E:\HTML-Programme\Speyer\14.9.2006-Speyer\TanzPartnerBoerse\TanzPartnerBoerse.html --> www.Tango-Speyer.de /www.tango-speyer.de/TanzPartnerBoerse TanzPartnerBoerse.html
2006.11.06 15:38 B E:\HTML-Programme\Speyer\14.9.2006-Speyer\TanzPartnerBoerse\TanzPartnerBoerse.html --> www.Tango-Speyer.de /www.tango-speyer.de/TanzPartnerBoerse TanzPartnerBoerse.html
2006.11.06 15:40 B E:\HTML-Programme\Speyer\14.9.2006-Speyer\TanzPartnerBoerse\home.gif --> www.Tango-Speyer.de /www.tango-speyer.de/TanzPartnerBoerse home.gif
2006.11.06 15:40 B E:\HTML-Programme\Speyer\14.9.2006-Speyer\TanzPartnerBoerse\TanzPartnerBoerse.html --> www.Tango-Speyer.de /www.tango-speyer.de/TanzPartnerBoerse TanzPartnerBoerse.html
2006.11.06 15:41 B E:\HTML-Programme\Speyer\14.9.2006-Speyer\TanzPartnerBoerse\TanzPartnerBoerse.html --> www.Tango-Speyer.de /www.tango-speyer.de/TanzPartnerBoerse TanzPartnerBoerse.html
2006.11.06 15:42 B E:\HTML-Programme\Speyer\14.9.2006-Speyer\TanzPartnerBoerse\TanzPartnerBoerse.html --> www.Tango-Speyer.de /www.tango-speyer.de/TanzPartnerBoerse TanzPartnerBoerse.html
2006.11.06 15:43 B E:\HTML-Programme\Speyer\14.9.2006-Speyer\TanzPartnerBoerse\TanzPartnerBoerse.html --> www.Tango-Speyer.de /www.tango-speyer.de/TanzPartnerBoerse TanzPartnerBoerse.html
2006.11.06 15:45 B E:\HTML-Programme\Speyer\14.9.2006-Speyer\TanzPartnerBoerse\TanzPartnerBoerse.html --> www.Tango-Speyer.de /www.tango-speyer.de/TanzPartnerBoerse TanzPartnerBoerse.html
2006.11.06 15:46 B E:\HTML-Programme\Speyer\14.9.2006-Speyer\TanzPartnerBoerse\TanzPartnerBoerse.html --> www.Tango-Speyer.de /www.tango-speyer.de/TanzPartnerBoerse TanzPartnerBoerse.html
2006.11.06 15:48 B E:\HTML-Programme\Speyer\14.9.2006-Speyer\TanzPartnerBoerse\TanzPartnerBoerse.html --> www.Tango-Speyer.de /www.tango-speyer.de/TanzPartnerBoerse TanzPartnerBoerse.html
2006.11.06 15:49 B E:\HTML-Programme\Speyer\14.9.2006-Speyer\TanzPartnerBoerse\TanzPartnerBoerse.html --> www.Tango-Speyer.de /www.tango-speyer.de/TanzPartnerBoerse TanzPartnerBoerse.html
2006.11.06 15:50 B E:\HTML-Programme\Speyer\14.9.2006-Speyer\TanzPartnerBoerse\TanzPartnerBoerse.html --> www.Tango-Speyer.de /www.tango-speyer.de/TanzPartnerBoerse TanzPartnerBoerse.html
2006.11.06 15:51 B E:\HTML-Programme\Speyer\14.9.2006-Speyer\TanzPartnerBoerse\TanzPartnerBoerse.html --> www.Tango-Speyer.de /www.tango-speyer.de/TanzPartnerBoerse TanzPartnerBoerse.html
2006.11.06 15:52 B E:\HTML-Programme\Speyer\14.9.2006-Speyer\TanzPartnerBoerse\TanzPartnerBoerse.html --> www.Tango-Speyer.de /www.tango-speyer.de/TanzPartnerBoerse TanzPartnerBoerse.html
2006.11.06 15:56 B E:\HTML-Programme\Speyer\14.9.2006-Speyer\TanzPartnerBoerse\TanzPartnerBoerse.html --> www.Tango-Speyer.de /www.tango-speyer.de/TanzPartnerBoerse TanzPartnerBoerse.html
2006.11.06 15:58 B E:\HTML-Programme\Speyer\14.9.2006-Speyer\TanzPartnerBoerse\TanzPartnerBoerse.html --> www.Tango-Speyer.de /www.tango-speyer.de/TanzPartnerBoerse TanzPartnerBoerse.html
2006.11.06 15:59 B E:\HTML-Programme\Speyer\14.9.2006-Speyer\TanzPartnerBoerse\TanzPartnerBoerse.html --> www.Tango-Speyer.de /www.tango-speyer.de/TanzPartnerBoerse TanzPartnerBoerse.html
2006.11.06 15:59 B E:\HTML-Programme\Speyer\14.9.2006-Speyer\TanzPartnerBoerse\TanzPartnerBoerse.html --> www.Tango-Speyer.de /www.tango-speyer.de/TanzPartnerBoerse TanzPartnerBoerse.html
2006.11.06 16:00 B E:\HTML-Programme\Speyer\14.9.2006-Speyer\TanzPartnerBoerse\home.gif --> www.Tango-Speyer.de /www.tango-speyer.de/TanzPartnerBoerse home.gif
2006.11.06 16:00 B E:\HTML-Programme\Speyer\14.9.2006-Speyer\TanzPartnerBoerse\TanzPartnerBoerse.html --> www.Tango-Speyer.de /www.tango-speyer.de/TanzPartnerBoerse TanzPartnerBoerse.html
2006.11.06 16:01 B E:\HTML-Programme\Speyer\14.9.2006-Speyer\TanzPartnerBoerse\TanzPartnerBoerse.html --> www.Tango-Speyer.de /www.tango-speyer.de/TanzPartnerBoerse TanzPartnerBoerse.html
2006.11.06 16:01 B E:\HTML-Programme\Speyer\14.9.2006-Speyer\TanzPartnerBoerse\TanzPartnerBoerse.html --> www.Tango-Speyer.de /www.tango-speyer.de/TanzPartnerBoerse TanzPartnerBoerse.html
2006.11.06 16:02 B E:\HTML-Programme\Speyer\14.9.2006-Speyer\TanzPartnerBoerse\TanzPartnerBoerse.html --> www.Tango-Speyer.de /www.tango-speyer.de/TanzPartnerBoerse TanzPartnerBoerse.html
2006.11.06 16:03 B E:\HTML-Programme\Speyer\14.9.2006-Speyer\TanzPartnerBoerse\TanzPartnerBoerse.html --> www.Tango-Speyer.de /www.tango-speyer.de/TanzPartnerBoerse TanzPartnerBoerse.html
2006.11.06 16:04 B E:\HTML-Programme\Speyer\14.9.2006-Speyer\TanzPartnerBoerse\TanzPartnerBoerse.html --> www.Tango-Speyer.de /www.tango-speyer.de/TanzPartnerBoerse TanzPartnerBoerse.html
2006.11.06 16:05 B E:\HTML-Programme\Speyer\14.9.2006-Speyer\TanzPartnerBoerse\TanzPartnerBoerse.html --> www.Tango-Speyer.de /www.tango-speyer.de/TanzPartnerBoerse TanzPartnerBoerse.html
2006.11.06 16:07 B E:\HTML-Programme\Speyer\14.9.2006-Speyer\TanzPartnerBoerse\home.gif --> www.Tango-Speyer.de /www.tango-speyer.de/TanzPartnerBoerse home.gif
2006.11.06 16:07 B E:\HTML-Programme\Speyer\14.9.2006-Speyer\TanzPartnerBoerse\TanzPartnerBoerse.html --> www.Tango-Speyer.de /www.tango-speyer.de/TanzPartnerBoerse TanzPartnerBoerse.html
2006.11.07 00:27 B E:\HTML-Programme\Speyer\14.9.2006-Speyer\TanzPartnerBoerse\TanzPartnerBoerse.html --> www.Tango-Speyer.de /www.tango-speyer.de/TanzPartnerBoerse TanzPartnerBoerse.html
2006.11.07 00:28 B E:\HTML-Programme\Speyer\14.9.2006-Speyer\TanzPartnerBoerse\TanzPartnerBoerse.html --> www.Tango-Speyer.de /www.tango-speyer.de/TanzPartnerBoerse TanzPartnerBoerse.html
2006.11.07 00:29 B E:\HTML-Programme\Speyer\14.9.2006-Speyer\TanzPartnerBoerse\TanzPartnerBoerse.html --> www.Tango-Speyer.de /www.tango-speyer.de/TanzPartnerBoerse TanzPartnerBoerse.html
2006.11.07 00:31 B E:\HTML-Programme\Speyer\14.9.2006-Speyer\TanzPartnerBoerse\TanzPartnerBoerse.html --> www.Tango-Speyer.de /www.tango-speyer.de/TanzPartnerBoerse TanzPartnerBoerse.html
2006.11.07 00:32 B E:\HTML-Programme\Speyer\14.9.2006-Speyer\TanzPartnerBoerse\TanzPartnerBoerse.html --> www.Tango-Speyer.de /www.tango-speyer.de/TanzPartnerBoerse TanzPartnerBoerse.html
2006.11.07 00:32 B E:\HTML-Programme\Speyer\14.9.2006-Speyer\TanzPartnerBoerse\TanzPartnerBoerse.html --> www.Tango-Speyer.de /www.tango-speyer.de/TanzPartnerBoerse TanzPartnerBoerse.html
2006.11.07 00:35 B E:\HTML-Programme\Speyer\14.9.2006-Speyer\TanzPartnerBoerse\TanzPartnerBoerse.html --> www.Tango-Speyer.de /www.tango-speyer.de/TanzPartnerBoerse TanzPartnerBoerse.html
2006.11.07 15:12 B E:\HTML-Programme\Speyer\14.9.2006-Speyer\TanzPartnerBoerse\TanzPartnerBoerse.html --> www.Tango-Speyer.de /www.tango-speyer.de/TanzPartnerBoerse TanzPartnerBoerse.html
2008.05.26 07:52 B E:\HTML-Programme\Bad Duerkheim\BD_19.05.2008\Gaestebuch\Gaestebuch.html --> www.Tangohaus.net /www.Tangohaus.net/Gaestebuch Gaestebuch.html
2008.05.26 07:52 B E:\HTML-Programme\Bad Duerkheim\BD_19.05.2008\Gaestebuch\email.gif --> www.Tangohaus.net /www.Tangohaus.net/Gaestebuch email.gif
2008.05.26 07:57 B E:\HTML-Programme\Bad Duerkheim\BD_19.05.2008\Gaestebuch\Gaestebuch.html --> www.Tangohaus.net /www.Tangohaus.net/Gaestebuch Gaestebuch.html
2008.05.26 07:57 B E:\HTML-Programme\Bad Duerkheim\BD_19.05.2008\Gaestebuch\format.css --> www.Tangohaus.net /www.Tangohaus.net/Gaestebuch format.css
2008.05.26 07:58 B E:\HTML-Programme\Bad Duerkheim\BD_19.05.2008\Gaestebuch\Gaestebuch.html --> www.Tangohaus.net /www.Tangohaus.net/Gaestebuch Gaestebuch.html
2008.05.27 08:15 B E:\HTML-Programme\Bad Duerkheim\BD_19.05.2008\Gaestebuch\Gaestebuch.html --> www.Tangohaus.net /www.Tangohaus.net/Gaestebuch Gaestebuch.html
2008.05.27 08:40 B E:\HTML-Programme\Bad Duerkheim\BD_19.05.2008\Gaestebuch\test.html --> www.Tangohaus.net /www.Tangohaus.net/Gaestebuch test.html
2008.05.27 08:42 B E:\HTML-Programme\Bad Duerkheim\BD_19.05.2008\Gaestebuch\test.html --> www.Tangohaus.net /www.Tangohaus.net/Gaestebuch test.html
2008.05.27 08:43 B E:\HTML-Programme\Bad Duerkheim\BD_19.05.2008\Gaestebuch\test.html --> www.Tangohaus.net /www.Tangohaus.net/Gaestebuch test.html
2008.05.27 08:44 B E:\HTML-Programme\Bad Duerkheim\BD_19.05.2008\Gaestebuch\format2.css --> www.Tangohaus.net /www.Tangohaus.net/Gaestebuch format2.css
2008.05.27 08:47 B E:\HTML-Programme\Bad Duerkheim\BD_19.05.2008\Gaestebuch\test.html --> www.Tangohaus.net /www.Tangohaus.net/Gaestebuch test.html
2008.05.27 08:49 B E:\HTML-Programme\Bad Duerkheim\BD_19.05.2008\Gaestebuch\bgmain.jpg --> www.Tangohaus.net /www.Tangohaus.net/Gaestebuch bgmain.jpg
2008.05.27 08:49 B E:\HTML-Programme\Bad Duerkheim\BD_19.05.2008\Gaestebuch\black.gif --> www.Tangohaus.net /www.Tangohaus.net/Gaestebuch black.gif
2008.05.27 08:49 B E:\HTML-Programme\Bad Duerkheim\BD_19.05.2008\Gaestebuch\black30.png --> www.Tangohaus.net /www.Tangohaus.net/Gaestebuch black30.png
2008.05.27 08:49 B E:\HTML-Programme\Bad Duerkheim\BD_19.05.2008\Gaestebuch\black60.png --> www.Tangohaus.net /www.Tangohaus.net/Gaestebuch black60.png
2008.05.27 08:49 B E:\HTML-Programme\Bad Duerkheim\BD_19.05.2008\Gaestebuch\fuss.jpg --> www.Tangohaus.net /www.Tangohaus.net/Gaestebuch fuss.jpg
2008.05.27 08:49 B E:\HTML-Programme\Bad Duerkheim\BD_19.05.2008\Gaestebuch\fuss2.gif --> www.Tangohaus.net /www.Tangohaus.net/Gaestebuch fuss2.gif
2008.05.27 08:49 B E:\HTML-Programme\Bad Duerkheim\BD_19.05.2008\Gaestebuch\lay_y.jpg --> www.Tangohaus.net /www.Tangohaus.net/Gaestebuch lay_y.jpg
2008.05.27 08:49 B E:\HTML-Programme\Bad Duerkheim\BD_19.05.2008\Gaestebuch\pixelspace.gif --> www.Tangohaus.net /www.Tangohaus.net/Gaestebuch pixelspace.gif
2008.05.27 08:50 B E:\HTML-Programme\Bad Duerkheim\BD_19.05.2008\Gaestebuch\test.html --> www.Tangohaus.net /www.Tangohaus.net/Gaestebuch test.html
2008.05.27 08:51 B E:\HTML-Programme\Bad Duerkheim\BD_19.05.2008\Gaestebuch\test.html --> www.Tangohaus.net /www.Tangohaus.net/Gaestebuch test.html
2008.05.27 09:01 B E:\HTML-Programme\Bad Duerkheim\BD_19.05.2008\Gaestebuch\test.html --> www.Tangohaus.net /www.Tangohaus.net/Gaestebuch test.html
2008.05.27 09:02 B E:\HTML-Programme\Bad Duerkheim\BD_19.05.2008\Gaestebuch\test.html --> www.Tangohaus.net /www.Tangohaus.net/Gaestebuch test.html
2008.05.27 09:06 B E:\HTML-Programme\Bad Duerkheim\BD_19.05.2008\Gaestebuch\test.html --> www.Tangohaus.net /www.Tangohaus.net/Gaestebuch test.html
2008.05.27 10:25 B E:\HTML-Programme\Bad Duerkheim\BD_19.05.2008\Gaestebuch\test.html --> www.Tangohaus.net /www.Tangohaus.net/Gaestebuch test.html
2008.05.27 10:43 B E:\HTML-Programme\Bad Duerkheim\BD_19.05.2008\Gaestebuch\test.html --> www.Tangohaus.net /www.Tangohaus.net/Gaestebuch test.html
2008.05.27 10:44 B E:\HTML-Programme\Bad Duerkheim\BD_19.05.2008\Gaestebuch\test.html --> www.Tangohaus.net /www.Tangohaus.net/Gaestebuch test.html
2008.05.27 10:53 B E:\HTML-Programme\Bad Duerkheim\BD_19.05.2008\Gaestebuch\test.html --> www.Tangohaus.net /www.Tangohaus.net/Gaestebuch test.html
2008.05.27 11:02 B E:\HTML-Programme\Bad Duerkheim\BD_19.05.2008\Gaestebuch\test.html --> www.Tangohaus.net /www.Tangohaus.net/Gaestebuch test.html
2008.05.27 11:02 B E:\HTML-Programme\Bad Duerkheim\BD_19.05.2008\Gaestebuch\test.html --> www.Tangohaus.net /www.Tangohaus.net/Gaestebuch test.html
2008.05.27 14:15 B E:\HTML-Programme\Bad Duerkheim\BD_19.05.2008\Gaestebuch\test2.html --> www.Tangohaus.net /www.Tangohaus.net/Gaestebuch test2.html
2008.05.27 14:17 B E:\HTML-Programme\Bad Duerkheim\BD_19.05.2008\Gaestebuch\test2.html --> www.Tangohaus.net /www.Tangohaus.net/Gaestebuch test2.html
2008.05.27 14:24 B E:\HTML-Programme\Bad Duerkheim\BD_19.05.2008\Gaestebuch\test2.html --> www.Tangohaus.net /www.Tangohaus.net/Gaestebuch test2.html
2008.05.27 14:27 B E:\HTML-Programme\Bad Duerkheim\BD_19.05.2008\Gaestebuch\test2.html --> www.Tangohaus.net /www.Tangohaus.net/Gaestebuch test2.html
2008.05.27 14:31 B E:\HTML-Programme\Bad Duerkheim\BD_19.05.2008\Gaestebuch\test2.html --> www.Tangohaus.net /www.Tangohaus.net/Gaestebuch test2.html
2008.05.27 14:35 B E:\HTML-Programme\Bad Duerkheim\BD_19.05.2008\Gaestebuch\test2.html --> www.Tangohaus.net /www.Tangohaus.net/Gaestebuch test2.html
2008.05.27 14:50 B E:\HTML-Programme\Bad Duerkheim\BD_19.05.2008\Gaestebuch\Gaestebuch.html --> www.Tangohaus.net /www.Tangohaus.net/Gaestebuch Gaestebuch.html
2008.05.27 14:56 B E:\HTML-Programme\Bad Duerkheim\BD_19.05.2008\Gaestebuch\Gaestebuch.html --> www.Tangohaus.net /www.Tangohaus.net/Gaestebuch Gaestebuch.html
2008.05.27 14:57 B E:\HTML-Programme\Bad Duerkheim\BD_19.05.2008\Gaestebuch\Gaestebuch.html --> www.Tangohaus.net /www.Tangohaus.net/Gaestebuch Gaestebuch.html
2008.05.27 15:02 B E:\HTML-Programme\Bad Duerkheim\BD_19.05.2008\Gaestebuch\Gaestebuch.html --> www.Tangohaus.net /www.Tangohaus.net/Gaestebuch Gaestebuch.html
2008.05.27 15:03 B E:\HTML-Programme\Bad Duerkheim\BD_19.05.2008\Gaestebuch\home.gif --> www.Tangohaus.net /www.Tangohaus.net/Gaestebuch home.gif
2008.05.27 15:05 B E:\HTML-Programme\Bad Duerkheim\BD_19.05.2008\Gaestebuch\Gaestebuch.html --> www.Tangohaus.net /www.Tangohaus.net/Gaestebuch Gaestebuch.html
2008.05.27 15:06 B E:\HTML-Programme\Bad Duerkheim\BD_19.05.2008\Gaestebuch\Gaestebuch.html --> www.Tangohaus.net /www.Tangohaus.net/Gaestebuch Gaestebuch.html
2008.05.27 15:06 B E:\HTML-Programme\Bad Duerkheim\BD_19.05.2008\Gaestebuch\Gaestebuch.html --> www.Tangohaus.net /www.Tangohaus.net/Gaestebuch Gaestebuch.html
2008.05.27 15:07 B E:\HTML-Programme\Bad Duerkheim\BD_19.05.2008\Gaestebuch\Gaestebuch.html --> www.Tangohaus.net /www.Tangohaus.net/Gaestebuch Gaestebuch.html
2008.05.27 15:07 B E:\HTML-Programme\Bad Duerkheim\BD_19.05.2008\Gaestebuch\Gaestebuch.html --> www.Tangohaus.net /www.Tangohaus.net/Gaestebuch Gaestebuch.html
2008.05.27 15:08 B E:\HTML-Programme\Bad Duerkheim\BD_19.05.2008\Gaestebuch\Gaestebuch.html --> www.Tangohaus.net /www.Tangohaus.net/Gaestebuch Gaestebuch.html
2008.05.27 15:09 B E:\HTML-Programme\Bad Duerkheim\BD_19.05.2008\Gaestebuch\Gaestebuch.html --> www.Tangohaus.net /www.Tangohaus.net/Gaestebuch Gaestebuch.html
2008.05.27 15:09 B E:\HTML-Programme\Bad Duerkheim\BD_19.05.2008\Gaestebuch\Gaestebuch.html --> www.Tangohaus.net /www.Tangohaus.net/Gaestebuch Gaestebuch.html
2008.05.27 15:11 B E:\HTML-Programme\Bad Duerkheim\BD_19.05.2008\Gaestebuch\Gaestebuch.html --> www.Tangohaus.net /www.Tangohaus.net/Gaestebuch Gaestebuch.html
2008.05.27 15:13 B E:\HTML-Programme\Bad Duerkheim\BD_19.05.2008\Gaestebuch\Gaestebuch.html --> www.Tangohaus.net /www.Tangohaus.net/Gaestebuch Gaestebuch.html
2008.05.27 15:17 B E:\HTML-Programme\Bad Duerkheim\BD_19.05.2008\Gaestebuch\Gaestebuch.html --> www.Tangohaus.net /www.Tangohaus.net/Gaestebuch Gaestebuch.html
2008.05.27 15:19 B E:\HTML-Programme\Bad Duerkheim\BD_19.05.2008\Gaestebuch\Gaestebuch.html --> www.Tangohaus.net /www.Tangohaus.net/Gaestebuch Gaestebuch.html
2008.05.27 15:21 B E:\HTML-Programme\Bad Duerkheim\BD_19.05.2008\Gaestebuch\Gaestebuch.html --> www.Tangohaus.net /www.Tangohaus.net/Gaestebuch Gaestebuch.html
2008.05.27 15:25 B E:\HTML-Programme\Bad Duerkheim\BD_19.05.2008\Gaestebuch\Gaestebuch.html --> www.Tangohaus.net /www.Tangohaus.net/Gaestebuch Gaestebuch.html
2008.05.27 15:25 B E:\HTML-Programme\Bad Duerkheim\BD_19.05.2008\Gaestebuch\Gaestebuch.html --> www.Tangohaus.net /www.Tangohaus.net/Gaestebuch Gaestebuch.html
2008.05.27 15:26 B E:\HTML-Programme\Bad Duerkheim\BD_19.05.2008\Gaestebuch\Gaestebuch.html --> www.Tangohaus.net /www.Tangohaus.net/Gaestebuch Gaestebuch.html
2008.05.27 15:29 B E:\HTML-Programme\Bad Duerkheim\BD_19.05.2008\Gaestebuch\Gaestebuch.html --> www.Tangohaus.net /www.Tangohaus.net/Gaestebuch Gaestebuch.html
2008.05.27 15:31 B E:\HTML-Programme\Bad Duerkheim\BD_19.05.2008\Gaestebuch\Gaestebuch.html --> www.Tangohaus.net /www.Tangohaus.net/Gaestebuch Gaestebuch.html
2008.05.27 15:32 B E:\HTML-Programme\Bad Duerkheim\BD_19.05.2008\Gaestebuch\Gaestebuch.html --> www.Tangohaus.net /www.Tangohaus.net/Gaestebuch Gaestebuch.html
2008.05.27 15:34 B E:\HTML-Programme\Bad Duerkheim\BD_19.05.2008\Gaestebuch\Gaestebuch.html --> www.Tangohaus.net /www.Tangohaus.net/Gaestebuch Gaestebuch.html
2008.05.27 15:34 B E:\HTML-Programme\Bad Duerkheim\BD_19.05.2008\Gaestebuch\Gaestebuch.html --> www.Tangohaus.net /www.Tangohaus.net/Gaestebuch Gaestebuch.html
2008.05.27 15:35 B E:\HTML-Programme\Bad Duerkheim\BD_19.05.2008\Gaestebuch\Gaestebuch.html --> www.Tangohaus.net /www.Tangohaus.net/Gaestebuch Gaestebuch.html
2008.05.27 15:37 B E:\HTML-Programme\Bad Duerkheim\BD_19.05.2008\Gaestebuch\Gaestebuch.html --> www.Tangohaus.net /www.Tangohaus.net/Gaestebuch Gaestebuch.html
2008.05.27 15:39 B E:\HTML-Programme\Bad Duerkheim\BD_19.05.2008\Gaestebuch\Gaestebuch.html --> www.Tangohaus.net /www.Tangohaus.net/Gaestebuch Gaestebuch.html
2008.05.27 15:40 B E:\HTML-Programme\Bad Duerkheim\BD_19.05.2008\Gaestebuch\Gaestebuch.html --> www.Tangohaus.net /www.Tangohaus.net/Gaestebuch Gaestebuch.html
2008.05.27 15:40 B E:\HTML-Programme\Bad Duerkheim\BD_19.05.2008\Gaestebuch\Gaestebuch.html --> www.Tangohaus.net /www.Tangohaus.net/Gaestebuch Gaestebuch.html
2008.05.27 15:41 B E:\HTML-Programme\Bad Duerkheim\BD_19.05.2008\Gaestebuch\Gaestebuch.html --> www.Tangohaus.net /www.Tangohaus.net/Gaestebuch Gaestebuch.html
2008.05.27 15:44 B E:\HTML-Programme\Bad Duerkheim\BD_19.05.2008\Gaestebuch\Gaestebuch.html --> www.Tangohaus.net /www.Tangohaus.net/Gaestebuch Gaestebuch.html
2008.05.27 15:47 B E:\HTML-Programme\Bad Duerkheim\BD_19.05.2008\Gaestebuch\Gaestebuch.html --> www.Tangohaus.net /www.Tangohaus.net/Gaestebuch Gaestebuch.html
2008.05.27 15:48 B E:\HTML-Programme\Bad Duerkheim\BD_19.05.2008\Gaestebuch\Gaestebuch.html --> www.Tangohaus.net /www.Tangohaus.net/Gaestebuch Gaestebuch.html
2008.05.27 15:50 B E:\HTML-Programme\Bad Duerkheim\BD_19.05.2008\Gaestebuch\Gaestebuch.html --> www.Tangohaus.net /www.Tangohaus.net/Gaestebuch Gaestebuch.html
2008.05.27 15:50 B E:\HTML-Programme\Bad Duerkheim\BD_19.05.2008\Gaestebuch\Gaestebuch.html --> www.Tangohaus.net /www.Tangohaus.net/Gaestebuch Gaestebuch.html
2008.05.27 15:51 B E:\HTML-Programme\Bad Duerkheim\BD_19.05.2008\Gaestebuch\Gaestebuch.html --> www.Tangohaus.net /www.Tangohaus.net/Gaestebuch Gaestebuch.html
2008.05.27 15:52 B E:\HTML-Programme\Bad Duerkheim\BD_19.05.2008\Gaestebuch\Gaestebuch.html --> www.Tangohaus.net /www.Tangohaus.net/Gaestebuch Gaestebuch.html
2008.05.27 15:53 B E:\HTML-Programme\Bad Duerkheim\BD_19.05.2008\Gaestebuch\Gaestebuch.html --> www.Tangohaus.net /www.Tangohaus.net/Gaestebuch Gaestebuch.html
2008.05.27 15:54 B E:\HTML-Programme\Bad Duerkheim\BD_19.05.2008\Gaestebuch\Gaestebuch.html --> www.Tangohaus.net /www.Tangohaus.net/Gaestebuch Gaestebuch.html
2008.05.27 15:54 B E:\HTML-Programme\Bad Duerkheim\BD_19.05.2008\Gaestebuch\Gaestebuch.html --> www.Tangohaus.net /www.Tangohaus.net/Gaestebuch Gaestebuch.html
2008.05.27 15:56 B E:\HTML-Programme\Bad Duerkheim\BD_19.05.2008\Gaestebuch\Gaestebuch.html --> www.Tangohaus.net /www.Tangohaus.net/Gaestebuch Gaestebuch.html
2008.05.27 15:57 B E:\HTML-Programme\Bad Duerkheim\BD_19.05.2008\Gaestebuch\Gaestebuch.html --> www.Tangohaus.net /www.Tangohaus.net/Gaestebuch Gaestebuch.html
2008.05.27 15:58 B E:\HTML-Programme\Bad Duerkheim\BD_19.05.2008\Gaestebuch\Gaestebuch.html --> www.Tangohaus.net /www.Tangohaus.net/Gaestebuch Gaestebuch.html
2008.05.27 16:00 B E:\HTML-Programme\Bad Duerkheim\BD_19.05.2008\Gaestebuch\Gaestebuch.html --> www.Tangohaus.net /www.Tangohaus.net/Gaestebuch Gaestebuch.html
2008.05.27 16:01 B E:\HTML-Programme\Bad Duerkheim\BD_19.05.2008\Gaestebuch\Gaestebuch.html --> www.Tangohaus.net /www.Tangohaus.net/Gaestebuch Gaestebuch.html
2008.05.27 16:02 B E:\HTML-Programme\Bad Duerkheim\BD_19.05.2008\Gaestebuch\Gaestebuch.html --> www.Tangohaus.net /www.Tangohaus.net/Gaestebuch Gaestebuch.html
2008.05.27 16:02 B E:\HTML-Programme\Bad Duerkheim\BD_19.05.2008\Gaestebuch\Gaestebuch.html --> www.Tangohaus.net /www.Tangohaus.net/Gaestebuch Gaestebuch.html
2008.05.27 16:04 B E:\HTML-Programme\Bad Duerkheim\BD_19.05.2008\Gaestebuch\Gaestebuch.html --> www.Tangohaus.net /www.Tangohaus.net/Gaestebuch Gaestebuch.html
2008.05.27 16:05 B E:\HTML-Programme\Bad Duerkheim\BD_19.05.2008\Gaestebuch\Gaestebuch.html --> www.Tangohaus.net /www.Tangohaus.net/Gaestebuch Gaestebuch.html
2008.05.27 16:07 B E:\HTML-Programme\Bad Duerkheim\BD_19.05.2008\Gaestebuch\Gaestebuch.html --> www.Tangohaus.net /www.Tangohaus.net/Gaestebuch Gaestebuch.html
2008.05.27 16:08 B E:\HTML-Programme\Bad Duerkheim\BD_19.05.2008\Gaestebuch\Gaestebuch.html --> www.Tangohaus.net /www.Tangohaus.net/Gaestebuch Gaestebuch.html
2008.05.27 16:10 B E:\HTML-Programme\Bad Duerkheim\BD_19.05.2008\Gaestebuch\Gaestebuch.html --> www.Tangohaus.net /www.Tangohaus.net/Gaestebuch Gaestebuch.html
2008.05.27 16:10 B E:\HTML-Programme\Bad Duerkheim\BD_19.05.2008\Gaestebuch\Gaestebuch.html --> www.Tangohaus.net /www.Tangohaus.net/Gaestebuch Gaestebuch.html
2008.05.27 16:13 B E:\HTML-Programme\Bad Duerkheim\BD_19.05.2008\Gaestebuch\Gaestebuch.html --> www.Tangohaus.net /www.Tangohaus.net/Gaestebuch Gaestebuch.html
2008.05.31 22:04 B E:\HTML-Programme\Bad Duerkheim\BD_19.05.2008\Gaestebuch\Gaestebuch.html --> www.Tangohaus.net /www.Tangohaus.net/Gaestebuch Gaestebuch.html
2008.06.01 00:56 B E:\HTML-Programme\Bad Duerkheim\BD_19.05.2008\Gaestebuch\Gaestebuch.html --> www.Tangohaus.net /www.Tangohaus.net/Gaestebuch Gaestebuch.html
2008.06.01 00:59 B E:\HTML-Programme\Bad Duerkheim\BD_19.05.2008\Gaestebuch\Gaestebuch.html --> www.Tangohaus.net /www.Tangohaus.net/Gaestebuch Gaestebuch.html
2008.06.01 01:01 B E:\HTML-Programme\Bad Duerkheim\BD_19.05.2008\Gaestebuch\Gaestebuch.html --> www.Tangohaus.net /www.Tangohaus.net/Gaestebuch Gaestebuch.html
2008.06.01 01:03 B E:\HTML-Programme\Bad Duerkheim\BD_19.05.2008\Gaestebuch\Gaestebuch.html --> www.Tangohaus.net /www.Tangohaus.net/Gaestebuch Gaestebuch.html
2008.06.01 01:06 B E:\HTML-Programme\Bad Duerkheim\BD_19.05.2008\Gaestebuch\Gaestebuch.html --> www.Tangohaus.net /www.Tangohaus.net/Gaestebuch Gaestebuch.html
2008.06.01 01:27 B E:\HTML-Programme\Bad Duerkheim\BD_19.05.2008\Gaestebuch\Gaestebuch.html --> www.Tangohaus.net /www.Tangohaus.net/Gaestebuch Gaestebuch.html
2008.06.01 09:18 B E:\HTML-Programme\Bad Duerkheim\BD_19.05.2008\Gaestebuch\Gaestebuch.html --> www.Tangohaus.net /www.Tangohaus.net/Gaestebuch Gaestebuch.html
2008.06.01 09:21 B E:\HTML-Programme\Bad Duerkheim\BD_19.05.2008\Gaestebuch\Gaestebuch.html --> www.Tangohaus.net /www.Tangohaus.net/Gaestebuch Gaestebuch.html
2008.06.01 09:25 B E:\HTML-Programme\Bad Duerkheim\BD_19.05.2008\Gaestebuch\Gaestebuch.html --> www.Tangohaus.net /www.Tangohaus.net/Gaestebuch Gaestebuch.html
2008.06.01 09:25 B E:\HTML-Programme\Bad Duerkheim\BD_19.05.2008\Gaestebuch\Gaestebuch.html --> www.Tangohaus.net /www.Tangohaus.net/Gaestebuch Gaestebuch.html
2008.06.01 09:26 B E:\HTML-Programme\Bad Duerkheim\BD_19.05.2008\Gaestebuch\Gaestebuch.html --> www.Tangohaus.net /www.Tangohaus.net/Gaestebuch Gaestebuch.html
2008.06.01 09:27 B E:\HTML-Programme\Bad Duerkheim\BD_19.05.2008\Gaestebuch\Gaestebuch.html --> www.Tangohaus.net /www.Tangohaus.net/Gaestebuch Gaestebuch.html
2008.06.01 09:28 B E:\HTML-Programme\Bad Duerkheim\BD_19.05.2008\Gaestebuch\Gaestebuch.html --> www.Tangohaus.net /www.Tangohaus.net/Gaestebuch Gaestebuch.html
2008.06.01 09:30 B E:\HTML-Programme\Bad Duerkheim\BD_19.05.2008\Gaestebuch\Gaestebuch.html --> www.Tangohaus.net /www.Tangohaus.net/Gaestebuch Gaestebuch.html
2008.06.01 09:31 B E:\HTML-Programme\Bad Duerkheim\BD_19.05.2008\Gaestebuch\Gaestebuch.html --> www.Tangohaus.net /www.Tangohaus.net/Gaestebuch Gaestebuch.html
2008.06.01 09:32 B E:\HTML-Programme\Bad Duerkheim\BD_19.05.2008\Gaestebuch\Gaestebuch.html --> www.Tangohaus.net /www.Tangohaus.net/Gaestebuch Gaestebuch.html
2008.06.03 14:55 B E:\HTML-Programme\Bad Duerkheim\Homepage Bad Dürkheim\BD_03.06.2008\Gaestebuch\Gaestebuch.html --> www.Tangohaus.net /www.Tangohaus.net/Gaestebuch Gaestebuch.html
2008.06.03 14:57 B E:\HTML-Programme\Bad Duerkheim\Homepage Bad Dürkheim\BD_03.06.2008\Gaestebuch\Gaestebuch.html --> www.Tangohaus.net /www.Tangohaus.net/Gaestebuch Gaestebuch.html
2008.06.03 14:58 B E:\HTML-Programme\Bad Duerkheim\Homepage Bad Dürkheim\BD_03.06.2008\Gaestebuch\Gaestebuch.html --> www.Tangohaus.net /www.Tangohaus.net/Gaestebuch Gaestebuch.html
2008.06.03 14:58 B E:\HTML-Programme\Bad Duerkheim\Homepage Bad Dürkheim\BD_03.06.2008\Gaestebuch\Gaestebuch.html --> www.Tangohaus.net /www.Tangohaus.net/Gaestebuch Gaestebuch.html
2008.06.03 14:59 B E:\HTML-Programme\Bad Duerkheim\Homepage Bad Dürkheim\BD_03.06.2008\Gaestebuch\Gaestebuch.html --> www.Tangohaus.net /www.Tangohaus.net/Gaestebuch Gaestebuch.html
2008.06.03 14:59 B E:\HTML-Programme\Bad Duerkheim\Homepage Bad Dürkheim\BD_03.06.2008\Gaestebuch\Gaestebuch.html --> www.Tangohaus.net /www.Tangohaus.net/Gaestebuch Gaestebuch.html
2008.06.03 15:00 B E:\HTML-Programme\Bad Duerkheim\Homepage Bad Dürkheim\BD_03.06.2008\Gaestebuch\Gaestebuch.html --> www.Tangohaus.net /www.Tangohaus.net/Gaestebuch Gaestebuch.html
2008.06.03 15:01 B E:\HTML-Programme\Bad Duerkheim\Homepage Bad Dürkheim\BD_03.06.2008\Gaestebuch\Gaestebuch.html --> www.Tangohaus.net /www.Tangohaus.net/Gaestebuch Gaestebuch.html
2008.06.03 15:01 B E:\HTML-Programme\Bad Duerkheim\Homepage Bad Dürkheim\BD_03.06.2008\Gaestebuch\Gaestebuch.html --> www.Tangohaus.net /www.Tangohaus.net/Gaestebuch Gaestebuch.html
2008.06.04 18:08 B E:\HTML-Programme\Bad Duerkheim\Homepage Bad Dürkheim\BD_03.06.2008\Gaestebuch\Gaestebuch.html --> www.Tangohaus.net /www.Tangohaus.net/Gaestebuch Gaestebuch.html
2008.09.04 04:23 B E:\HTML-Programme\Bad Duerkheim\Homepage Bad Dürkheim\BD_03.06.2008\Gaestebuch\Gaestebuch.html --> www.Tangohaus.net /www.Tangohaus.net/Gaestebuch Gaestebuch.html
2014.09.21 00:42 B D:\HTML-Programme\Bad Duerkheim\Homepage Bad Dürkheim\BD_03.06.2008\Gaestebuch\Gaestebuch.html --> www.Tangohaus.net /Gaestebuch Gaestebuch.html
2014.09.21 00:42 B D:\HTML-Programme\Bad Duerkheim\Homepage Bad Dürkheim\BD_03.06.2008\Gaestebuch\smileys34.gif --> www.Tangohaus.net /Gaestebuch smileys34.gif
