2002.07.18 12:44 B C:\Andreas\HTML-Programme\Reit_3\Java\FotosScrollen.js --> Reitkunst.com /Java FotosScrollen.js
2002.07.18 12:44 B C:\Andreas\HTML-Programme\Reit_3\Java\LadezeitWebseite.js --> Reitkunst.com /Java LadezeitWebseite.js
2002.07.18 12:44 B C:\Andreas\HTML-Programme\Reit_3\Java\menueCurser.js --> Reitkunst.com /Java menueCurser.js
2002.07.18 12:44 B C:\Andreas\HTML-Programme\Reit_3\Java\pfeil.gif --> Reitkunst.com /Java pfeil.gif
2002.07.18 12:44 B C:\Andreas\HTML-Programme\Reit_3\Java\rechteMaustaste.js --> Reitkunst.com /Java rechteMaustaste.js
2002.07.18 12:44 B C:\Andreas\HTML-Programme\Reit_3\Java\Regenbogen.js --> Reitkunst.com /Java Regenbogen.js
2002.07.18 12:44 B C:\Andreas\HTML-Programme\Reit_3\Java\Reitercurser.js --> Reitkunst.com /Java Reitercurser.js
2002.07.18 12:44 B C:\Andreas\HTML-Programme\Reit_3\Java\Reitercurser_Rundgang.js --> Reitkunst.com /Java Reitercurser_Rundgang.js
2002.07.18 12:44 B C:\Andreas\HTML-Programme\Reit_3\Java\Rundgang_Bilderlauf.js --> Reitkunst.com /Java Rundgang_Bilderlauf.js
2002.07.18 12:44 B C:\Andreas\HTML-Programme\Reit_3\Java\SchriftCurser.js --> Reitkunst.com /Java SchriftCurser.js
2002.07.18 12:44 B C:\Andreas\HTML-Programme\Reit_3\Java\TextStartseite.js --> Reitkunst.com /Java TextStartseite.js
2002.07.18 12:44 B C:\Andreas\HTML-Programme\Reit_3\Java\vorhang.js --> Reitkunst.com /Java vorhang.js
2002.07.18 12:44 B C:\Andreas\HTML-Programme\Reit_3\Java\vorhang_rundgang.js --> Reitkunst.com /Java vorhang_rundgang.js
2002.07.18 16:58 B C:\Andreas\HTML-Programme\Reit_3\Java\TextStartseite.js --> Reitkunst.com /Java TextStartseite.js
2002.07.18 19:25 B C:\Andreas\HTML-Programme\Reit_3\Java\FotosScrollen.js --> Reitkunst.com /Java FotosScrollen.js
2002.07.18 21:50 B C:\Andreas\HTML-Programme\Reit_3\Java\TextStartseite.js --> Reitkunst.com /Java TextStartseite.js
2002.08.05 15:43 B C:\Dokumente und Einstellungen\Andreas\HTML-Programme\Reit_4_2\Java\browserabrage_1.js --> www.Reitkunst.com /Java browserabrage_1.js
2002.08.05 15:43 B C:\Dokumente und Einstellungen\Andreas\HTML-Programme\Reit_4_2\Java\browserabrage_2.js --> www.Reitkunst.com /Java browserabrage_2.js
2002.08.05 15:43 B C:\Dokumente und Einstellungen\Andreas\HTML-Programme\Reit_4_2\Java\FramesetVorladen_navi.js --> www.Reitkunst.com /Java FramesetVorladen_navi.js
2002.08.05 15:43 B C:\Dokumente und Einstellungen\Andreas\HTML-Programme\Reit_4_2\Java\FramesetVorladen_Platzhalter.js --> www.Reitkunst.com /Java FramesetVorladen_Platzhalter.js
2002.08.05 15:43 B C:\Dokumente und Einstellungen\Andreas\HTML-Programme\Reit_4_2\Java\FramesetVorladen_startseite_IE_4.js --> www.Reitkunst.com /Java FramesetVorladen_startseite_IE_4.js
2002.08.05 15:43 B C:\Dokumente und Einstellungen\Andreas\HTML-Programme\Reit_4_2\Java\FramesetVorladen_Startseite_NS_6.js --> www.Reitkunst.com /Java FramesetVorladen_Startseite_NS_6.js
2002.08.05 15:43 B C:\Dokumente und Einstellungen\Andreas\HTML-Programme\Reit_4_2\Java\Reitercurser.js --> www.Reitkunst.com /Java Reitercurser.js
2002.08.05 15:43 B C:\Dokumente und Einstellungen\Andreas\HTML-Programme\Reit_4_2\Java\vollbild.js --> www.Reitkunst.com /Java vollbild.js
2002.08.05 15:43 B C:\Dokumente und Einstellungen\Andreas\HTML-Programme\Reit_4_2\Java\vorhang.js --> www.Reitkunst.com /Java vorhang.js
2002.08.06 12:41 B C:\Dokumente und Einstellungen\Andreas\HTML-Programme\Reit_4_2\Java\browserabrage_1.js --> www.Reitkunst.com /Java browserabrage_1.js
2002.08.06 12:41 B C:\Dokumente und Einstellungen\Andreas\HTML-Programme\Reit_4_2\Java\browserabrage_2.js --> www.Reitkunst.com /Java browserabrage_2.js
2002.08.06 12:41 B C:\Dokumente und Einstellungen\Andreas\HTML-Programme\Reit_4_2\Java\browserabrage_Pferderassen_Unten.js --> www.Reitkunst.com /Java browserabrage_Pferderassen_Unten.js
2002.08.06 12:41 B C:\Dokumente und Einstellungen\Andreas\HTML-Programme\Reit_4_2\Java\browserabrage_Veranstalltung_unten.js --> www.Reitkunst.com /Java browserabrage_Veranstalltung_unten.js
2002.08.06 21:09 B C:\Dokumente und Einstellungen\Andreas\HTML-Programme\Reit_4_2\Java\browserabrage_Pferderassen_Unten.js --> www.Reitkunst.com /Java browserabrage_Pferderassen_Unten.js
2002.08.24 16:24 B C:\Dokumente und Einstellungen\Andreas\HTML-Programme\Tangoshow_Neu_1\Java\fenster.js --> www.Tangoshow.net /Java fenster.js
2002.08.25 13:47 B C:\Dokumente und Einstellungen\Andreas\HTML-Programme\Tangoshow_Neu_1\Java\vollbild.js --> www.Tangoshow.net /Java vollbild.js
2002.08.26 14:20 B C:\Dokumente und Einstellungen\Andreas\HTML-Programme\Tangoshow_Neu_1\Java\Email_Animation.js --> www.Tangoshow.net /Java Email_Animation.js
2002.08.29 14:24 B C:\Dokumente und Einstellungen\Andreas\HTML-Programme\Tangoshow_Neu_1\Java\Email_verstecken.js --> www.Tangoshow.net /Java Email_verstecken.js
2002.08.29 16:57 B C:\Dokumente und Einstellungen\Andreas\HTML-Programme\Tangoshow_Neu_1\Java\Email_verstecken.js --> www.Tangoshow.net /Java Email_verstecken.js
2002.08.29 17:00 B C:\Dokumente und Einstellungen\Andreas\HTML-Programme\Tangoshow_Neu_1\Java\Email_Animation.js --> www.Tangoshow.net /Java Email_Animation.js
2002.08.30 08:06 B C:\Dokumente und Einstellungen\Andreas\HTML-Programme\Tangoshow_Neu_1\Java\Email_Animation.js --> www.Tangoshow.net /Java Email_Animation.js
2002.08.30 18:04 B C:\Dokumente und Einstellungen\Andreas\HTML-Programme\Tangoshow_Neu_1\Java\Email_verstecken.js --> www.Tangoshow.net /Java Email_verstecken.js
2002.08.31 13:22 B C:\Dokumente und Einstellungen\Andreas\HTML-Programme\Tangoshow_Neu_1\Java\frameset_erzwingen.js --> www.Tangoshow.net /Java frameset_erzwingen.js
2002.10.02 11:24 B C:\Dokumente und Einstellungen\Andreas\HTML-Programme\Guy\Java\crossbrowser.js --> Tango-Metz.com /Java crossbrowser.js
2002.10.02 11:24 B C:\Dokumente und Einstellungen\Andreas\HTML-Programme\Guy\Java\Email_Animation.js --> Tango-Metz.com /Java Email_Animation.js
2002.10.02 11:24 B C:\Dokumente und Einstellungen\Andreas\HTML-Programme\Guy\Java\Email_verstecken.js --> Tango-Metz.com /Java Email_verstecken.js
2002.10.02 11:24 B C:\Dokumente und Einstellungen\Andreas\HTML-Programme\Guy\Java\fenster.js --> Tango-Metz.com /Java fenster.js
2002.10.02 11:24 B C:\Dokumente und Einstellungen\Andreas\HTML-Programme\Guy\Java\pfeil.gif --> Tango-Metz.com /Java pfeil.gif
2002.10.02 11:24 B C:\Dokumente und Einstellungen\Andreas\HTML-Programme\Guy\Java\vollbild.js --> Tango-Metz.com /Java vollbild.js
2002.10.27 14:28 B C:\Dokumente und Einstellungen\Andreas\HTML-Programme\Guy\Java\Email_verstecken_2.js --> Tango-Metz.com /Java Email_verstecken_2.js
2002.11.09 14:43 B C:\Dokumente und Einstellungen\Andreas\HTML-Programme\Guy\Java\Email_verstecken.js --> Tango-Metz.com /Java Email_verstecken.js
2002.11.09 14:43 B C:\Dokumente und Einstellungen\Andreas\HTML-Programme\Guy\Java\Email_Animation.js --> Tango-Metz.com /Java Email_Animation.js
2002.11.09 14:45 B C:\Dokumente und Einstellungen\Andreas\HTML-Programme\Guy\Java\Email_Animation.js --> Tango-Metz.com /Java Email_Animation.js
2004.03.08 17:37 B E:\HTML-Programme\Metz\Java\Email_verstecken.js --> Tango-Metz.com /Java Email_verstecken.js
2004.05.15 10:33 B E:\HTML-Programme\Metz\Java\Email_verstecken.js --> Tango-Metz.com /Java Email_verstecken.js
2004.06.11 15:12 B E:\HTML-Programme\Metz\Metz_2\Java\crossbrowser.js --> Tango-Metz.com /Java crossbrowser.js
2004.06.11 15:12 B E:\HTML-Programme\Metz\Metz_2\Java\Email_Animation.js --> Tango-Metz.com /Java Email_Animation.js
2004.06.11 15:12 B E:\HTML-Programme\Metz\Metz_2\Java\Email_verstecken.js --> Tango-Metz.com /Java Email_verstecken.js
2004.06.11 15:12 B E:\HTML-Programme\Metz\Metz_2\Java\fenster.js --> Tango-Metz.com /Java fenster.js
2004.06.11 15:12 B E:\HTML-Programme\Metz\Metz_2\Java\vollbild.js --> Tango-Metz.com /Java vollbild.js
2004.06.11 21:42 B E:\HTML-Programme\Metz\Metz_2\Java\vorhang.js --> Tango-Metz.com /Java vorhang.js
2004.06.11 21:46 B E:\HTML-Programme\Metz\Metz_2\Java\vorhang.js --> Tango-Metz.com /Java vorhang.js
2004.06.12 21:31 B E:\HTML-Programme\Metz\Metz_2\Java\Counter.js --> Tango-Metz.com /Java Counter.js
2004.06.12 21:31 B E:\HTML-Programme\Metz\Metz_2\Java\vorhang.js --> Tango-Metz.com /Java vorhang.js
2004.06.12 22:02 B E:\HTML-Programme\Metz\Metz_2\Java\PopUp.js --> Tango-Metz.com /Java PopUp.js
2004.06.12 22:03 B E:\HTML-Programme\Metz\Metz_2\Java\PopUp.js --> Tango-Metz.com /Java PopUp.js
2004.06.12 22:05 B E:\HTML-Programme\Metz\Metz_2\Java\PopUp.js --> Tango-Metz.com /Java PopUp.js
2004.06.12 22:06 B E:\HTML-Programme\Metz\Metz_2\Java\PopUp.js --> Tango-Metz.com /Java PopUp.js
2004.06.12 22:13 B E:\HTML-Programme\Metz\Metz_2\Java\PopUp.js --> Tango-Metz.com /Java PopUp.js
2004.06.12 22:13 B E:\HTML-Programme\Metz\Metz_2\Java\PopUp.js --> Tango-Metz.com /Java PopUp.js
2004.06.13 07:01 B E:\HTML-Programme\Metz\Metz_2\Java\ProgressBar.js --> Tango-Metz.com /Java ProgressBar.js
2004.06.13 07:01 B E:\HTML-Programme\Metz\Metz_2\Java\ProgressBar_HEAD.js --> Tango-Metz.com /Java ProgressBar_HEAD.js
2004.06.13 07:03 B E:\HTML-Programme\Metz\Metz_2\Java\PopUp.js --> Tango-Metz.com /Java PopUp.js
2004.06.14 04:03 B E:\HTML-Programme\Metz\Metz_2\Java\navi_Photos.js --> Tango-Metz.com /Java navi_Photos.js
2004.06.16 06:25 B E:\HTML-Programme\Metz\Metz_2\Java\fenster-Adresses.js --> Tango-Metz.com /Java fenster-Adresses.js
2004.09.17 15:31 B E:\HTML-Programme\Speyer\Speyer\Java\copyright.js --> Tango-Metz.com /www.tango-metz.com/Speyer/Java copyright.js
2004.09.17 15:47 B E:\HTML-Programme\Speyer\Speyer\Java\schließen.js --> Tango-Metz.com /www.tango-metz.com/Speyer/Java schließen.js
2004.09.17 15:51 B E:\HTML-Programme\Speyer\Speyer\Java\schliessen.js --> Tango-Metz.com /www.tango-metz.com/Speyer/Java schliessen.js
2004.09.28 00:05 B E:\HTML-Programme\Speyer\Speyer_0504\Java\Email_verstecken.js --> Tango-Metz.com /www.tango-metz.com/Speyer/Java Email_verstecken.js
2004.10.31 23:09 B E:\HTML-Programme\Speyer\Speyer_0504\Java\copyright.js --> www.Tango-Speyer.de /www.tango-speyer.de/Java copyright.js
2004.10.31 23:09 B E:\HTML-Programme\Speyer\Speyer_0504\Java\Email_verstecken.js --> www.Tango-Speyer.de /www.tango-speyer.de/Java Email_verstecken.js
2004.10.31 23:09 B E:\HTML-Programme\Speyer\Speyer_0504\Java\fenster-Adresses.js --> www.Tango-Speyer.de /www.tango-speyer.de/Java fenster-Adresses.js
2004.10.31 23:09 B E:\HTML-Programme\Speyer\Speyer_0504\Java\fenster-wetter.js --> www.Tango-Speyer.de /www.tango-speyer.de/Java fenster-wetter.js
2004.10.31 23:09 B E:\HTML-Programme\Speyer\Speyer_0504\Java\fenster.js --> www.Tango-Speyer.de /www.tango-speyer.de/Java fenster.js
2004.10.31 23:09 B E:\HTML-Programme\Speyer\Speyer_0504\Java\fenster_Panorama.js --> www.Tango-Speyer.de /www.tango-speyer.de/Java fenster_Panorama.js
2004.10.31 23:09 B E:\HTML-Programme\Speyer\Speyer_0504\Java\navi_Photos.js --> www.Tango-Speyer.de /www.tango-speyer.de/Java navi_Photos.js
2004.10.31 23:09 B E:\HTML-Programme\Speyer\Speyer_0504\Java\schliessen.js --> www.Tango-Speyer.de /www.tango-speyer.de/Java schliessen.js
2004.10.31 23:09 B E:\HTML-Programme\Speyer\Speyer_0504\Java\vollbild.js --> www.Tango-Speyer.de /www.tango-speyer.de/Java vollbild.js
2004.10.31 23:09 B E:\HTML-Programme\Speyer\Speyer_0504\Java\vorhang.js --> www.Tango-Speyer.de /www.tango-speyer.de/Java vorhang.js
2004.11.05 10:26 B E:\HTML-Programme_4.11.2004\Speyer\Speyer_0504\Java\rechteMausTaste.js --> www.tango-speyer.de /www.tango-speyer.de/Java rechteMausTaste.js
2004.11.05 10:27 B E:\HTML-Programme_4.11.2004\Speyer\Speyer_0504\Java\timePopUp.js --> www.tango-speyer.de /www.tango-speyer.de/Java timePopUp.js
2004.11.06 21:40 B E:\HTML-Programme_4.11.2004\Speyer\Speyer_0504\Java\rechteMausTaste.js <-- www.tango-speyer.de /www.tango-speyer.de/Java rechteMausTaste.js
2004.11.06 21:40 B E:\HTML-Programme_4.11.2004\Speyer\Speyer_0504\Java\timePopUp.js <-- www.tango-speyer.de /www.tango-speyer.de/Java timePopUp.js
2004.11.15 00:02 B E:\HTML-Programme_4.11.2004\Speyer\Speyer_10.11.2004\Java\frameset_erzwingen_content.js --> www.tango-speyer.de /www.tango-speyer.de/Java frameset_erzwingen_content.js
2004.11.15 00:02 B E:\HTML-Programme_4.11.2004\Speyer\Speyer_10.11.2004\Java\frameset_erzwingen_navi.js --> www.tango-speyer.de /www.tango-speyer.de/Java frameset_erzwingen_navi.js
2004.11.28 01:46 B E:\HTML-Programme_4.11.2004\Speyer\Speyer_1.12.2004\Java\copyright.js <-- www.tango-speyer.de /www.tango-speyer.de/Java copyright.js
2004.11.28 01:46 B E:\HTML-Programme_4.11.2004\Speyer\Speyer_1.12.2004\Java\Email_verstecken.js <-- www.tango-speyer.de /www.tango-speyer.de/Java Email_verstecken.js
2004.11.28 01:46 B E:\HTML-Programme_4.11.2004\Speyer\Speyer_1.12.2004\Java\fenster-Adresses.js <-- www.tango-speyer.de /www.tango-speyer.de/Java fenster-Adresses.js
2004.11.28 01:46 B E:\HTML-Programme_4.11.2004\Speyer\Speyer_1.12.2004\Java\fenster-wetter.js <-- www.tango-speyer.de /www.tango-speyer.de/Java fenster-wetter.js
2004.11.28 01:46 B E:\HTML-Programme_4.11.2004\Speyer\Speyer_1.12.2004\Java\fenster.js <-- www.tango-speyer.de /www.tango-speyer.de/Java fenster.js
2004.11.28 01:46 B E:\HTML-Programme_4.11.2004\Speyer\Speyer_1.12.2004\Java\fenster_Panorama.js <-- www.tango-speyer.de /www.tango-speyer.de/Java fenster_Panorama.js
2004.11.28 01:46 B E:\HTML-Programme_4.11.2004\Speyer\Speyer_1.12.2004\Java\frameset_erzwingen_content.js <-- www.tango-speyer.de /www.tango-speyer.de/Java frameset_erzwingen_content.js
2004.11.28 01:46 B E:\HTML-Programme_4.11.2004\Speyer\Speyer_1.12.2004\Java\frameset_erzwingen_navi.js <-- www.tango-speyer.de /www.tango-speyer.de/Java frameset_erzwingen_navi.js
2004.11.28 01:46 B E:\HTML-Programme_4.11.2004\Speyer\Speyer_1.12.2004\Java\navi_Photos.js <-- www.tango-speyer.de /www.tango-speyer.de/Java navi_Photos.js
2004.11.28 01:46 B E:\HTML-Programme_4.11.2004\Speyer\Speyer_1.12.2004\Java\rechteMausTaste.js <-- www.tango-speyer.de /www.tango-speyer.de/Java rechteMausTaste.js
2004.11.28 01:46 B E:\HTML-Programme_4.11.2004\Speyer\Speyer_1.12.2004\Java\schliessen.js <-- www.tango-speyer.de /www.tango-speyer.de/Java schliessen.js
2004.11.28 01:46 B E:\HTML-Programme_4.11.2004\Speyer\Speyer_1.12.2004\Java\timePopUp.js <-- www.tango-speyer.de /www.tango-speyer.de/Java timePopUp.js
2004.11.28 01:46 B E:\HTML-Programme_4.11.2004\Speyer\Speyer_1.12.2004\Java\vollbild.js <-- www.tango-speyer.de /www.tango-speyer.de/Java vollbild.js
2004.11.28 01:47 B E:\HTML-Programme_4.11.2004\Speyer\Speyer_1.12.2004\Java\vorhang.js <-- www.tango-speyer.de /www.tango-speyer.de/Java vorhang.js
2004.12.02 23:50 B E:\HTML-Programme\Speyer\Speyer_1.12.2004\Java\KontinentenFarbwechsel.js --> www.Tango-Speyer.de /www.tango-speyer.de/Java KontinentenFarbwechsel.js
2004.12.20 19:52 B E:\HTML-Programme\Speyer\Speyer_18.12.2004\Java\copyright.js --> www.Tango-Speyer.de /www.tango-speyer.de/Java copyright.js
2004.12.20 19:52 B E:\HTML-Programme\Speyer\Speyer_18.12.2004\Java\Email_verstecken.js --> www.Tango-Speyer.de /www.tango-speyer.de/Java Email_verstecken.js
2004.12.20 19:52 B E:\HTML-Programme\Speyer\Speyer_18.12.2004\Java\fenster-Adresses.js --> www.Tango-Speyer.de /www.tango-speyer.de/Java fenster-Adresses.js
2004.12.20 19:52 B E:\HTML-Programme\Speyer\Speyer_18.12.2004\Java\fenster-wetter.js --> www.Tango-Speyer.de /www.tango-speyer.de/Java fenster-wetter.js
2004.12.20 19:52 B E:\HTML-Programme\Speyer\Speyer_18.12.2004\Java\fenster.js --> www.Tango-Speyer.de /www.tango-speyer.de/Java fenster.js
2004.12.20 19:52 B E:\HTML-Programme\Speyer\Speyer_18.12.2004\Java\fenster_Panorama.js --> www.Tango-Speyer.de /www.tango-speyer.de/Java fenster_Panorama.js
2004.12.20 19:52 B E:\HTML-Programme\Speyer\Speyer_18.12.2004\Java\frameset_erzwingen_content.js --> www.Tango-Speyer.de /www.tango-speyer.de/Java frameset_erzwingen_content.js
2004.12.20 19:52 B E:\HTML-Programme\Speyer\Speyer_18.12.2004\Java\frameset_erzwingen_navi.js --> www.Tango-Speyer.de /www.tango-speyer.de/Java frameset_erzwingen_navi.js
2004.12.20 19:52 B E:\HTML-Programme\Speyer\Speyer_18.12.2004\Java\KontinentenFarbwechsel.js --> www.Tango-Speyer.de /www.tango-speyer.de/Java KontinentenFarbwechsel.js
2004.12.20 19:52 B E:\HTML-Programme\Speyer\Speyer_18.12.2004\Java\navi_Photos.js --> www.Tango-Speyer.de /www.tango-speyer.de/Java navi_Photos.js
2004.12.20 19:52 B E:\HTML-Programme\Speyer\Speyer_18.12.2004\Java\rechteMausTaste.js --> www.Tango-Speyer.de /www.tango-speyer.de/Java rechteMausTaste.js
2004.12.20 19:52 B E:\HTML-Programme\Speyer\Speyer_18.12.2004\Java\schliessen.js --> www.Tango-Speyer.de /www.tango-speyer.de/Java schliessen.js
2004.12.20 19:52 B E:\HTML-Programme\Speyer\Speyer_18.12.2004\Java\timePopUp.js --> www.Tango-Speyer.de /www.tango-speyer.de/Java timePopUp.js
2004.12.20 19:52 B E:\HTML-Programme\Speyer\Speyer_18.12.2004\Java\vollbild.js --> www.Tango-Speyer.de /www.tango-speyer.de/Java vollbild.js
2004.12.20 19:52 B E:\HTML-Programme\Speyer\Speyer_18.12.2004\Java\vorhang.js --> www.Tango-Speyer.de /www.tango-speyer.de/Java vorhang.js
2005.02.10 16:21 B E:\HTML-Programme\Speyer\Speyer_18.12.2004\Java\Email_verstecken.js --> www.Tango-Speyer.de /www.tango-speyer.de/Java Email_verstecken.js
2008.05.21 19:49 B E:\HTML-Programme\Bad Duerkheim\BD_19.05.2008\Java\copyright.js --> www.Tango-Speyer.de /www.tango-speyer.de/test/Java copyright.js
2008.05.21 19:49 B E:\HTML-Programme\Bad Duerkheim\BD_19.05.2008\Java\Email_verstecken.js --> www.Tango-Speyer.de /www.tango-speyer.de/test/Java Email_verstecken.js
2008.05.21 19:49 B E:\HTML-Programme\Bad Duerkheim\BD_19.05.2008\Java\fenster-Adresses.js --> www.Tango-Speyer.de /www.tango-speyer.de/test/Java fenster-Adresses.js
2008.05.21 19:49 B E:\HTML-Programme\Bad Duerkheim\BD_19.05.2008\Java\fenster-wetter.js --> www.Tango-Speyer.de /www.tango-speyer.de/test/Java fenster-wetter.js
2008.05.21 19:49 B E:\HTML-Programme\Bad Duerkheim\BD_19.05.2008\Java\fenster.js --> www.Tango-Speyer.de /www.tango-speyer.de/test/Java fenster.js
2008.05.21 19:49 B E:\HTML-Programme\Bad Duerkheim\BD_19.05.2008\Java\fenster_Panorama.js --> www.Tango-Speyer.de /www.tango-speyer.de/test/Java fenster_Panorama.js
2008.05.21 19:49 B E:\HTML-Programme\Bad Duerkheim\BD_19.05.2008\Java\frameset_erzwingen_content.js --> www.Tango-Speyer.de /www.tango-speyer.de/test/Java frameset_erzwingen_content.js
2008.05.21 19:49 B E:\HTML-Programme\Bad Duerkheim\BD_19.05.2008\Java\frameset_erzwingen_navi.js --> www.Tango-Speyer.de /www.tango-speyer.de/test/Java frameset_erzwingen_navi.js
2008.05.21 19:49 B E:\HTML-Programme\Bad Duerkheim\BD_19.05.2008\Java\KontinentenFarbwechsel.js --> www.Tango-Speyer.de /www.tango-speyer.de/test/Java KontinentenFarbwechsel.js
2008.05.21 19:49 B E:\HTML-Programme\Bad Duerkheim\BD_19.05.2008\Java\navi_Photos.js --> www.Tango-Speyer.de /www.tango-speyer.de/test/Java navi_Photos.js
2008.05.21 19:49 B E:\HTML-Programme\Bad Duerkheim\BD_19.05.2008\Java\rechteMausTaste.js --> www.Tango-Speyer.de /www.tango-speyer.de/test/Java rechteMausTaste.js
2008.05.21 19:49 B E:\HTML-Programme\Bad Duerkheim\BD_19.05.2008\Java\red.gif --> www.Tango-Speyer.de /www.tango-speyer.de/test/Java red.gif
2008.05.21 19:49 B E:\HTML-Programme\Bad Duerkheim\BD_19.05.2008\Java\schliessen.js --> www.Tango-Speyer.de /www.tango-speyer.de/test/Java schliessen.js
2008.05.21 19:49 B E:\HTML-Programme\Bad Duerkheim\BD_19.05.2008\Java\timePopUp.js --> www.Tango-Speyer.de /www.tango-speyer.de/test/Java timePopUp.js
2008.05.21 19:49 B E:\HTML-Programme\Bad Duerkheim\BD_19.05.2008\Java\vollbild.js --> www.Tango-Speyer.de /www.tango-speyer.de/test/Java vollbild.js
2008.05.21 19:49 B E:\HTML-Programme\Bad Duerkheim\BD_19.05.2008\Java\vorhang.js --> www.Tango-Speyer.de /www.tango-speyer.de/test/Java vorhang.js
2008.05.23 22:07 B E:\HTML-Programme\Bad Duerkheim\BD_19.05.2008\Java\copyright.js --> www.Tango-Speyer.de /www.tango-speyer.de/test/Java copyright.js
2008.05.23 22:07 B E:\HTML-Programme\Bad Duerkheim\BD_19.05.2008\Java\Email_verstecken.js --> www.Tango-Speyer.de /www.tango-speyer.de/test/Java Email_verstecken.js
2008.05.23 22:07 B E:\HTML-Programme\Bad Duerkheim\BD_19.05.2008\Java\fenster.js --> www.Tango-Speyer.de /www.tango-speyer.de/test/Java fenster.js
2008.05.23 22:07 B E:\HTML-Programme\Bad Duerkheim\BD_19.05.2008\Java\rechteMausTaste.js --> www.Tango-Speyer.de /www.tango-speyer.de/test/Java rechteMausTaste.js
2008.05.23 22:07 B E:\HTML-Programme\Bad Duerkheim\BD_19.05.2008\Java\red.gif --> www.Tango-Speyer.de /www.tango-speyer.de/test/Java red.gif
2008.05.23 22:07 B E:\HTML-Programme\Bad Duerkheim\BD_19.05.2008\Java\schliessen.js --> www.Tango-Speyer.de /www.tango-speyer.de/test/Java schliessen.js
2008.05.23 22:07 B E:\HTML-Programme\Bad Duerkheim\BD_19.05.2008\Java\timePopUp.js --> www.Tango-Speyer.de /www.tango-speyer.de/test/Java timePopUp.js
2008.05.23 22:07 B E:\HTML-Programme\Bad Duerkheim\BD_19.05.2008\Java\vollbild.js --> www.Tango-Speyer.de /www.tango-speyer.de/test/Java vollbild.js
2008.05.26 00:03 B E:\HTML-Programme\Bad Duerkheim\BD_19.05.2008\Java\Email_verstecken.js --> www.tangohaus.net /www.tangohaus.net/Java Email_verstecken.js
2008.05.26 00:03 B E:\HTML-Programme\Bad Duerkheim\BD_19.05.2008\Java\fenster.js --> www.tangohaus.net /www.tangohaus.net/Java fenster.js
2008.05.26 00:03 B E:\HTML-Programme\Bad Duerkheim\BD_19.05.2008\Java\rechteMausTaste.js --> www.tangohaus.net /www.tangohaus.net/Java rechteMausTaste.js
2008.05.26 00:03 B E:\HTML-Programme\Bad Duerkheim\BD_19.05.2008\Java\schliessen.js --> www.tangohaus.net /www.tangohaus.net/Java schliessen.js
2008.05.26 00:03 B E:\HTML-Programme\Bad Duerkheim\BD_19.05.2008\Java\vollbild.js --> www.tangohaus.net /www.tangohaus.net/Java vollbild.js
2008.05.26 07:09 B E:\HTML-Programme\Bad Duerkheim\BD_19.05.2008\Java\Email_verstecken.js --> www.Tangohaus.net /www.Tangohaus.net/Java Email_verstecken.js
2008.06.01 00:16 B E:\HTML-Programme\Bad Duerkheim\BD_19.05.2008\Java\rechteMausTaste.js --> www.Tangohaus.net /www.Tangohaus.net/Java rechteMausTaste.js
2008.06.01 00:17 B E:\HTML-Programme\Bad Duerkheim\BD_19.05.2008\Java\rechteMausTaste.js --> www.Tangohaus.net /www.Tangohaus.net/Java rechteMausTaste.js
2008.06.01 00:18 B E:\HTML-Programme\Bad Duerkheim\BD_19.05.2008\Java\rechteMausTaste.js --> www.Tangohaus.net /www.Tangohaus.net/Java rechteMausTaste.js
2008.06.01 00:18 B E:\HTML-Programme\Bad Duerkheim\BD_19.05.2008\Java\rechteMausTaste.js --> www.Tangohaus.net /www.Tangohaus.net/Java rechteMausTaste.js
2008.06.01 00:22 B E:\HTML-Programme\Bad Duerkheim\BD_19.05.2008\Java\rechteMausTaste.js --> www.Tangohaus.net /www.Tangohaus.net/Java rechteMausTaste.js
2008.06.01 00:23 B E:\HTML-Programme\Bad Duerkheim\BD_19.05.2008\Java\rechteMausTaste.js --> www.Tangohaus.net /www.Tangohaus.net/Java rechteMausTaste.js
2008.06.01 00:23 B E:\HTML-Programme\Bad Duerkheim\BD_19.05.2008\Java\rechteMausTaste.js --> www.Tangohaus.net /www.Tangohaus.net/Java rechteMausTaste.js
2008.06.01 00:23 B E:\HTML-Programme\Bad Duerkheim\BD_19.05.2008\Java\rechteMausTaste.js --> www.Tangohaus.net /www.Tangohaus.net/Java rechteMausTaste.js
2008.06.01 00:24 B E:\HTML-Programme\Bad Duerkheim\BD_19.05.2008\Java\rechteMausTaste.js --> www.Tangohaus.net /www.Tangohaus.net/Java rechteMausTaste.js
2014.09.21 00:39 B D:\HTML-Programme\Bad Duerkheim\Homepage Bad Dürkheim\BD_03.06.2008\Java\Email_verstecken.js --> www.Tangohaus.net /Java Email_verstecken.js
2014.09.21 00:39 B D:\HTML-Programme\Bad Duerkheim\Homepage Bad Dürkheim\BD_03.06.2008\Java\fenster.js --> www.Tangohaus.net /Java fenster.js
2014.09.21 00:39 B D:\HTML-Programme\Bad Duerkheim\Homepage Bad Dürkheim\BD_03.06.2008\Java\popupwindow.js.htm --> www.Tangohaus.net /Java popupwindow.js.htm
2014.09.21 00:39 B D:\HTML-Programme\Bad Duerkheim\Homepage Bad Dürkheim\BD_03.06.2008\Java\rechteMausTaste.js --> www.Tangohaus.net /Java rechteMausTaste.js
2014.09.21 00:39 B D:\HTML-Programme\Bad Duerkheim\Homepage Bad Dürkheim\BD_03.06.2008\Java\red.gif --> www.Tangohaus.net /Java red.gif
2014.09.21 00:39 B D:\HTML-Programme\Bad Duerkheim\Homepage Bad Dürkheim\BD_03.06.2008\Java\schliessen.js --> www.Tangohaus.net /Java schliessen.js
2014.09.21 00:39 B D:\HTML-Programme\Bad Duerkheim\Homepage Bad Dürkheim\BD_03.06.2008\Java\timePopUp.js --> www.Tangohaus.net /Java timePopUp.js
2014.09.21 00:39 B D:\HTML-Programme\Bad Duerkheim\Homepage Bad Dürkheim\BD_03.06.2008\Java\timePopUp_2.js --> www.Tangohaus.net /Java timePopUp_2.js
2014.09.21 00:39 B D:\HTML-Programme\Bad Duerkheim\Homepage Bad Dürkheim\BD_03.06.2008\Java\vollbild.js --> www.Tangohaus.net /Java vollbild.js
2014.09.21 22:42 B D:\HTML-Programme\Bad Duerkheim\Homepage Bad Dürkheim\BD_03.06.2008\Java\Email_verstecken_Eva.js --> www.Tangohaus.net /Java Email_verstecken_Eva.js
2015.09.07 17:15 B D:\HTML-Programme\Bad Duerkheim\Homepage Bad Dürkheim\BD_03.06.2008\Java\Email_verstecken.js --> www.Tangohaus.net /Mussbach/Java Email_verstecken.js
2015.09.07 17:15 B D:\HTML-Programme\Bad Duerkheim\Homepage Bad Dürkheim\BD_03.06.2008\Java\Email_verstecken_Eva.js --> www.Tangohaus.net /Mussbach/Java Email_verstecken_Eva.js
2015.09.07 17:15 B D:\HTML-Programme\Bad Duerkheim\Homepage Bad Dürkheim\BD_03.06.2008\Java\vollbild.js --> www.Tangohaus.net /Mussbach/Java vollbild.js
2015.09.07 17:15 B D:\HTML-Programme\Bad Duerkheim\Homepage Bad Dürkheim\BD_03.06.2008\Java\popupwindow.js.htm --> www.Tangohaus.net /Mussbach/Java popupwindow.js.htm
2015.09.07 17:16 B D:\HTML-Programme\Bad Duerkheim\Homepage Bad Dürkheim\BD_03.06.2008\Java\timePopUp.js --> www.Tangohaus.net /Mussbach/Java timePopUp.js
2015.09.07 17:16 B D:\HTML-Programme\Bad Duerkheim\Homepage Bad Dürkheim\BD_03.06.2008\Java\timePopUp_2.js --> www.Tangohaus.net /Mussbach/Java timePopUp_2.js
2015.09.07 17:16 B D:\HTML-Programme\Bad Duerkheim\Homepage Bad Dürkheim\BD_03.06.2008\Java\red.gif --> www.Tangohaus.net /Mussbach/Java red.gif
