2015.09.19 21:01 B C:\Users\Eva\Desktop\HTML\BD_03.06.2008\Mussbach_2\images\Symbole\bearbeitet\Adresse.png --> www.Tangohaus.net /Mussbach/images/Symbole/bearbeitet Adresse.png
2015.09.19 21:01 B C:\Users\Eva\Desktop\HTML\BD_03.06.2008\Mussbach_2\images\Symbole\bearbeitet\e_mail.jpg --> www.Tangohaus.net /Mussbach/images/Symbole/bearbeitet e_mail.jpg
2015.09.19 21:01 B C:\Users\Eva\Desktop\HTML\BD_03.06.2008\Mussbach_2\images\Symbole\bearbeitet\email_2.png --> www.Tangohaus.net /Mussbach/images/Symbole/bearbeitet email_2.png
2015.09.19 21:01 B C:\Users\Eva\Desktop\HTML\BD_03.06.2008\Mussbach_2\images\Symbole\bearbeitet\fb.jpg --> www.Tangohaus.net /Mussbach/images/Symbole/bearbeitet fb.jpg
2015.09.19 21:01 B C:\Users\Eva\Desktop\HTML\BD_03.06.2008\Mussbach_2\images\Symbole\bearbeitet\Homepage_symbol.jpg --> www.Tangohaus.net /Mussbach/images/Symbole/bearbeitet Homepage_symbol.jpg
2015.09.19 21:01 B C:\Users\Eva\Desktop\HTML\BD_03.06.2008\Mussbach_2\images\Symbole\bearbeitet\instagramm.JPG --> www.Tangohaus.net /Mussbach/images/Symbole/bearbeitet instagramm.JPG
2015.09.19 21:01 B C:\Users\Eva\Desktop\HTML\BD_03.06.2008\Mussbach_2\images\Symbole\bearbeitet\Telefon.jpg --> www.Tangohaus.net /Mussbach/images/Symbole/bearbeitet Telefon.jpg
2015.09.21 18:31 B D:\HTML-Programme\Bad Duerkheim\Homepage Bad Dürkheim\BD_03.06.2008\Mussbach_2\images\Symbole\bearbeitet\Adresse.png --> tango-neustadt.de /Neustadt/images/images/Symbole/bearbeitet Adresse.png
2015.09.21 18:31 B D:\HTML-Programme\Bad Duerkheim\Homepage Bad Dürkheim\BD_03.06.2008\Mussbach_2\images\Symbole\bearbeitet\e_mail.jpg --> tango-neustadt.de /Neustadt/images/images/Symbole/bearbeitet e_mail.jpg
2015.09.21 18:31 B D:\HTML-Programme\Bad Duerkheim\Homepage Bad Dürkheim\BD_03.06.2008\Mussbach_2\images\Symbole\bearbeitet\email_2.png --> tango-neustadt.de /Neustadt/images/images/Symbole/bearbeitet email_2.png
2015.09.21 18:31 B D:\HTML-Programme\Bad Duerkheim\Homepage Bad Dürkheim\BD_03.06.2008\Mussbach_2\images\Symbole\bearbeitet\fb.jpg --> tango-neustadt.de /Neustadt/images/images/Symbole/bearbeitet fb.jpg
2015.09.21 18:31 B D:\HTML-Programme\Bad Duerkheim\Homepage Bad Dürkheim\BD_03.06.2008\Mussbach_2\images\Symbole\bearbeitet\Homepage_symbol.jpg --> tango-neustadt.de /Neustadt/images/images/Symbole/bearbeitet Homepage_symbol.jpg
2015.09.21 18:31 B D:\HTML-Programme\Bad Duerkheim\Homepage Bad Dürkheim\BD_03.06.2008\Mussbach_2\images\Symbole\bearbeitet\impressum.jpg --> tango-neustadt.de /Neustadt/images/images/Symbole/bearbeitet impressum.jpg
2015.09.21 18:31 B D:\HTML-Programme\Bad Duerkheim\Homepage Bad Dürkheim\BD_03.06.2008\Mussbach_2\images\Symbole\bearbeitet\instagramm.JPG --> tango-neustadt.de /Neustadt/images/images/Symbole/bearbeitet instagramm.JPG
2015.09.21 18:31 B D:\HTML-Programme\Bad Duerkheim\Homepage Bad Dürkheim\BD_03.06.2008\Mussbach_2\images\Symbole\bearbeitet\Telefon.jpg --> tango-neustadt.de /Neustadt/images/images/Symbole/bearbeitet Telefon.jpg
2015.09.21 19:01 B D:\HTML-Programme\Bad Duerkheim\Homepage Bad Dürkheim\BD_03.06.2008\Mussbach_2\images\Symbole\bearbeitet\Adresse.png --> tango-neustadt.de /Neustadt/images/images/Symbole/bearbeitet Adresse.png
2015.09.21 19:01 B D:\HTML-Programme\Bad Duerkheim\Homepage Bad Dürkheim\BD_03.06.2008\Mussbach_2\images\Symbole\bearbeitet\e_mail.jpg --> tango-neustadt.de /Neustadt/images/images/Symbole/bearbeitet e_mail.jpg
2015.09.21 19:01 B D:\HTML-Programme\Bad Duerkheim\Homepage Bad Dürkheim\BD_03.06.2008\Mussbach_2\images\Symbole\bearbeitet\email_2.png --> tango-neustadt.de /Neustadt/images/images/Symbole/bearbeitet email_2.png
2015.09.21 19:01 B D:\HTML-Programme\Bad Duerkheim\Homepage Bad Dürkheim\BD_03.06.2008\Mussbach_2\images\Symbole\bearbeitet\fb.jpg --> tango-neustadt.de /Neustadt/images/images/Symbole/bearbeitet fb.jpg
2015.09.21 19:01 B D:\HTML-Programme\Bad Duerkheim\Homepage Bad Dürkheim\BD_03.06.2008\Mussbach_2\images\Symbole\bearbeitet\Homepage_symbol.jpg --> tango-neustadt.de /Neustadt/images/images/Symbole/bearbeitet Homepage_symbol.jpg
2015.09.21 19:01 B D:\HTML-Programme\Bad Duerkheim\Homepage Bad Dürkheim\BD_03.06.2008\Mussbach_2\images\Symbole\bearbeitet\impressum.jpg --> tango-neustadt.de /Neustadt/images/images/Symbole/bearbeitet impressum.jpg
2015.09.21 19:01 B D:\HTML-Programme\Bad Duerkheim\Homepage Bad Dürkheim\BD_03.06.2008\Mussbach_2\images\Symbole\bearbeitet\instagramm.JPG --> tango-neustadt.de /Neustadt/images/images/Symbole/bearbeitet instagramm.JPG
2015.09.21 19:01 B D:\HTML-Programme\Bad Duerkheim\Homepage Bad Dürkheim\BD_03.06.2008\Mussbach_2\images\Symbole\bearbeitet\Telefon.jpg --> tango-neustadt.de /Neustadt/images/images/Symbole/bearbeitet Telefon.jpg
2015.09.21 19:10 B D:\HTML-Programme\Bad Duerkheim\Homepage Bad Dürkheim\BD_03.06.2008\Mussbach_2\images\Symbole\bearbeitet\Adresse.png --> tango-neustadt.de /Neustadt/images/Symbole/bearbeitet Adresse.png
2015.09.21 19:10 B D:\HTML-Programme\Bad Duerkheim\Homepage Bad Dürkheim\BD_03.06.2008\Mussbach_2\images\Symbole\bearbeitet\e_mail.jpg --> tango-neustadt.de /Neustadt/images/Symbole/bearbeitet e_mail.jpg
2015.09.21 19:10 B D:\HTML-Programme\Bad Duerkheim\Homepage Bad Dürkheim\BD_03.06.2008\Mussbach_2\images\Symbole\bearbeitet\email_2.png --> tango-neustadt.de /Neustadt/images/Symbole/bearbeitet email_2.png
2015.09.21 19:10 B D:\HTML-Programme\Bad Duerkheim\Homepage Bad Dürkheim\BD_03.06.2008\Mussbach_2\images\Symbole\bearbeitet\fb.jpg --> tango-neustadt.de /Neustadt/images/Symbole/bearbeitet fb.jpg
2015.09.21 19:10 B D:\HTML-Programme\Bad Duerkheim\Homepage Bad Dürkheim\BD_03.06.2008\Mussbach_2\images\Symbole\bearbeitet\Homepage_symbol.jpg --> tango-neustadt.de /Neustadt/images/Symbole/bearbeitet Homepage_symbol.jpg
2015.09.21 19:10 B D:\HTML-Programme\Bad Duerkheim\Homepage Bad Dürkheim\BD_03.06.2008\Mussbach_2\images\Symbole\bearbeitet\impressum.jpg --> tango-neustadt.de /Neustadt/images/Symbole/bearbeitet impressum.jpg
2015.09.21 19:10 B D:\HTML-Programme\Bad Duerkheim\Homepage Bad Dürkheim\BD_03.06.2008\Mussbach_2\images\Symbole\bearbeitet\instagramm.JPG --> tango-neustadt.de /Neustadt/images/Symbole/bearbeitet instagramm.JPG
2015.09.21 19:10 B D:\HTML-Programme\Bad Duerkheim\Homepage Bad Dürkheim\BD_03.06.2008\Mussbach_2\images\Symbole\bearbeitet\Telefon.jpg --> tango-neustadt.de /Neustadt/images/Symbole/bearbeitet Telefon.jpg
2015.09.21 19:22 B D:\HTML-Programme\Bad Duerkheim\Homepage Bad Dürkheim\BD_03.06.2008\Mussbach_2\images\Symbole\bearbeitet\instagramm.png --> tango-neustadt.de /Neustadt/images/Symbole/bearbeitet instagramm.png
2015.09.24 09:16 B C:\Users\Eva\Desktop\HTML\BD_03.06.2008\Mussbach_2\images\Symbole\bearbeitet\Link.jpg --> www.Tangohaus.net /Neustadt/images/Symbole/bearbeitet Link.jpg
