2008.05.23 15:09 B E:\HTML-Programme\Bad Duerkheim\BD_19.05.2008\Fotos\Reihe4\7.gif --> www.Tango-Speyer.de /www.tango-speyer.de/test/Fotos/Reihe4 7.gif
2008.05.23 15:09 B E:\HTML-Programme\Bad Duerkheim\BD_19.05.2008\Fotos\Reihe4\7_gross.gif --> www.Tango-Speyer.de /www.tango-speyer.de/test/Fotos/Reihe4 7_gross.gif
2008.05.23 15:09 B E:\HTML-Programme\Bad Duerkheim\BD_19.05.2008\Fotos\Reihe4\8.gif --> www.Tango-Speyer.de /www.tango-speyer.de/test/Fotos/Reihe4 8.gif
2008.05.23 15:09 B E:\HTML-Programme\Bad Duerkheim\BD_19.05.2008\Fotos\Reihe4\8_gross.gif --> www.Tango-Speyer.de /www.tango-speyer.de/test/Fotos/Reihe4 8_gross.gif
2008.05.23 15:09 B E:\HTML-Programme\Bad Duerkheim\BD_19.05.2008\Fotos\Reihe4\X.jpg --> www.Tango-Speyer.de /www.tango-speyer.de/test/Fotos/Reihe4 X.jpg
2008.05.23 15:09 B E:\HTML-Programme\Bad Duerkheim\BD_19.05.2008\Fotos\Reihe4\X_gross.jpg --> www.Tango-Speyer.de /www.tango-speyer.de/test/Fotos/Reihe4 X_gross.jpg
2008.05.25 23:18 B E:\HTML-Programme\Bad Duerkheim\BD_19.05.2008\Fotos\Reihe4\7.gif --> www.tangohaus.net /www.tangohaus.net/Fotos/Reihe4 7.gif
2008.05.25 23:18 B E:\HTML-Programme\Bad Duerkheim\BD_19.05.2008\Fotos\Reihe4\7_gross.gif --> www.tangohaus.net /www.tangohaus.net/Fotos/Reihe4 7_gross.gif
2008.05.25 23:18 B E:\HTML-Programme\Bad Duerkheim\BD_19.05.2008\Fotos\Reihe4\8.gif --> www.tangohaus.net /www.tangohaus.net/Fotos/Reihe4 8.gif
2008.05.25 23:18 B E:\HTML-Programme\Bad Duerkheim\BD_19.05.2008\Fotos\Reihe4\8_gross.gif --> www.tangohaus.net /www.tangohaus.net/Fotos/Reihe4 8_gross.gif
2008.05.25 23:18 B E:\HTML-Programme\Bad Duerkheim\BD_19.05.2008\Fotos\Reihe4\X.jpg --> www.tangohaus.net /www.tangohaus.net/Fotos/Reihe4 X.jpg
2008.05.25 23:18 B E:\HTML-Programme\Bad Duerkheim\BD_19.05.2008\Fotos\Reihe4\X_gross.jpg --> www.tangohaus.net /www.tangohaus.net/Fotos/Reihe4 X_gross.jpg
2014.09.21 00:45 B D:\HTML-Programme\Bad Duerkheim\Homepage Bad Dürkheim\BD_03.06.2008\Fotos\Reihe4\7.gif --> www.Tangohaus.net /Fotos/Reihe4 7.gif
2014.09.21 00:45 B D:\HTML-Programme\Bad Duerkheim\Homepage Bad Dürkheim\BD_03.06.2008\Fotos\Reihe4\7_gross.gif --> www.Tangohaus.net /Fotos/Reihe4 7_gross.gif
2014.09.21 00:45 B D:\HTML-Programme\Bad Duerkheim\Homepage Bad Dürkheim\BD_03.06.2008\Fotos\Reihe4\8.gif --> www.Tangohaus.net /Fotos/Reihe4 8.gif
2014.09.21 00:45 B D:\HTML-Programme\Bad Duerkheim\Homepage Bad Dürkheim\BD_03.06.2008\Fotos\Reihe4\8_gross.gif --> www.Tangohaus.net /Fotos/Reihe4 8_gross.gif
2014.09.21 00:45 B D:\HTML-Programme\Bad Duerkheim\Homepage Bad Dürkheim\BD_03.06.2008\Fotos\Reihe4\Thumbs.db --> www.Tangohaus.net /Fotos/Reihe4 Thumbs.db
2014.09.21 00:45 B D:\HTML-Programme\Bad Duerkheim\Homepage Bad Dürkheim\BD_03.06.2008\Fotos\Reihe4\WS_FTP.LOG --> www.Tangohaus.net /Fotos/Reihe4 WS_FTP.LOG
2014.09.21 00:45 B D:\HTML-Programme\Bad Duerkheim\Homepage Bad Dürkheim\BD_03.06.2008\Fotos\Reihe4\X.jpg --> www.Tangohaus.net /Fotos/Reihe4 X.jpg
2014.09.21 00:45 B D:\HTML-Programme\Bad Duerkheim\Homepage Bad Dürkheim\BD_03.06.2008\Fotos\Reihe4\X_gross.jpg --> www.Tangohaus.net /Fotos/Reihe4 X_gross.jpg
