2006.11.02 20:04 B E:\HTML-Programme\Speyer\14.9.2006-Speyer\Links\Unterhaltung\Originelles\eye\jseyeblack.gif --> www.Tango-Speyer.de /www.tango-speyer.de/Links/Unterhaltung/Originelles/eye jseyeblack.gif
2006.11.02 20:04 B E:\HTML-Programme\Speyer\14.9.2006-Speyer\Links\Unterhaltung\Originelles\eye\jseyeblue.gif --> www.Tango-Speyer.de /www.tango-speyer.de/Links/Unterhaltung/Originelles/eye jseyeblue.gif
2006.11.02 20:04 B E:\HTML-Programme\Speyer\14.9.2006-Speyer\Links\Unterhaltung\Originelles\eye\jseyebrown.gif --> www.Tango-Speyer.de /www.tango-speyer.de/Links/Unterhaltung/Originelles/eye jseyebrown.gif
2006.11.02 20:04 B E:\HTML-Programme\Speyer\14.9.2006-Speyer\Links\Unterhaltung\Originelles\eye\jseyegreen.gif --> www.Tango-Speyer.de /www.tango-speyer.de/Links/Unterhaltung/Originelles/eye jseyegreen.gif
2006.11.02 20:04 B E:\HTML-Programme\Speyer\14.9.2006-Speyer\Links\Unterhaltung\Originelles\eye\jseyegrey.gif --> www.Tango-Speyer.de /www.tango-speyer.de/Links/Unterhaltung/Originelles/eye jseyegrey.gif
2006.11.02 20:04 B E:\HTML-Programme\Speyer\14.9.2006-Speyer\Links\Unterhaltung\Originelles\eye\jseyes.gif --> www.Tango-Speyer.de /www.tango-speyer.de/Links/Unterhaltung/Originelles/eye jseyes.gif
2006.11.02 20:04 B E:\HTML-Programme\Speyer\14.9.2006-Speyer\Links\Unterhaltung\Originelles\eye\jseyes.js --> www.Tango-Speyer.de /www.tango-speyer.de/Links/Unterhaltung/Originelles/eye jseyes.js
2006.11.03 08:22 B E:\HTML-Programme\Speyer\14.9.2006-Speyer\Links\Unterhaltung\eye\jseyeblack.gif --> www.Tango-Speyer.de /www.tango-speyer.de/Links/Unterhaltung/eye jseyeblack.gif
2006.11.03 08:22 B E:\HTML-Programme\Speyer\14.9.2006-Speyer\Links\Unterhaltung\eye\jseyeblue.gif --> www.Tango-Speyer.de /www.tango-speyer.de/Links/Unterhaltung/eye jseyeblue.gif
2006.11.03 08:22 B E:\HTML-Programme\Speyer\14.9.2006-Speyer\Links\Unterhaltung\eye\jseyebrown.gif --> www.Tango-Speyer.de /www.tango-speyer.de/Links/Unterhaltung/eye jseyebrown.gif
2006.11.03 08:23 B E:\HTML-Programme\Speyer\14.9.2006-Speyer\Links\Unterhaltung\eye\jseyegreen.gif --> www.Tango-Speyer.de /www.tango-speyer.de/Links/Unterhaltung/eye jseyegreen.gif
2006.11.03 08:23 B E:\HTML-Programme\Speyer\14.9.2006-Speyer\Links\Unterhaltung\eye\jseyegrey.gif --> www.Tango-Speyer.de /www.tango-speyer.de/Links/Unterhaltung/eye jseyegrey.gif
2006.11.03 08:23 B E:\HTML-Programme\Speyer\14.9.2006-Speyer\Links\Unterhaltung\eye\jseyes.gif --> www.Tango-Speyer.de /www.tango-speyer.de/Links/Unterhaltung/eye jseyes.gif
2006.11.03 08:23 B E:\HTML-Programme\Speyer\14.9.2006-Speyer\Links\Unterhaltung\eye\jseyes.js --> www.Tango-Speyer.de /www.tango-speyer.de/Links/Unterhaltung/eye jseyes.js
2008.06.06 15:34 B E:\HTML-Programme\Bad Duerkheim\Homepage Bad Dürkheim\BD_03.06.2008\eye\jseyered.gif --> www.Tangohaus.net /www.Tangohaus.net/eye jseyered.gif
2008.06.06 15:34 B E:\HTML-Programme\Bad Duerkheim\Homepage Bad Dürkheim\BD_03.06.2008\eye\jseyes.js --> www.Tangohaus.net /www.Tangohaus.net/eye jseyes.js
2008.06.06 15:34 B E:\HTML-Programme\Bad Duerkheim\Homepage Bad Dürkheim\BD_03.06.2008\eye\jseyegrey.gif --> www.Tangohaus.net /www.Tangohaus.net/eye jseyegrey.gif
2008.06.06 15:35 B E:\HTML-Programme\Bad Duerkheim\Homepage Bad Dürkheim\BD_03.06.2008\eye\jseyeblack.gif --> www.Tangohaus.net /www.Tangohaus.net/eye jseyeblack.gif
2008.06.06 15:35 B E:\HTML-Programme\Bad Duerkheim\Homepage Bad Dürkheim\BD_03.06.2008\eye\jseyebrown.gif --> www.Tangohaus.net /www.Tangohaus.net/eye jseyebrown.gif
2008.06.06 15:35 B E:\HTML-Programme\Bad Duerkheim\Homepage Bad Dürkheim\BD_03.06.2008\eye\jseyeblue.gif --> www.Tangohaus.net /www.Tangohaus.net/eye jseyeblue.gif
2008.06.06 15:35 B E:\HTML-Programme\Bad Duerkheim\Homepage Bad Dürkheim\BD_03.06.2008\eye\jseyegreen.gif --> www.Tangohaus.net /www.Tangohaus.net/eye jseyegreen.gif
2008.06.06 15:35 B E:\HTML-Programme\Bad Duerkheim\Homepage Bad Dürkheim\BD_03.06.2008\eye\jseyes.gif --> www.Tangohaus.net /www.Tangohaus.net/eye jseyes.gif
2014.09.21 00:50 B D:\HTML-Programme\Bad Duerkheim\Homepage Bad Dürkheim\BD_03.06.2008\eye\jseyeblack.gif --> www.Tangohaus.net /eye jseyeblack.gif
2014.09.21 00:50 B D:\HTML-Programme\Bad Duerkheim\Homepage Bad Dürkheim\BD_03.06.2008\eye\jseyeblue.gif --> www.Tangohaus.net /eye jseyeblue.gif
2014.09.21 00:50 B D:\HTML-Programme\Bad Duerkheim\Homepage Bad Dürkheim\BD_03.06.2008\eye\jseyebrown.gif --> www.Tangohaus.net /eye jseyebrown.gif
2014.09.21 00:50 B D:\HTML-Programme\Bad Duerkheim\Homepage Bad Dürkheim\BD_03.06.2008\eye\jseyegreen.gif --> www.Tangohaus.net /eye jseyegreen.gif
2014.09.21 00:50 B D:\HTML-Programme\Bad Duerkheim\Homepage Bad Dürkheim\BD_03.06.2008\eye\jseyegrey.gif --> www.Tangohaus.net /eye jseyegrey.gif
2014.09.21 00:50 B D:\HTML-Programme\Bad Duerkheim\Homepage Bad Dürkheim\BD_03.06.2008\eye\jseyered.gif --> www.Tangohaus.net /eye jseyered.gif
2014.09.21 00:50 B D:\HTML-Programme\Bad Duerkheim\Homepage Bad Dürkheim\BD_03.06.2008\eye\jseyes.gif --> www.Tangohaus.net /eye jseyes.gif
2014.09.21 00:50 B D:\HTML-Programme\Bad Duerkheim\Homepage Bad Dürkheim\BD_03.06.2008\eye\jseyes.js --> www.Tangohaus.net /eye jseyes.js
2014.09.21 00:50 B D:\HTML-Programme\Bad Duerkheim\Homepage Bad Dürkheim\BD_03.06.2008\eye\Thumbs.db --> www.Tangohaus.net /eye Thumbs.db
2014.09.21 00:50 B D:\HTML-Programme\Bad Duerkheim\Homepage Bad Dürkheim\BD_03.06.2008\eye\WS_FTP.LOG --> www.Tangohaus.net /eye WS_FTP.LOG
