2008.05.26 00:11 B E:\HTML-Programme\Bad Duerkheim\BD_19.05.2008\Video\Lehrvideo\2002\Microsoft_wmv\April_02.wmv --> www.tangohaus.net /www.tangohaus.net/Video/Lehrvideo/2002/Microsoft_wmv April_02.wmv
2008.05.26 00:11 B E:\HTML-Programme\Bad Duerkheim\BD_19.05.2008\Video\Lehrvideo\2002\Microsoft_wmv\August_02.wmv --> www.tangohaus.net /www.tangohaus.net/Video/Lehrvideo/2002/Microsoft_wmv August_02.wmv
2008.05.26 00:11 B E:\HTML-Programme\Bad Duerkheim\BD_19.05.2008\Video\Lehrvideo\2002\Microsoft_wmv\Juli_02.wmv --> www.tangohaus.net /www.tangohaus.net/Video/Lehrvideo/2002/Microsoft_wmv Juli_02.wmv
2008.05.26 00:11 B E:\HTML-Programme\Bad Duerkheim\BD_19.05.2008\Video\Lehrvideo\2002\Microsoft_wmv\Juni_02.wmv --> www.tangohaus.net /www.tangohaus.net/Video/Lehrvideo/2002/Microsoft_wmv Juni_02.wmv
2008.05.26 00:11 B E:\HTML-Programme\Bad Duerkheim\BD_19.05.2008\Video\Lehrvideo\2002\Microsoft_wmv\Mai_02.wmv --> www.tangohaus.net /www.tangohaus.net/Video/Lehrvideo/2002/Microsoft_wmv Mai_02.wmv
2008.05.26 00:11 B E:\HTML-Programme\Bad Duerkheim\BD_19.05.2008\Video\Lehrvideo\2002\Microsoft_wmv\Oktober_02.wmv --> www.tangohaus.net /www.tangohaus.net/Video/Lehrvideo/2002/Microsoft_wmv Oktober_02.wmv
2008.05.26 00:11 B E:\HTML-Programme\Bad Duerkheim\BD_19.05.2008\Video\Lehrvideo\2002\Microsoft_wmv\September_02.wmv --> www.tangohaus.net /www.tangohaus.net/Video/Lehrvideo/2002/Microsoft_wmv September_02.wmv
2008.05.26 00:11 B E:\HTML-Programme\Bad Duerkheim\BD_19.05.2008\Video\Lehrvideo\2002\Microsoft_wmv\Tangotrickfilm2.wmv --> www.tangohaus.net /www.tangohaus.net/Video/Lehrvideo/2002/Microsoft_wmv Tangotrickfilm2.wmv
2014.09.21 00:30 B D:\HTML-Programme\Bad Duerkheim\Homepage Bad Dürkheim\BD_03.06.2008\Video\Lehrvideo\2002\Microsoft_wmv\April_02.wmv --> www.Tangohaus.net /Video/Lehrvideo/2002/Microsoft_wmv April_02.wmv
2014.09.21 00:30 B D:\HTML-Programme\Bad Duerkheim\Homepage Bad Dürkheim\BD_03.06.2008\Video\Lehrvideo\2002\Microsoft_wmv\August_02.wmv --> www.Tangohaus.net /Video/Lehrvideo/2002/Microsoft_wmv August_02.wmv
2014.09.21 00:30 B D:\HTML-Programme\Bad Duerkheim\Homepage Bad Dürkheim\BD_03.06.2008\Video\Lehrvideo\2002\Microsoft_wmv\black60.png --> www.Tangohaus.net /Video/Lehrvideo/2002/Microsoft_wmv black60.png
2014.09.21 00:30 B D:\HTML-Programme\Bad Duerkheim\Homepage Bad Dürkheim\BD_03.06.2008\Video\Lehrvideo\2002\Microsoft_wmv\Juli_02.wmv --> www.Tangohaus.net /Video/Lehrvideo/2002/Microsoft_wmv Juli_02.wmv
2014.09.21 00:30 B D:\HTML-Programme\Bad Duerkheim\Homepage Bad Dürkheim\BD_03.06.2008\Video\Lehrvideo\2002\Microsoft_wmv\Juni_02.wmv --> www.Tangohaus.net /Video/Lehrvideo/2002/Microsoft_wmv Juni_02.wmv
2014.09.21 00:30 B D:\HTML-Programme\Bad Duerkheim\Homepage Bad Dürkheim\BD_03.06.2008\Video\Lehrvideo\2002\Microsoft_wmv\Mai_02.wmv --> www.Tangohaus.net /Video/Lehrvideo/2002/Microsoft_wmv Mai_02.wmv
2014.09.21 00:30 B D:\HTML-Programme\Bad Duerkheim\Homepage Bad Dürkheim\BD_03.06.2008\Video\Lehrvideo\2002\Microsoft_wmv\Oktober_02.wmv --> www.Tangohaus.net /Video/Lehrvideo/2002/Microsoft_wmv Oktober_02.wmv
2014.09.21 00:30 B D:\HTML-Programme\Bad Duerkheim\Homepage Bad Dürkheim\BD_03.06.2008\Video\Lehrvideo\2002\Microsoft_wmv\pfeil.gif --> www.Tangohaus.net /Video/Lehrvideo/2002/Microsoft_wmv pfeil.gif
2014.09.21 00:30 B D:\HTML-Programme\Bad Duerkheim\Homepage Bad Dürkheim\BD_03.06.2008\Video\Lehrvideo\2002\Microsoft_wmv\September_02.wmv --> www.Tangohaus.net /Video/Lehrvideo/2002/Microsoft_wmv September_02.wmv
2014.09.21 00:30 B D:\HTML-Programme\Bad Duerkheim\Homepage Bad Dürkheim\BD_03.06.2008\Video\Lehrvideo\2002\Microsoft_wmv\Tangotrickfilm2.wmv --> www.Tangohaus.net /Video/Lehrvideo/2002/Microsoft_wmv Tangotrickfilm2.wmv
2014.09.21 00:30 B D:\HTML-Programme\Bad Duerkheim\Homepage Bad Dürkheim\BD_03.06.2008\Video\Lehrvideo\2002\Microsoft_wmv\Thumbs.db --> www.Tangohaus.net /Video/Lehrvideo/2002/Microsoft_wmv Thumbs.db
2014.09.21 00:30 B D:\HTML-Programme\Bad Duerkheim\Homepage Bad Dürkheim\BD_03.06.2008\Video\Lehrvideo\2002\Microsoft_wmv\WS_FTP.LOG --> www.Tangohaus.net /Video/Lehrvideo/2002/Microsoft_wmv WS_FTP.LOG
