2015.09.21 18:45 B D:\HTML-Programme\Bad Duerkheim\Homepage Bad Dürkheim\BD_03.06.2008\Mussbach_2\images\bgmain.jpg --> tango-neustadt.de /Neustadt/images/images bgmain.jpg
2015.09.21 18:45 B D:\HTML-Programme\Bad Duerkheim\Homepage Bad Dürkheim\BD_03.06.2008\Mussbach_2\images\black.gif --> tango-neustadt.de /Neustadt/images/images black.gif
2015.09.21 18:45 B D:\HTML-Programme\Bad Duerkheim\Homepage Bad Dürkheim\BD_03.06.2008\Mussbach_2\images\black30.png --> tango-neustadt.de /Neustadt/images/images black30.png
2015.09.21 18:45 B D:\HTML-Programme\Bad Duerkheim\Homepage Bad Dürkheim\BD_03.06.2008\Mussbach_2\images\black60.png --> tango-neustadt.de /Neustadt/images/images black60.png
2015.09.21 18:45 B D:\HTML-Programme\Bad Duerkheim\Homepage Bad Dürkheim\BD_03.06.2008\Mussbach_2\images\fuss.jpg --> tango-neustadt.de /Neustadt/images/images fuss.jpg
2015.09.21 18:45 B D:\HTML-Programme\Bad Duerkheim\Homepage Bad Dürkheim\BD_03.06.2008\Mussbach_2\images\fuss2.gif --> tango-neustadt.de /Neustadt/images/images fuss2.gif
2015.09.21 18:45 B D:\HTML-Programme\Bad Duerkheim\Homepage Bad Dürkheim\BD_03.06.2008\Mussbach_2\images\Titel.png --> tango-neustadt.de /Neustadt/images/images Titel.png
2015.09.21 18:45 B D:\HTML-Programme\Bad Duerkheim\Homepage Bad Dürkheim\BD_03.06.2008\Mussbach_2\images\Vera_Starseite_mit_Schumann.jpg --> tango-neustadt.de /Neustadt/images/images Vera_Starseite_mit_Schumann.jpg
2015.09.21 19:00 B D:\HTML-Programme\Bad Duerkheim\Homepage Bad Dürkheim\BD_03.06.2008\Mussbach_2\images\bgmain.jpg --> tango-neustadt.de /Neustadt/images/images bgmain.jpg
2015.09.21 19:00 B D:\HTML-Programme\Bad Duerkheim\Homepage Bad Dürkheim\BD_03.06.2008\Mussbach_2\images\black.gif --> tango-neustadt.de /Neustadt/images/images black.gif
2015.09.21 19:00 B D:\HTML-Programme\Bad Duerkheim\Homepage Bad Dürkheim\BD_03.06.2008\Mussbach_2\images\black30.png --> tango-neustadt.de /Neustadt/images/images black30.png
2015.09.21 19:00 B D:\HTML-Programme\Bad Duerkheim\Homepage Bad Dürkheim\BD_03.06.2008\Mussbach_2\images\black60.png --> tango-neustadt.de /Neustadt/images/images black60.png
2015.09.21 19:00 B D:\HTML-Programme\Bad Duerkheim\Homepage Bad Dürkheim\BD_03.06.2008\Mussbach_2\images\fuss.jpg --> tango-neustadt.de /Neustadt/images/images fuss.jpg
2015.09.21 19:00 B D:\HTML-Programme\Bad Duerkheim\Homepage Bad Dürkheim\BD_03.06.2008\Mussbach_2\images\fuss2.gif --> tango-neustadt.de /Neustadt/images/images fuss2.gif
2015.09.21 19:00 B D:\HTML-Programme\Bad Duerkheim\Homepage Bad Dürkheim\BD_03.06.2008\Mussbach_2\images\Titel.png --> tango-neustadt.de /Neustadt/images/images Titel.png
2015.09.21 19:00 B D:\HTML-Programme\Bad Duerkheim\Homepage Bad Dürkheim\BD_03.06.2008\Mussbach_2\images\Vera_Starseite_mit_Schumann.jpg --> tango-neustadt.de /Neustadt/images/images Vera_Starseite_mit_Schumann.jpg
2015.09.21 19:09 B D:\HTML-Programme\Bad Duerkheim\Homepage Bad Dürkheim\BD_03.06.2008\Mussbach_2\images\bgmain.jpg --> tango-neustadt.de /Neustadt/images bgmain.jpg
2015.09.21 19:09 B D:\HTML-Programme\Bad Duerkheim\Homepage Bad Dürkheim\BD_03.06.2008\Mussbach_2\images\black.gif --> tango-neustadt.de /Neustadt/images black.gif
2015.09.21 19:09 B D:\HTML-Programme\Bad Duerkheim\Homepage Bad Dürkheim\BD_03.06.2008\Mussbach_2\images\black30.png --> tango-neustadt.de /Neustadt/images black30.png
2015.09.21 19:09 B D:\HTML-Programme\Bad Duerkheim\Homepage Bad Dürkheim\BD_03.06.2008\Mussbach_2\images\black60.png --> tango-neustadt.de /Neustadt/images black60.png
2015.09.21 19:09 B D:\HTML-Programme\Bad Duerkheim\Homepage Bad Dürkheim\BD_03.06.2008\Mussbach_2\images\fuss.jpg --> tango-neustadt.de /Neustadt/images fuss.jpg
2015.09.21 19:09 B D:\HTML-Programme\Bad Duerkheim\Homepage Bad Dürkheim\BD_03.06.2008\Mussbach_2\images\fuss2.gif --> tango-neustadt.de /Neustadt/images fuss2.gif
2015.09.21 19:09 B D:\HTML-Programme\Bad Duerkheim\Homepage Bad Dürkheim\BD_03.06.2008\Mussbach_2\images\Titel.png --> tango-neustadt.de /Neustadt/images Titel.png
2015.09.21 19:09 B D:\HTML-Programme\Bad Duerkheim\Homepage Bad Dürkheim\BD_03.06.2008\Mussbach_2\images\Vera_Starseite_mit_Schumann.jpg --> tango-neustadt.de /Neustadt/images Vera_Starseite_mit_Schumann.jpg
2015.09.23 18:16 B D:\HTML\Homepages\BD_03.06.2008\Mussbach_2\images\Impressum.jpg --> www.Tangohaus.net /Neustadt/images Impressum.jpg
2015.09.23 18:28 B D:\HTML\Homepages\BD_03.06.2008\Mussbach_2\images\Kontakt.jpg --> www.Tangohaus.net /Neustadt/images Kontakt.jpg
